> Task :compileJava
> Task :processResources NO-SOURCE
> Task :classes

> Task :run
Soundex Based Protocol running...
Retrieving records from the databases...
Adding records to parties...
Encoding party records with soundex...
Generating noise data...
Truncate data...
Generating hashes...
Soundex based protocol...
==================================================
Runtime: 60
Precision: 0.31018403
Recall: 0.298
F1: 0.30396998
Protocol finished successfully
==================================================
Time taken: 1448ms


BUILD SUCCESSFUL in 1s
2 actionable tasks: 2 executed
