> Task :compileJava
> Task :processResources NO-SOURCE
> Task :classes

> Task :run
Metric Space Protocol running...
Retrieving records from the databases...
Adding records to parties...
Encoding party records...
Metric space protocol...
Matrix size: 28026X28026
Matrix size: 28449X28449
==================================================
Runtime: 14068002
Precision: 0.98296523
Recall: 0.94172
F1: 0.96190065
Protocol finished successfully
==================================================
Time taken: 14106647ms


BUILD SUCCESSFUL in 3h 55m 7s
2 actionable tasks: 2 executed
