> Task :compileJava UP-TO-DATE
> Task :processResources NO-SOURCE
> Task :classes UP-TO-DATE

> Task :run
Metric Space Protocol running...
Retrieving records from the databases...
Adding records to parties...
Encoding party records...
Metric space protocol...
Matrix size: 28026X28026
Matrix size: 28449X28449
==================================================
Runtime: 14349505
Precision: 0.98296523
Recall: 0.94172
F1: 0.96190065
Protocol finished successfully
==================================================
Time taken: 14388621ms


BUILD SUCCESSFUL in 3h 59m 49s
2 actionable tasks: 1 executed, 1 up-to-date
