> Task :compileJava
> Task :processResources NO-SOURCE
> Task :classes

> Task :run
Soundex Based Protocol running...
Retrieving records from the databases...
Adding records to parties...
Encoding party records with soundex...
Generating noise data...
Truncate data...
Generating hashes...
Soundex based protocol...
==================================================
Runtime: 82
Precision: 0.99602735
Recall: 0.36104
F1: 0.52997476
Protocol finished successfully
==================================================
Time taken: 4113ms


BUILD SUCCESSFUL in 4s
2 actionable tasks: 2 executed
