> Task :compileJava UP-TO-DATE
> Task :processResources NO-SOURCE
> Task :classes UP-TO-DATE

> Task :run
Soundex Based Protocol running...
Retrieving records from the databases...
Adding records to parties...
Encoding party records with soundex...
Generating noise data...
Truncate data...
Generating hashes...
Soundex based protocol...
==================================================
Runtime: 85
Precision: 0.9960278
Recall: 0.36108
F1: 0.5300179
Protocol finished successfully
==================================================
Time taken: 4042ms


BUILD SUCCESSFUL in 4s
2 actionable tasks: 1 executed, 1 up-to-date
