> Task :compileJava
> Task :processResources NO-SOURCE
> Task :classes

> Task :run
Soundex Based Protocol running...
Retrieving records from the databases...
Adding records to parties...
Encoding party records with soundex...
Generating noise data...
Truncate data...
Generating hashes...
Soundex based protocol...
==================================================
Runtime: 129
Precision: 0.99658924
Recall: 0.73632
F1: 0.8469095
Protocol finished successfully
==================================================
Time taken: 4817ms


BUILD SUCCESSFUL in 5s
2 actionable tasks: 2 executed
