> Task :compileJava UP-TO-DATE
> Task :processResources NO-SOURCE
> Task :classes UP-TO-DATE

> Task :run
Metric Space Protocol running...
Retrieving records from the databases...
Adding records to parties...
Encoding party records...
Grouping party records...
Metric space protocol...
Matrix size: 476X476
Matrix size: 462X462
Matrix size: 127X127
Matrix size: 124X124
Matrix size: 46X46
Matrix size: 46X46
Matrix size: 3082X3082
Matrix size: 3029X3029
Matrix size: 410X410
Matrix size: 385X385
Matrix size: 670X670
Matrix size: 662X662
Matrix size: 3727X3727
Matrix size: 3662X3662
Matrix size: 240X240
Matrix size: 238X238
Matrix size: 531X531
Matrix size: 511X511
Matrix size: 1408X1408
Matrix size: 1370X1370
Matrix size: 802X802
Matrix size: 786X786
Matrix size: 1586X1586
Matrix size: 1553X1553
Matrix size: 638X638
Matrix size: 604X604
Matrix size: 850X850
Matrix size: 833X833
Matrix size: 1X1
Matrix size: 1X1
Matrix size: 389X389
Matrix size: 377X377
Matrix size: 1X1
Matrix size: 1X1
Matrix size: 2473X2473
Matrix size: 2430X2430
Matrix size: 305X305
Matrix size: 300X300
Matrix size: 1X1
Matrix size: 1X1
Matrix size: 1059X1059
Matrix size: 1029X1029
Matrix size: 747X747
Matrix size: 728X728
Matrix size: 840X840
Matrix size: 832X832
Matrix size: 1X1
Matrix size: 1X1
Matrix size: 90X90
Matrix size: 86X86
Matrix size: 1X1
Matrix size: 1X1
Matrix size: 804X804
Matrix size: 786X786
Matrix size: 1X1
Matrix size: 1X1
Matrix size: 1031X1031
Matrix size: 1010X1010
Matrix size: 602X602
Matrix size: 581X581
Matrix size: 959X959
Matrix size: 944X944
Matrix size: 1089X1089
Matrix size: 1065X1065
==================================================
Runtime: 644985
Precision: 0.99850345
Recall: 0.96076
F1: 0.97926813
Protocol finished successfully
==================================================
Time taken: 839718ms


BUILD SUCCESSFUL in 14m
2 actionable tasks: 1 executed, 1 up-to-date
