Starting a Gradle Daemon, 3 busy Daemons could not be reused, use --status for details
> Task :compileJava UP-TO-DATE
> Task :processResources NO-SOURCE
> Task :classes UP-TO-DATE

> Task :run
Metric Space Protocol running...
Retrieving records from the databases...
Adding records to parties...
Encoding party records...
Metric space protocol...
Matrix size: 23708X23708
Matrix size: 21817X21817
==================================================
Runtime: 4471733
Precision: 0.9982994
Recall: 0.82184
F1: 0.90151596
Protocol finished successfully
==================================================
Time taken: 4495763ms


BUILD SUCCESSFUL in 1h 14m 58s
2 actionable tasks: 1 executed, 1 up-to-date
