> Task :compileJava
> Task :processResources NO-SOURCE
> Task :classes

> Task :run
Metric Space Protocol running...
Retrieving records from the databases...
Adding records to parties...
Encoding party records...
Metric space protocol...
Matrix size: 47261X47261
Matrix size: 43476X43476
==================================================
Runtime: 13452539
Precision: 0.9985756
Recall: 0.81322
F1: 0.89641637
Protocol finished successfully
==================================================
Time taken: 13500204ms


BUILD SUCCESSFUL in 3h 45m 1s
2 actionable tasks: 2 executed
