> Task :compileJava UP-TO-DATE
> Task :processResources NO-SOURCE
> Task :classes UP-TO-DATE

> Task :run
Metric Space Protocol running...
Retrieving records from the databases...
Adding records to parties...
Encoding party records...
Metric space protocol...
Matrix size: 23708X23708
Matrix size: 21817X21817
==================================================
Runtime: 4400245
Precision: 0.9982994
Recall: 0.82184
F1: 0.90151596
Protocol finished successfully
==================================================
Time taken: 4424637ms


BUILD SUCCESSFUL in 1h 13m 45s
2 actionable tasks: 1 executed, 1 up-to-date
