> Task :compileJava
> Task :processResources NO-SOURCE
> Task :classes

> Task :run
Metric Space Protocol running...
Retrieving records from the databases...
Adding records to parties...
Encoding party records...
Metric space protocol...
Matrix size: 23708X23708
Matrix size: 21817X21817
==================================================
Runtime: 4619442
Precision: 0.9982994
Recall: 0.82184
F1: 0.90151596
Protocol finished successfully
==================================================
Time taken: 4643533ms


BUILD SUCCESSFUL in 1h 17m 24s
2 actionable tasks: 2 executed
