> Task :compileJava UP-TO-DATE
> Task :processResources NO-SOURCE
> Task :classes UP-TO-DATE

> Task :run
Metric Space Protocol running...
Retrieving records from the databases...
Adding records to parties...
Encoding party records...
Metric space protocol...
Matrix size: 47261X47261
Matrix size: 43473X43473
==================================================
Runtime: 13204770
Precision: 0.99835455
Recall: 0.81302
F1: 0.89620584
Protocol finished successfully
==================================================
Time taken: 13251967ms


BUILD SUCCESSFUL in 3h 40m 52s
2 actionable tasks: 1 executed, 1 up-to-date
