> Task :compileJava
> Task :processResources NO-SOURCE
> Task :classes

> Task :run
Soundex Based Protocol running...
Retrieving records from the databases...
Adding records to parties...
Encoding party records with soundex...
Generating noise data...
Truncate data...
Generating hashes...
Soundex based protocol...
==================================================
Runtime: 167
Precision: 0.8293651
Recall: 0.3135
F1: 0.45500726
Protocol finished successfully
==================================================
Time taken: 4466ms


BUILD SUCCESSFUL in 4s
2 actionable tasks: 2 executed
