> Task :compileJava UP-TO-DATE
> Task :processResources NO-SOURCE
> Task :classes UP-TO-DATE

> Task :run
Soundex Based Protocol running...
Retrieving records from the databases...
Adding records to parties...
Encoding party records with soundex...
Generating noise data...
Truncate data...
Generating hashes...
Soundex based protocol...
==================================================
Runtime: 241
Precision: 0.8293651
Recall: 0.3135
F1: 0.45500726
Protocol finished successfully
==================================================
Time taken: 5213ms


BUILD SUCCESSFUL in 5s
2 actionable tasks: 1 executed, 1 up-to-date
