> Task :compileJava UP-TO-DATE
> Task :processResources NO-SOURCE
> Task :classes UP-TO-DATE

> Task :run
Soundex Based Protocol running...
Retrieving records from the databases...
Adding records to parties...
Encoding party records with soundex...
Generating noise data...
Truncate data...
Generating hashes...
Soundex based protocol...
==================================================
Runtime: 61
Precision: 0.3132555
Recall: 0.36488
F1: 0.3371027
Protocol finished successfully
==================================================
Time taken: 1752ms


BUILD SUCCESSFUL in 2s
2 actionable tasks: 1 executed, 1 up-to-date
