> Task :compileJava
> Task :processResources NO-SOURCE
> Task :classes

> Task :run
Soundex Based Protocol running...
Retrieving records from the databases...
Adding records to parties...
Encoding party records with soundex...
Generating noise data...
Truncate data...
Generating hashes...
Soundex based protocol...
==================================================
Runtime: 145
Precision: 0.2994396
Recall: 0.33984
F1: 0.31836322
Protocol finished successfully
==================================================
Time taken: 3811ms


BUILD SUCCESSFUL in 4s
2 actionable tasks: 2 executed
