> Task :compileJava UP-TO-DATE
> Task :processResources NO-SOURCE
> Task :classes UP-TO-DATE

> Task :run
Soundex Based Protocol running...
Retrieving records from the databases...
Adding records to parties...
Encoding party records with soundex...
Generating noise data...
Truncate data...
Generating hashes...
Soundex based protocol...
==================================================
Runtime: 120
Precision: 0.2994396
Recall: 0.33984
F1: 0.31836322
Protocol finished successfully
==================================================
Time taken: 3056ms


BUILD SUCCESSFUL in 3s
2 actionable tasks: 1 executed, 1 up-to-date
