Starting a Gradle Daemon, 3 busy Daemons could not be reused, use --status for details
> Task :compileJava
> Task :processResources NO-SOURCE
> Task :classes

> Task :run
Soundex Based Protocol running...
Retrieving records from the databases...
Adding records to parties...
Encoding party records with soundex...
Generating noise data...
Truncate data...
Generating hashes...
Soundex based protocol...
==================================================
Runtime: 63
Precision: 0.3139858
Recall: 0.36612
F1: 0.33805472
Protocol finished successfully
==================================================
Time taken: 1803ms


BUILD SUCCESSFUL in 5s
2 actionable tasks: 2 executed
