> Task :compileJava
> Task :processResources NO-SOURCE
> Task :classes

> Task :run
Soundex Based Protocol running...
Retrieving records from the databases...
Adding records to parties...
Encoding party records with soundex...
Generating noise data...
Truncate data...
Generating hashes...
Soundex based protocol...
==================================================
Runtime: 121
Precision: 0.8973573
Recall: 0.33956
F1: 0.49268717
Protocol finished successfully
==================================================
Time taken: 2568ms


BUILD SUCCESSFUL in 3s
2 actionable tasks: 2 executed
