> Task :compileJava UP-TO-DATE
> Task :processResources NO-SOURCE
> Task :classes UP-TO-DATE

> Task :run
Early Mapping Clustering Protocol running...
Retrieving records from the databases...
Adding records to parties...
Encoding party records...
Grouping party records...
Early mapping clustering protocol...
Number of blocks: 158
Number of blocks: 158
Matrix size: 1300X1300
Matrix size: 1298X1298
Matrix size: 13X13
Matrix size: 30X30
Matrix size: 121X121
Matrix size: 121X121
Matrix size: 4X4
Matrix size: 1X1
Matrix size: 897X897
Matrix size: 901X901
Matrix size: 1X1
Matrix size: 12X12
Matrix size: 7169X7169
Matrix size: 7153X7153
Matrix size: 515X515
Matrix size: 513X513
Matrix size: 2X2
Matrix size: 8X8
Matrix size: 2920X2920
Matrix size: 2929X2929
Matrix size: 23X23
Matrix size: 70X70
Matrix size: 3553X3553
Matrix size: 3539X3539
Matrix size: 56X56
Matrix size: 112X112
Matrix size: 1693X1693
Matrix size: 1693X1693
Matrix size: 33X33
Matrix size: 1X1
Matrix size: 1X1
Matrix size: 5060X5060
Matrix size: 5077X5077
Matrix size: 57X57
Matrix size: 82X82
Matrix size: 2367X2367
Matrix size: 2356X2356
Matrix size: 13X13
Matrix size: 39X39
Matrix size: 2097X2097
Matrix size: 2085X2085
Matrix size: 37X37
Matrix size: 1X1
Matrix size: 1X1
Matrix size: 2020X2020
Matrix size: 2013X2013
Matrix size: 21X21
Matrix size: 1X1
Matrix size: 1X1
Matrix size: 38X38
Matrix size: 1395X1395
Matrix size: 1402X1402
Matrix size: 14X14
Matrix size: 33X33
Matrix size: 2306X2306
Matrix size: 2298X2298
Matrix size: 14X14
Matrix size: 108X108
Matrix size: 241X241
Matrix size: 245X245
Matrix size: 2X2
Matrix size: 4X4
Matrix size: 6780X6780
Matrix size: 6784X6784
Matrix size: 63X63
Matrix size: 88X88
Matrix size: 1548X1548
Matrix size: 1543X1543
Matrix size: 16X16
Matrix size: 34X34
Matrix size: 1044X1044
Matrix size: 1037X1037
Matrix size: 13X13
Matrix size: 20X20
Matrix size: 1683X1683
Matrix size: 1683X1683
Matrix size: 15X15
Matrix size: 34X34
Matrix size: 1408X1408
Matrix size: 1410X1410
Matrix size: 19X19
Matrix size: 29X29
Matrix size: 1X1
Matrix size: 1X1
Matrix size: 830X830
Matrix size: 830X830
Matrix size: 15X15
Matrix size: 16X16
Matrix size: 632X632
Matrix size: 634X634
Matrix size: 1X1
Matrix size: 1X1
Matrix size: 4X4
Matrix size: 3X3
Matrix size: 1649X1649
Matrix size: 1650X1650
Matrix size: 28X28
Matrix size: 41X41
Matrix size: 287X287
Matrix size: 286X286
Matrix size: 1X1
Matrix size: 1X1
Matrix size: 22X22
Matrix size: 21X21
Matrix size: 2062X2062
Matrix size: 2057X2057
Matrix size: 23X23
Matrix size: 28X28
Matrix size: 2264X2264
Matrix size: 2262X2262
Matrix size: 26X26
Matrix size: 40X40
==================================================
Runtime: 14411930
Precision: 0.99919885
Recall: 0.9978
F1: 0.998499
Protocol finished successfully
==================================================
Time taken: 15262150ms


BUILD SUCCESSFUL in 4h 14m 22s
2 actionable tasks: 1 executed, 1 up-to-date
