> Task :compileJava
> Task :processResources NO-SOURCE
> Task :classes

> Task :run
Metric Space Protocol running...
Retrieving records from the databases...
Adding records to parties...
Encoding party records...
Metric space protocol...
Matrix size: 15766X15766
Matrix size: 15211X15211
==================================================
Runtime: 28518526
Precision: 0.96358865
Recall: 0.94
F1: 0.9516482
Protocol finished successfully
==================================================
Time taken: 28538492ms


BUILD SUCCESSFUL in 7h 55m 38s
2 actionable tasks: 2 executed
