> Task :compileJava
> Task :processResources NO-SOURCE
> Task :classes

> Task :run
Metric Space Protocol running...
Retrieving records from the databases...
Adding records to parties...
Encoding party records...
Metric space protocol...
Matrix size: 9211X9211
Matrix size: 5455X5455
==================================================
Runtime: 7243513
Precision: 0.857905
Recall: 0.14152
F1: 0.24296112
Protocol finished successfully
==================================================
Time taken: 7263229ms


BUILD SUCCESSFUL in 2h 1m 3s
2 actionable tasks: 2 executed
