> Task :compileJava UP-TO-DATE
> Task :processResources NO-SOURCE
> Task :classes UP-TO-DATE

> Task :run
Metric Space Protocol running...
Retrieving records from the databases...
Adding records to parties...
Encoding party records...
Metric space protocol...
> Task :compileJava UP-TO-DATE
> Task :processResources NO-SOURCE
> Task :classes UP-TO-DATE

> Task :run
Metric Space Protocol running...
Retrieving records from the databases...
Adding records to parties...
Encoding party records...
Metric space protocol...
Matrix size: 53118X53118
Matrix size: 56152X56152
==================================================
Runtime: 145123408
Precision: 0.98839676
Recall: 0.95916
F1: 0.9735589
Protocol finished successfully
==================================================
Time taken: 145200558ms


BUILD SUCCESSFUL in 40h 20m 1s
2 actionable tasks: 1 executed, 1 up-to-date
