> Task :compileJava UP-TO-DATE
> Task :processResources NO-SOURCE
> Task :classes UP-TO-DATE

> Task :run
Metric Space Protocol running...
Retrieving records from the databases...
Adding records to parties...
Encoding party records...
Metric space protocol...
Matrix size: 9211X9211
Matrix size: 5455X5455
==================================================
Runtime: 7355520
Precision: 0.857905
Recall: 0.14152
F1: 0.24296112
Protocol finished successfully
==================================================
Time taken: 7375960ms


BUILD SUCCESSFUL in 2h 2m 56s
2 actionable tasks: 1 executed, 1 up-to-date
