> Task :compileJava
> Task :processResources NO-SOURCE
> Task :classes

> Task :run
Metric Space Protocol running...
Retrieving records from the databases...
Adding records to parties...
Encoding party records...
Metric space protocol...
Matrix size: 53118X53118
Matrix size: 56152X56152
==================================================
Runtime: 142556005
Precision: 0.98839676
Recall: 0.95916
F1: 0.9735589
Protocol finished successfully
==================================================
Time taken: 142632415ms


BUILD SUCCESSFUL in 39h 37m 13s
2 actionable tasks: 2 executed
