> Task :compileJava UP-TO-DATE
> Task :processResources NO-SOURCE
> Task :classes UP-TO-DATE

> Task :run
Metric Space Protocol running...
Retrieving records from the databases...
Adding records to parties...
Encoding party records...
Metric space protocol...
Matrix size: 15766X15766
Matrix size: 15211X15211
==================================================
Runtime: 27744919
Precision: 0.96358865
Recall: 0.94
F1: 0.9516482
Protocol finished successfully
==================================================
Time taken: 27764670ms


BUILD SUCCESSFUL in 7h 42m 45s
2 actionable tasks: 1 executed, 1 up-to-date
