> Task :compileJava
> Task :processResources NO-SOURCE
> Task :classes

> Task :run
Soundex Based Protocol running...
Retrieving records from the databases...
Adding records to parties...
Encoding party records with soundex...
Generating noise data...
Truncate data...
Generating hashes...
Soundex based protocol...
==================================================
Runtime: 211
Precision: 0.9965314
Recall: 0.74124
F1: 0.8501336
Protocol finished successfully
==================================================
Time taken: 9067ms


BUILD SUCCESSFUL in 9s
2 actionable tasks: 2 executed
