> Task :compileJava UP-TO-DATE
> Task :processResources NO-SOURCE
> Task :classes UP-TO-DATE

> Task :run
Soundex Based Protocol running...
Retrieving records from the databases...
Adding records to parties...
Encoding party records with soundex...
Generating noise data...
Truncate data...
Generating hashes...
Soundex based protocol...
==================================================
Runtime: 59
Precision: 0.9907743
Recall: 0.24056
F1: 0.38712588
Protocol finished successfully
==================================================
Time taken: 2422ms


BUILD SUCCESSFUL in 2s
2 actionable tasks: 1 executed, 1 up-to-date
