Starting a Gradle Daemon, 2 busy Daemons could not be reused, use --status for details
> Task :compileJava
> Task :processResources NO-SOURCE
> Task :classes

> Task :run
Soundex Based Protocol running...
Retrieving records from the databases...
Adding records to parties...
Encoding party records with soundex...
Generating noise data...
Truncate data...
Generating hashes...
Soundex based protocol...
==================================================
Runtime: 56
Precision: 0.9907743
Recall: 0.24056
F1: 0.38712588
Protocol finished successfully
==================================================
Time taken: 2530ms


BUILD SUCCESSFUL in 5s
2 actionable tasks: 2 executed
