> Task :compileJava
> Task :processResources NO-SOURCE
> Task :classes

> Task :run
Soundex Based Protocol running...
Retrieving records from the databases...
Adding records to parties...
Encoding party records with soundex...
Generating noise data...
Truncate data...
Generating hashes...
Soundex based protocol...
==================================================
Runtime: 57
Precision: 0.99565125
Recall: 0.73264
F1: 0.84413314
Protocol finished successfully
==================================================
Time taken: 2429ms


BUILD SUCCESSFUL in 2s
2 actionable tasks: 2 executed
