> Task :compileJava
> Task :processResources NO-SOURCE
> Task :classes

> Task :run
Soundex Based Protocol running...
Retrieving records from the databases...
Adding records to parties...
Encoding party records with soundex...
Generating noise data...
Truncate data...
Generating hashes...
Soundex based protocol...
==================================================
Runtime: 66
Precision: 0.96629214
Recall: 0.00688
F1: 0.013662721
Protocol finished successfully
==================================================
Time taken: 2137ms


BUILD SUCCESSFUL in 2s
2 actionable tasks: 2 executed
