> Task :compileJava UP-TO-DATE
> Task :processResources NO-SOURCE
> Task :classes UP-TO-DATE

> Task :run
Soundex Based Protocol running...
Retrieving records from the databases...
Adding records to parties...
Encoding party records with soundex...
Generating noise data...
Truncate data...
Generating hashes...
Soundex based protocol...
==================================================
Runtime: 157
Precision: 0.99594164
Recall: 0.41228
F1: 0.5831565
Protocol finished successfully
==================================================
Time taken: 7732ms


BUILD SUCCESSFUL in 8s
2 actionable tasks: 1 executed, 1 up-to-date
