> Task :compileJava
> Task :processResources NO-SOURCE
> Task :classes

> Task :run
Soundex Based Protocol running...
Retrieving records from the databases...
Adding records to parties...
Encoding party records with soundex...
Generating noise data...
Truncate data...
Generating hashes...
Soundex based protocol...
==================================================
Runtime: 165
Precision: 0.99594164
Recall: 0.41228
F1: 0.5831565
Protocol finished successfully
==================================================
Time taken: 7285ms


BUILD SUCCESSFUL in 7s
2 actionable tasks: 2 executed
