> Task :compileJava UP-TO-DATE
> Task :processResources NO-SOURCE
> Task :classes UP-TO-DATE

> Task :run
Soundex Based Protocol running...
Retrieving records from the databases...
Adding records to parties...
Encoding party records with soundex...
Generating noise data...
Truncate data...
Generating hashes...
Soundex based protocol...
==================================================
Runtime: 65
Precision: 0.9944675
Recall: 0.34512
F1: 0.5124124
Protocol finished successfully
==================================================
Time taken: 2133ms


BUILD SUCCESSFUL in 2s
2 actionable tasks: 1 executed, 1 up-to-date
