> Task :compileJava UP-TO-DATE
> Task :processResources NO-SOURCE
> Task :classes UP-TO-DATE

> Task :run
Metric Space Protocol running...
Retrieving records from the databases...
Adding records to parties...
Encoding party records...
Metric space protocol...
Matrix size: 23708X23708
Matrix size: 21820X21820
Matrix size: 21513X21513
Matrix size: 22155X22155
==================================================
Runtime: 11921805
Precision: 0.9972467
Recall: 0.65196
F1: 0.7884579
Protocol finished successfully
==================================================
Time taken: 11961871ms


BUILD SUCCESSFUL in 3h 19m 22s
2 actionable tasks: 1 executed, 1 up-to-date
