Starting a Gradle Daemon, 1 busy Daemon could not be reused, use --status for details
> Task :compileJava
> Task :processResources NO-SOURCE
> Task :classes

> Task :run
Metric Space Protocol running...
Retrieving records from the databases...
Adding records to parties...
Encoding party records...
Metric space protocol...
Matrix size: 23708X23708
Matrix size: 21817X21817
Matrix size: 21518X21518
Matrix size: 22146X22146
==================================================
Runtime: 11489733
Precision: 0.9970036
Recall: 0.65216
F1: 0.788528
Protocol finished successfully
==================================================
Time taken: 11528859ms


BUILD SUCCESSFUL in 3h 12m 11s
2 actionable tasks: 2 executed
