Starting a Gradle Daemon, 1 busy Daemon could not be reused, use --status for details
> Task :compileJava UP-TO-DATE
> Task :processResources NO-SOURCE
> Task :classes UP-TO-DATE

> Task :run
Metric Space Protocol running...
Retrieving records from the databases...
Adding records to parties...
Encoding party records...
Metric space protocol...
Matrix size: 47261X47261
Matrix size: 43473X43473
Matrix size: 43082X43082
Matrix size: 43883X43883
==================================================
Runtime: 45885713
Precision: 0.9972526
Recall: 0.63158
F1: 0.7733696
Protocol finished successfully
==================================================
Time taken: 45961809ms


BUILD SUCCESSFUL in 12h 46m 4s
2 actionable tasks: 1 executed, 1 up-to-date
