> Task :compileJava UP-TO-DATE
> Task :processResources NO-SOURCE
> Task :classes UP-TO-DATE

> Task :run
Soundex Based Protocol running...
Retrieving records from the databases...
Adding records to parties...
Encoding party records with soundex...
Generating noise data...
Truncate data...
Generating hashes...
Soundex based protocol...
==================================================
Runtime: 183
Precision: 0.81299216
Recall: 0.14868
F1: 0.25138643
Protocol finished successfully
==================================================
Time taken: 4215ms


BUILD SUCCESSFUL in 4s
2 actionable tasks: 1 executed, 1 up-to-date
