> Task :compileJava
> Task :processResources NO-SOURCE
> Task :classes

> Task :run
Soundex Based Protocol running...
Retrieving records from the databases...
Adding records to parties...
Encoding party records with soundex...
Generating noise data...
Truncate data...
Generating hashes...
Soundex based protocol...
==================================================
Runtime: 182
Precision: 0.81299216
Recall: 0.14868
F1: 0.25138643
Protocol finished successfully
==================================================
Time taken: 4045ms


BUILD SUCCESSFUL in 4s
2 actionable tasks: 2 executed
