> Task :compileJava UP-TO-DATE
> Task :processResources NO-SOURCE
> Task :classes UP-TO-DATE

> Task :run
Soundex Based Protocol running...
Retrieving records from the databases...
Adding records to parties...
Encoding party records with soundex...
Generating noise data...
Truncate data...
Generating hashes...
Soundex based protocol...
==================================================
Runtime: 102
Precision: 0.28638828
Recall: 0.2598
F1: 0.272447
Protocol finished successfully
==================================================
Time taken: 2526ms


BUILD SUCCESSFUL in 2s
2 actionable tasks: 1 executed, 1 up-to-date
