> Task :compileJava
> Task :processResources NO-SOURCE
> Task :classes

> Task :run
Soundex Based Protocol running...
Retrieving records from the databases...
Adding records to parties...
Encoding party records with soundex...
Generating noise data...
Truncate data...
Generating hashes...
Soundex based protocol...
==================================================
Runtime: 98
Precision: 0.28638828
Recall: 0.2598
F1: 0.272447
Protocol finished successfully
==================================================
Time taken: 2573ms


BUILD SUCCESSFUL in 2s
2 actionable tasks: 2 executed
