> Task :compileJava UP-TO-DATE
> Task :processResources NO-SOURCE
> Task :classes UP-TO-DATE

> Task :run
Soundex Based Protocol running...
Retrieving records from the databases...
Adding records to parties...
Encoding party records with soundex...
Generating noise data...
Truncate data...
Generating hashes...
Soundex based protocol...
==================================================
Runtime: 196
Precision: 0.27147093
Recall: 0.24162
F1: 0.25567713
Protocol finished successfully
==================================================
Time taken: 4862ms


BUILD SUCCESSFUL in 5s
2 actionable tasks: 1 executed, 1 up-to-date
