> Task :compileJava
> Task :processResources NO-SOURCE
> Task :classes

> Task :run
Soundex Based Protocol running...
Retrieving records from the databases...
Adding records to parties...
Encoding party records with soundex...
Generating noise data...
Truncate data...
Generating hashes...
Soundex based protocol...
==================================================
Runtime: 193
Precision: 0.27147093
Recall: 0.24162
F1: 0.25567713
Protocol finished successfully
==================================================
Time taken: 4917ms


BUILD SUCCESSFUL in 5s
2 actionable tasks: 2 executed
