> Task :compileJava
> Task :processResources NO-SOURCE
> Task :classes

> Task :run
Soundex Based Protocol running...
Retrieving records from the databases...
Adding records to parties...
Encoding party records with soundex...
Generating noise data...
Truncate data...
Generating hashes...
Soundex based protocol...
==================================================
Runtime: 361
Precision: 0.74937683
Recall: 0.13228
F1: 0.22486657
Protocol finished successfully
==================================================
Time taken: 7619ms


BUILD SUCCESSFUL in 8s
2 actionable tasks: 2 executed
