Starting a Gradle Daemon, 1 busy Daemon could not be reused, use --status for details
> Task :compileJava
> Task :processResources NO-SOURCE
> Task :classes

> Task :run
Early Mapping Clustering Protocol running...
Retrieving records from the databases...
Adding records to parties...
Encoding party records...
Grouping party records...
Early mapping clustering protocol...
Number of blocks: 108
Number of blocks: 108
Matrix size: 517X517
Matrix size: 503X503
Matrix size: 491X491
Matrix size: 490X490
Matrix size: 7X7
Matrix size: 15X15
Matrix size: 50X50
Matrix size: 48X48
Matrix size: 48X48
Matrix size: 47X47
Matrix size: 4X4
Matrix size: 475X475
Matrix size: 431X431
Matrix size: 424X424
Matrix size: 422X422
Matrix size: 1X1
Matrix size: 16X16
Matrix size: 4298X4298
Matrix size: 4011X4011
Matrix size: 4001X4001
Matrix size: 3987X3987
Matrix size: 250X250
Matrix size: 244X244
Matrix size: 246X246
Matrix size: 246X246
Matrix size: 2X2
Matrix size: 12X12
Matrix size: 1693X1693
Matrix size: 1517X1517
Matrix size: 1492X1492
Matrix size: 1505X1505
Matrix size: 19X19
Matrix size: 72X72
Matrix size: 2061X2061
Matrix size: 1768X1768
Matrix size: 1718X1718
Matrix size: 1728X1728
Matrix size: 33X33
Matrix size: 185X185
Matrix size: 966X966
Matrix size: 898X898
Matrix size: 891X891
Matrix size: 896X896
Matrix size: 1X1
Matrix size: 1X1
Matrix size: 1X1
Matrix size: 1X1
Matrix size: 2894X2894
Matrix size: 2743X2743
Matrix size: 2687X2687
Matrix size: 2676X2676
Matrix size: 35X35
Matrix size: 89X89
Matrix size: 1241X1241
Matrix size: 1158X1158
Matrix size: 1109X1109
Matrix size: 1115X1115
Matrix size: 11X11
Matrix size: 38X38
Matrix size: 1168X1168
Matrix size: 1005X1005
Matrix size: 911X911
Matrix size: 913X913
Matrix size: 118X118
Matrix size: 63X63
Matrix size: 1X1
Matrix size: 1X1
Matrix size: 1X1
Matrix size: 1X1
Matrix size: 921X921
Matrix size: 862X862
Matrix size: 838X838
Matrix size: 840X840
Matrix size: 10X10
Matrix size: 26X26
Matrix size: 1X1
Matrix size: 1X1
Matrix size: 1X1
Matrix size: 1X1
Matrix size: 756X756
Matrix size: 650X650
Matrix size: 640X640
Matrix size: 647X647
Matrix size: 6X6
Matrix size: 60X60
Matrix size: 1312X1312
Matrix size: 1168X1168
Matrix size: 1142X1142
Matrix size: 1139X1139
Matrix size: 27X27
Matrix size: 66X66
Matrix size: 144X144
Matrix size: 136X136
Matrix size: 137X137
Matrix size: 135X135
Matrix size: 1X1
Matrix size: 3980X3980
Matrix size: 3553X3553
Matrix size: 3442X3442
Matrix size: 3451X3451
Matrix size: 31X31
Matrix size: 169X169
Matrix size: 839X839
Matrix size: 723X723
Matrix size: 714X714
Matrix size: 714X714
Matrix size: 5X5
Matrix size: 47X47
Matrix size: 711X711
Matrix size: 573X573
Matrix size: 577X577
Matrix size: 561X561
Matrix size: 6X6
Matrix size: 28X28
Matrix size: 931X931
Matrix size: 854X854
Matrix size: 846X846
Matrix size: 845X845
Matrix size: 7X7
Matrix size: 29X29
Matrix size: 821X821
Matrix size: 705X705
Matrix size: 681X681
Matrix size: 684X684
Matrix size: 10X10
Matrix size: 78X78
Matrix size: 1X1
Matrix size: 1X1
Matrix size: 1X1
Matrix size: 1X1
Matrix size: 466X466
Matrix size: 424X424
Matrix size: 424X424
Matrix size: 425X425
Matrix size: 8X8
Matrix size: 27X27
Matrix size: 327X327
Matrix size: 320X320
Matrix size: 318X318
Matrix size: 319X319
Matrix size: 1X1
Matrix size: 1X1
Matrix size: 1X1
Matrix size: 1X1
Matrix size: 4X4
Matrix size: 982X982
Matrix size: 827X827
Matrix size: 787X787
Matrix size: 785X785
Matrix size: 17X17
Matrix size: 108X108
Matrix size: 99X99
Matrix size: 93X93
Matrix size: 92X92
Matrix size: 93X93
Matrix size: 1X1
Matrix size: 1X1
Matrix size: 1X1
Matrix size: 1X1
Matrix size: 1X1
Matrix size: 13X13
Matrix size: 1245X1245
Matrix size: 1118X1118
Matrix size: 1092X1092
Matrix size: 1094X1094
Matrix size: 18X18
Matrix size: 73X73
Matrix size: 1097X1097
Matrix size: 1037X1037
Matrix size: 1014X1014
Matrix size: 1008X1008
Matrix size: 7X7
Matrix size: 29X29
==================================================
Runtime: 10435584
Precision: 0.99445224
Recall: 0.98948
F1: 0.99195987
Protocol finished successfully
==================================================
Time taken: 10729717ms


BUILD SUCCESSFUL in 2h 58m 52s
2 actionable tasks: 2 executed
