Starting a Gradle Daemon, 1 busy Daemon could not be reused, use --status for details
> Task :compileJava
> Task :processResources NO-SOURCE
> Task :classes

> Task :run
Metric Space Protocol running...
Retrieving records from the databases...
Adding records to parties...
Encoding party records...
Grouping party records...
Metric space protocol...
Matrix size: 62X62
Matrix size: 63X63
Matrix size: 64X64
Matrix size: 63X63
Matrix size: 167X167
Matrix size: 165X165
Matrix size: 170X170
Matrix size: 164X164
Matrix size: 177X177
Matrix size: 184X184
Matrix size: 183X183
Matrix size: 180X180
Matrix size: 82X82
Matrix size: 83X83
Matrix size: 84X84
Matrix size: 83X83
Matrix size: 33X33
Matrix size: 32X32
Matrix size: 31X31
Matrix size: 32X32
Matrix size: 69X69
Matrix size: 70X70
Matrix size: 71X71
Matrix size: 71X71
Matrix size: 79X79
Matrix size: 78X78
Matrix size: 81X81
Matrix size: 79X79
Matrix size: 132X132
Matrix size: 134X134
Matrix size: 135X135
Matrix size: 133X133
Matrix size: 9X9
Matrix size: 9X9
Matrix size: 9X9
Matrix size: 9X9
Matrix size: 68X68
Matrix size: 68X68
Matrix size: 71X71
Matrix size: 68X68
Matrix size: 48X48
Matrix size: 45X45
Matrix size: 49X49
Matrix size: 46X46
Matrix size: 93X93
Matrix size: 93X93
Matrix size: 97X97
Matrix size: 96X96
Matrix size: 147X147
Matrix size: 151X151
Matrix size: 151X151
Matrix size: 148X148
Matrix size: 20X20
Matrix size: 21X21
Matrix size: 20X20
Matrix size: 20X20
Matrix size: 16X16
Matrix size: 13X13
Matrix size: 17X17
Matrix size: 16X16
Matrix size: 99X99
Matrix size: 98X98
Matrix size: 100X100
Matrix size: 100X100
Matrix size: 2X2
Matrix size: 2X2
Matrix size: 2X2
Matrix size: 2X2
Matrix size: 93X93
Matrix size: 94X94
Matrix size: 96X96
Matrix size: 92X92
Matrix size: 159X159
Matrix size: 163X163
Matrix size: 164X164
Matrix size: 160X160
Matrix size: 76X76
Matrix size: 76X76
Matrix size: 76X76
Matrix size: 76X76
Matrix size: 3X3
Matrix size: 3X3
Matrix size: 3X3
Matrix size: 3X3
Matrix size: 28X28
Matrix size: 28X28
Matrix size: 29X29
Matrix size: 29X29
Matrix size: 143X143
Matrix size: 150X150
Matrix size: 144X144
Matrix size: 142X142
Matrix size: 7X7
Matrix size: 7X7
Matrix size: 7X7
Matrix size: 7X7
Matrix size: 6X6
Matrix size: 6X6
Matrix size: 6X6
Matrix size: 6X6
Matrix size: 39X39
Matrix size: 38X38
Matrix size: 40X40
Matrix size: 38X38
Matrix size: 127X127
Matrix size: 128X128
Matrix size: 130X130
Matrix size: 125X125
Matrix size: 133X133
Matrix size: 135X135
Matrix size: 135X135
Matrix size: 134X134
Matrix size: 73X73
Matrix size: 74X74
Matrix size: 73X73
Matrix size: 72X72
Matrix size: 39X39
Matrix size: 41X41
Matrix size: 41X41
Matrix size: 41X41
Matrix size: 49X49
Matrix size: 47X47
Matrix size: 48X48
Matrix size: 47X47
Matrix size: 41X41
Matrix size: 44X44
Matrix size: 43X43
Matrix size: 41X41
Matrix size: 97X97
Matrix size: 97X97
Matrix size: 99X99
Matrix size: 96X96
Matrix size: 6X6
Matrix size: 6X6
Matrix size: 6X6
Matrix size: 6X6
Matrix size: 59X59
Matrix size: 59X59
Matrix size: 61X61
Matrix size: 58X58
Matrix size: 35X35
Matrix size: 34X34
Matrix size: 36X36
Matrix size: 35X35
Matrix size: 57X57
Matrix size: 57X57
Matrix size: 60X60
Matrix size: 56X56
Matrix size: 119X119
Matrix size: 120X120
Matrix size: 120X120
Matrix size: 119X119
Matrix size: 31X31
Matrix size: 31X31
Matrix size: 32X32
Matrix size: 31X31
Matrix size: 13X13
Matrix size: 13X13
Matrix size: 14X14
Matrix size: 13X13
Matrix size: 75X75
Matrix size: 75X75
Matrix size: 75X75
Matrix size: 76X76
Matrix size: 2X2
Matrix size: 2X2
Matrix size: 2X2
Matrix size: 2X2
Matrix size: 61X61
Matrix size: 61X61
Matrix size: 60X60
Matrix size: 60X60
Matrix size: 107X107
Matrix size: 105X105
Matrix size: 109X109
Matrix size: 107X107
Matrix size: 58X58
Matrix size: 58X58
Matrix size: 60X60
Matrix size: 59X59
Matrix size: 5X5
Matrix size: 6X6
Matrix size: 6X6
Matrix size: 5X5
Matrix size: 12X12
Matrix size: 14X14
Matrix size: 12X12
Matrix size: 12X12
Matrix size: 95X95
Matrix size: 97X97
Matrix size: 97X97
Matrix size: 95X95
Matrix size: 14X14
Matrix size: 14X14
Matrix size: 14X14
Matrix size: 14X14
Matrix size: 1X1
Matrix size: 1X1
Matrix size: 1X1
Matrix size: 1X1
Matrix size: 73X73
Matrix size: 71X71
Matrix size: 71X71
Matrix size: 71X71
Matrix size: 197X197
Matrix size: 194X194
Matrix size: 204X204
Matrix size: 196X196
Matrix size: 204X204
Matrix size: 203X203
Matrix size: 215X215
Matrix size: 204X204
Matrix size: 128X128
Matrix size: 131X131
Matrix size: 133X133
Matrix size: 130X130
Matrix size: 57X57
Matrix size: 59X59
Matrix size: 59X59
Matrix size: 58X58
Matrix size: 60X60
Matrix size: 61X61
Matrix size: 62X62
Matrix size: 61X61
Matrix size: 72X72
Matrix size: 74X74
Matrix size: 73X73
Matrix size: 73X73
Matrix size: 169X169
Matrix size: 169X169
Matrix size: 181X181
Matrix size: 169X169
Matrix size: 12X12
Matrix size: 11X11
Matrix size: 11X11
Matrix size: 10X10
Matrix size: 85X85
Matrix size: 89X89
Matrix size: 87X87
Matrix size: 86X86
Matrix size: 55X55
Matrix size: 56X56
Matrix size: 57X57
Matrix size: 56X56
Matrix size: 86X86
Matrix size: 88X88
Matrix size: 92X92
Matrix size: 87X87
Matrix size: 179X179
Matrix size: 180X180
Matrix size: 185X185
Matrix size: 183X183
Matrix size: 26X26
Matrix size: 26X26
Matrix size: 26X26
Matrix size: 26X26
Matrix size: 28X28
Matrix size: 29X29
Matrix size: 29X29
Matrix size: 27X27
Matrix size: 127X127
Matrix size: 132X132
Matrix size: 131X131
Matrix size: 127X127
Matrix size: 1X1
Matrix size: 1X1
Matrix size: 1X1
Matrix size: 1X1
Matrix size: 99X99
Matrix size: 99X99
Matrix size: 106X106
Matrix size: 100X100
Matrix size: 192X192
Matrix size: 194X194
Matrix size: 202X202
Matrix size: 195X195
Matrix size: 80X80
Matrix size: 82X82
Matrix size: 82X82
Matrix size: 82X82
Matrix size: 4X4
Matrix size: 4X4
Matrix size: 6X6
Matrix size: 4X4
Matrix size: 21X21
Matrix size: 22X22
Matrix size: 21X21
Matrix size: 21X21
Matrix size: 190X190
Matrix size: 192X192
Matrix size: 194X194
Matrix size: 192X192
Matrix size: 8X8
Matrix size: 8X8
Matrix size: 9X9
Matrix size: 8X8
Matrix size: 2X2
Matrix size: 2X2
Matrix size: 2X2
Matrix size: 2X2
Matrix size: 64X64
Matrix size: 65X65
Matrix size: 66X66
Matrix size: 63X63
Matrix size: 181X181
Matrix size: 183X183
Matrix size: 185X185
Matrix size: 181X181
Matrix size: 180X180
Matrix size: 181X181
Matrix size: 185X185
Matrix size: 178X178
Matrix size: 99X99
Matrix size: 96X96
Matrix size: 99X99
Matrix size: 96X96
Matrix size: 39X39
Matrix size: 37X37
Matrix size: 40X40
Matrix size: 39X39
Matrix size: 73X73
Matrix size: 73X73
Matrix size: 73X73
Matrix size: 75X75
Matrix size: 78X78
Matrix size: 83X83
Matrix size: 84X84
Matrix size: 77X77
Matrix size: 150X150
Matrix size: 151X151
Matrix size: 156X156
Matrix size: 147X147
Matrix size: 11X11
Matrix size: 10X10
Matrix size: 10X10
Matrix size: 10X10
Matrix size: 68X68
Matrix size: 68X68
Matrix size: 68X68
Matrix size: 66X66
Matrix size: 42X42
Matrix size: 44X44
Matrix size: 46X46
Matrix size: 44X44
Matrix size: 87X87
Matrix size: 88X88
Matrix size: 93X93
Matrix size: 87X87
Matrix size: 174X174
Matrix size: 176X176
Matrix size: 176X176
Matrix size: 172X172
Matrix size: 33X33
Matrix size: 33X33
Matrix size: 33X33
Matrix size: 33X33
Matrix size: 22X22
Matrix size: 21X21
Matrix size: 21X21
Matrix size: 21X21
Matrix size: 115X115
Matrix size: 114X114
Matrix size: 117X117
Matrix size: 113X113
Matrix size: 5X5
Matrix size: 5X5
Matrix size: 5X5
Matrix size: 5X5
Matrix size: 103X103
Matrix size: 104X104
Matrix size: 106X106
Matrix size: 103X103
Matrix size: 174X174
Matrix size: 173X173
Matrix size: 190X190
Matrix size: 175X175
Matrix size: 79X79
Matrix size: 80X80
Matrix size: 83X83
Matrix size: 80X80
Matrix size: 1X1
Matrix size: 1X1
Matrix size: 1X1
Matrix size: 1X1
Matrix size: 19X19
Matrix size: 19X19
Matrix size: 19X19
Matrix size: 19X19
Matrix size: 160X160
Matrix size: 165X165
Matrix size: 168X168
Matrix size: 159X159
Matrix size: 9X9
Matrix size: 9X9
Matrix size: 9X9
Matrix size: 9X9
Matrix size: 2X2
Matrix size: 2X2
Matrix size: 3X3
Matrix size: 2X2
Matrix size: 25X25
Matrix size: 25X25
Matrix size: 24X24
Matrix size: 25X25
Matrix size: 74X74
Matrix size: 77X77
Matrix size: 76X76
Matrix size: 74X74
Matrix size: 80X80
Matrix size: 80X80
Matrix size: 82X82
Matrix size: 81X81
Matrix size: 49X49
Matrix size: 49X49
Matrix size: 49X49
Matrix size: 49X49
Matrix size: 20X20
Matrix size: 20X20
Matrix size: 20X20
Matrix size: 20X20
Matrix size: 31X31
Matrix size: 31X31
Matrix size: 33X33
Matrix size: 30X30
Matrix size: 40X40
Matrix size: 40X40
Matrix size: 41X41
Matrix size: 40X40
Matrix size: 62X62
Matrix size: 63X63
Matrix size: 62X62
Matrix size: 62X62
Matrix size: 9X9
Matrix size: 9X9
Matrix size: 9X9
Matrix size: 9X9
Matrix size: 34X34
Matrix size: 35X35
Matrix size: 36X36
Matrix size: 35X35
Matrix size: 20X20
Matrix size: 20X20
Matrix size: 20X20
Matrix size: 20X20
Matrix size: 38X38
Matrix size: 38X38
Matrix size: 38X38
Matrix size: 39X39
Matrix size: 78X78
Matrix size: 78X78
Matrix size: 79X79
Matrix size: 78X78
Matrix size: 15X15
Matrix size: 15X15
Matrix size: 15X15
Matrix size: 15X15
Matrix size: 10X10
Matrix size: 9X9
Matrix size: 9X9
Matrix size: 9X9
Matrix size: 43X43
Matrix size: 44X44
Matrix size: 43X43
Matrix size: 43X43
Matrix size: 1X1
Matrix size: 1X1
Matrix size: 1X1
Matrix size: 1X1
Matrix size: 49X49
Matrix size: 51X51
Matrix size: 51X51
Matrix size: 49X49
Matrix size: 70X70
Matrix size: 71X71
Matrix size: 75X75
Matrix size: 70X70
Matrix size: 32X32
Matrix size: 32X32
Matrix size: 32X32
Matrix size: 32X32
Matrix size: 11X11
Matrix size: 11X11
Matrix size: 11X11
Matrix size: 12X12
Matrix size: 58X58
Matrix size: 56X56
Matrix size: 58X58
Matrix size: 56X56
Matrix size: 3X3
Matrix size: 3X3
Matrix size: 3X3
Matrix size: 3X3
Matrix size: 1X1
Matrix size: 1X1
Matrix size: 1X1
Matrix size: 1X1
Matrix size: 14X14
Matrix size: 14X14
Matrix size: 14X14
Matrix size: 14X14
Matrix size: 11X11
Matrix size: 13X13
Matrix size: 13X13
Matrix size: 12X12
Matrix size: 31X31
Matrix size: 31X31
Matrix size: 31X31
Matrix size: 31X31
Matrix size: 10X10
Matrix size: 10X10
Matrix size: 10X10
Matrix size: 10X10
Matrix size: 8X8
Matrix size: 7X7
Matrix size: 8X8
Matrix size: 8X8
Matrix size: 10X10
Matrix size: 10X10
Matrix size: 10X10
Matrix size: 10X10
Matrix size: 5X5
Matrix size: 5X5
Matrix size: 5X5
Matrix size: 5X5
Matrix size: 22X22
Matrix size: 24X24
Matrix size: 22X22
Matrix size: 22X22
Matrix size: 1X1
Matrix size: 1X1
Matrix size: 1X1
Matrix size: 1X1
Matrix size: 5X5
Matrix size: 5X5
Matrix size: 5X5
Matrix size: 5X5
Matrix size: 4X4
Matrix size: 4X4
Matrix size: 4X4
Matrix size: 4X4
Matrix size: 8X8
Matrix size: 8X8
Matrix size: 8X8
Matrix size: 8X8
Matrix size: 16X16
Matrix size: 16X16
Matrix size: 16X16
Matrix size: 16X16
Matrix size: 2X2
Matrix size: 2X2
Matrix size: 2X2
Matrix size: 2X2
Matrix size: 12X12
Matrix size: 12X12
Matrix size: 12X12
Matrix size: 12X12
Matrix size: 6X6
Matrix size: 6X6
Matrix size: 6X6
Matrix size: 6X6
Matrix size: 25X25
Matrix size: 25X25
Matrix size: 26X26
Matrix size: 25X25
Matrix size: 10X10
Matrix size: 10X10
Matrix size: 10X10
Matrix size: 10X10
Matrix size: 1X1
Matrix size: 1X1
Matrix size: 1X1
Matrix size: 1X1
Matrix size: 2X2
Matrix size: 2X2
Matrix size: 2X2
Matrix size: 2X2
Matrix size: 18X18
Matrix size: 18X18
Matrix size: 18X18
Matrix size: 18X18
Matrix size: 1X1
Matrix size: 1X1
Matrix size: 1X1
Matrix size: 1X1
Matrix size: 2X2
Matrix size: 2X2
Matrix size: 2X2
Matrix size: 2X2
Matrix size: 20X20
Matrix size: 21X21
Matrix size: 20X20
Matrix size: 21X21
Matrix size: 60X60
Matrix size: 57X57
Matrix size: 58X58
Matrix size: 56X56
Matrix size: 53X53
Matrix size: 53X53
Matrix size: 53X53
Matrix size: 53X53
Matrix size: 31X31
Matrix size: 31X31
Matrix size: 31X31
Matrix size: 31X31
Matrix size: 20X20
Matrix size: 20X20
Matrix size: 21X21
Matrix size: 20X20
Matrix size: 29X29
Matrix size: 30X30
Matrix size: 29X29
Matrix size: 28X28
Matrix size: 37X37
Matrix size: 37X37
Matrix size: 41X41
Matrix size: 38X38
Matrix size: 37X37
Matrix size: 36X36
Matrix size: 38X38
Matrix size: 35X35
Matrix size: 4X4
Matrix size: 4X4
Matrix size: 4X4
Matrix size: 4X4
Matrix size: 22X22
Matrix size: 22X22
Matrix size: 22X22
Matrix size: 22X22
Matrix size: 14X14
Matrix size: 14X14
Matrix size: 14X14
Matrix size: 14X14
Matrix size: 27X27
Matrix size: 27X27
Matrix size: 26X26
Matrix size: 27X27
Matrix size: 49X49
Matrix size: 48X48
Matrix size: 49X49
Matrix size: 47X47
Matrix size: 6X6
Matrix size: 6X6
Matrix size: 6X6
Matrix size: 7X7
Matrix size: 9X9
Matrix size: 9X9
Matrix size: 9X9
Matrix size: 9X9
Matrix size: 30X30
Matrix size: 31X31
Matrix size: 31X31
Matrix size: 30X30
Matrix size: 34X34
Matrix size: 34X34
Matrix size: 33X33
Matrix size: 33X33
Matrix size: 61X61
Matrix size: 61X61
Matrix size: 65X65
Matrix size: 62X62
Matrix size: 25X25
Matrix size: 25X25
Matrix size: 25X25
Matrix size: 25X25
Matrix size: 1X1
Matrix size: 1X1
Matrix size: 1X1
Matrix size: 1X1
Matrix size: 11X11
Matrix size: 11X11
Matrix size: 11X11
Matrix size: 11X11
Matrix size: 42X42
Matrix size: 44X44
Matrix size: 45X45
Matrix size: 43X43
Matrix size: 5X5
Matrix size: 6X6
Matrix size: 6X6
Matrix size: 6X6
Matrix size: 2X2
Matrix size: 2X2
Matrix size: 2X2
Matrix size: 2X2
Matrix size: 11X11
Matrix size: 12X12
Matrix size: 12X12
Matrix size: 12X12
Matrix size: 36X36
Matrix size: 35X35
Matrix size: 37X37
Matrix size: 36X36
Matrix size: 51X51
Matrix size: 51X51
Matrix size: 51X51
Matrix size: 51X51
Matrix size: 22X22
Matrix size: 22X22
Matrix size: 22X22
Matrix size: 22X22
Matrix size: 18X18
Matrix size: 18X18
Matrix size: 18X18
Matrix size: 18X18
Matrix size: 19X19
Matrix size: 19X19
Matrix size: 19X19
Matrix size: 18X18
Matrix size: 18X18
Matrix size: 18X18
Matrix size: 18X18
Matrix size: 18X18
Matrix size: 42X42
Matrix size: 44X44
Matrix size: 44X44
Matrix size: 43X43
Matrix size: 5X5
Matrix size: 5X5
Matrix size: 5X5
Matrix size: 5X5
Matrix size: 11X11
Matrix size: 11X11
Matrix size: 13X13
Matrix size: 11X11
Matrix size: 16X16
Matrix size: 16X16
Matrix size: 16X16
Matrix size: 16X16
Matrix size: 20X20
Matrix size: 20X20
Matrix size: 20X20
Matrix size: 20X20
Matrix size: 42X42
Matrix size: 44X44
Matrix size: 44X44
Matrix size: 43X43
Matrix size: 10X10
Matrix size: 9X9
Matrix size: 9X9
Matrix size: 9X9
Matrix size: 5X5
Matrix size: 5X5
Matrix size: 5X5
Matrix size: 5X5
Matrix size: 30X30
Matrix size: 29X29
Matrix size: 30X30
Matrix size: 30X30
Matrix size: 15X15
Matrix size: 15X15
Matrix size: 15X15
Matrix size: 15X15
Matrix size: 40X40
Matrix size: 40X40
Matrix size: 41X41
Matrix size: 40X40
Matrix size: 18X18
Matrix size: 18X18
Matrix size: 18X18
Matrix size: 18X18
Matrix size: 1X1
Matrix size: 1X1
Matrix size: 1X1
Matrix size: 1X1
Matrix size: 2X2
Matrix size: 2X2
Matrix size: 2X2
Matrix size: 2X2
Matrix size: 32X32
Matrix size: 31X31
Matrix size: 31X31
Matrix size: 31X31
Matrix size: 2X2
Matrix size: 2X2
Matrix size: 2X2
Matrix size: 2X2
Matrix size: 1X1
Matrix size: 1X1
Matrix size: 1X1
Matrix size: 1X1
Matrix size: 4X4
Matrix size: 4X4
Matrix size: 4X4
Matrix size: 4X4
Matrix size: 7X7
Matrix size: 7X7
Matrix size: 6X6
Matrix size: 6X6
Matrix size: 8X8
Matrix size: 8X8
Matrix size: 7X7
Matrix size: 8X8
Matrix size: 4X4
Matrix size: 4X4
Matrix size: 4X4
Matrix size: 4X4
Matrix size: 1X1
Matrix size: 1X1
Matrix size: 1X1
Matrix size: 1X1
Matrix size: 4X4
Matrix size: 4X4
Matrix size: 4X4
Matrix size: 5X5
Matrix size: 7X7
Matrix size: 6X6
Matrix size: 7X7
Matrix size: 7X7
Matrix size: 6X6
Matrix size: 6X6
Matrix size: 6X6
Matrix size: 6X6
Matrix size: 2X2
Matrix size: 2X2
Matrix size: 2X2
Matrix size: 2X2
Matrix size: 3X3
Matrix size: 3X3
Matrix size: 3X3
Matrix size: 3X3
Matrix size: 1X1
Matrix size: 1X1
Matrix size: 1X1
Matrix size: 1X1
Matrix size: 12X12
Matrix size: 12X12
Matrix size: 12X12
Matrix size: 12X12
Matrix size: 2X2
Matrix size: 2X2
Matrix size: 2X2
Matrix size: 2X2
Matrix size: 1X1
Matrix size: 1X1
Matrix size: 1X1
Matrix size: 1X1
Matrix size: 2X2
Matrix size: 2X2
Matrix size: 2X2
Matrix size: 2X2
Matrix size: 2X2
Matrix size: 2X2
Matrix size: 2X2
Matrix size: 2X2
Matrix size: 5X5
Matrix size: 5X5
Matrix size: 5X5
Matrix size: 5X5
Matrix size: 5X5
Matrix size: 5X5
Matrix size: 5X5
Matrix size: 5X5
Matrix size: 3X3
Matrix size: 3X3
Matrix size: 3X3
Matrix size: 3X3
Matrix size: 1X1
Matrix size: 1X1
Matrix size: 1X1
Matrix size: 1X1
Matrix size: 131X131
Matrix size: 131X131
Matrix size: 135X135
Matrix size: 132X132
Matrix size: 352X352
Matrix size: 357X357
Matrix size: 384X384
Matrix size: 352X352
Matrix size: 369X369
Matrix size: 368X368
Matrix size: 386X386
Matrix size: 374X374
Matrix size: 174X174
Matrix size: 176X176
Matrix size: 186X186
Matrix size: 176X176
Matrix size: 74X74
Matrix size: 76X76
Matrix size: 79X79
Matrix size: 75X75
Matrix size: 159X159
Matrix size: 156X156
Matrix size: 165X165
Matrix size: 157X157
Matrix size: 141X141
Matrix size: 145X145
Matrix size: 146X146
Matrix size: 147X147
Matrix size: 332X332
Matrix size: 334X334
Matrix size: 350X350
Matrix size: 334X334
Matrix size: 19X19
Matrix size: 18X18
Matrix size: 18X18
Matrix size: 18X18
Matrix size: 109X109
Matrix size: 107X107
Matrix size: 113X113
Matrix size: 108X108
Matrix size: 111X111
Matrix size: 111X111
Matrix size: 114X114
Matrix size: 112X112
Matrix size: 181X181
Matrix size: 181X181
Matrix size: 188X188
Matrix size: 184X184
Matrix size: 326X326
Matrix size: 327X327
Matrix size: 353X353
Matrix size: 329X329
Matrix size: 68X68
Matrix size: 71X71
Matrix size: 73X73
Matrix size: 71X71
Matrix size: 34X34
Matrix size: 35X35
Matrix size: 36X36
Matrix size: 34X34
Matrix size: 201X201
Matrix size: 201X201
Matrix size: 209X209
Matrix size: 201X201
Matrix size: 8X8
Matrix size: 8X8
Matrix size: 8X8
Matrix size: 8X8
Matrix size: 208X208
Matrix size: 207X207
Matrix size: 216X216
Matrix size: 211X211
Matrix size: 341X341
Matrix size: 347X347
Matrix size: 359X359
Matrix size: 339X339
Matrix size: 158X158
Matrix size: 157X157
Matrix size: 158X158
Matrix size: 158X158
Matrix size: 10X10
Matrix size: 10X10
Matrix size: 10X10
Matrix size: 10X10
Matrix size: 32X32
Matrix size: 32X32
Matrix size: 33X33
Matrix size: 32X32
Matrix size: 253X253
Matrix size: 259X259
Matrix size: 260X260
Matrix size: 251X251
Matrix size: 19X19
Matrix size: 19X19
Matrix size: 18X18
Matrix size: 19X19
Matrix size: 5X5
Matrix size: 5X5
Matrix size: 6X6
Matrix size: 6X6
Matrix size: 36X36
Matrix size: 36X36
Matrix size: 36X36
Matrix size: 36X36
Matrix size: 156X156
Matrix size: 152X152
Matrix size: 159X159
Matrix size: 152X152
Matrix size: 130X130
Matrix size: 135X135
Matrix size: 139X139
Matrix size: 133X133
Matrix size: 56X56
Matrix size: 55X55
Matrix size: 57X57
Matrix size: 54X54
Matrix size: 28X28
Matrix size: 30X30
Matrix size: 31X31
Matrix size: 30X30
Matrix size: 60X60
Matrix size: 58X58
Matrix size: 59X59
Matrix size: 58X58
Matrix size: 62X62
Matrix size: 62X62
Matrix size: 67X67
Matrix size: 62X62
Matrix size: 143X143
Matrix size: 145X145
Matrix size: 147X147
Matrix size: 143X143
Matrix size: 14X14
Matrix size: 14X14
Matrix size: 15X15
Matrix size: 14X14
Matrix size: 61X61
Matrix size: 61X61
Matrix size: 64X64
Matrix size: 60X60
Matrix size: 47X47
Matrix size: 47X47
Matrix size: 49X49
Matrix size: 47X47
Matrix size: 71X71
Matrix size: 72X72
Matrix size: 77X77
Matrix size: 72X72
Matrix size: 136X136
Matrix size: 138X138
Matrix size: 140X140
Matrix size: 138X138
Matrix size: 23X23
Matrix size: 23X23
Matrix size: 23X23
Matrix size: 23X23
Matrix size: 22X22
Matrix size: 24X24
Matrix size: 24X24
Matrix size: 24X24
Matrix size: 84X84
Matrix size: 84X84
Matrix size: 86X86
Matrix size: 85X85
Matrix size: 2X2
Matrix size: 2X2
Matrix size: 2X2
Matrix size: 2X2
Matrix size: 78X78
Matrix size: 78X78
Matrix size: 81X81
Matrix size: 79X79
Matrix size: 108X108
Matrix size: 109X109
Matrix size: 113X113
Matrix size: 110X110
Matrix size: 59X59
Matrix size: 59X59
Matrix size: 60X60
Matrix size: 59X59
Matrix size: 3X3
Matrix size: 3X3
Matrix size: 3X3
Matrix size: 3X3
Matrix size: 11X11
Matrix size: 11X11
Matrix size: 11X11
Matrix size: 11X11
Matrix size: 99X99
Matrix size: 103X103
Matrix size: 103X103
Matrix size: 98X98
Matrix size: 8X8
Matrix size: 8X8
Matrix size: 9X9
Matrix size: 8X8
Matrix size: 4X4
Matrix size: 4X4
Matrix size: 4X4
Matrix size: 3X3
Matrix size: 43X43
Matrix size: 42X42
Matrix size: 44X44
Matrix size: 41X41
Matrix size: 135X135
Matrix size: 138X138
Matrix size: 140X140
Matrix size: 139X139
Matrix size: 139X139
Matrix size: 139X139
Matrix size: 139X139
Matrix size: 138X138
Matrix size: 69X69
Matrix size: 70X70
Matrix size: 70X70
Matrix size: 70X70
Matrix size: 26X26
Matrix size: 26X26
Matrix size: 26X26
Matrix size: 26X26
Matrix size: 65X65
Matrix size: 64X64
Matrix size: 64X64
Matrix size: 64X64
Matrix size: 80X80
Matrix size: 79X79
Matrix size: 81X81
Matrix size: 79X79
Matrix size: 117X117
Matrix size: 118X118
Matrix size: 120X120
Matrix size: 118X118
Matrix size: 10X10
Matrix size: 10X10
Matrix size: 10X10
Matrix size: 10X10
Matrix size: 47X47
Matrix size: 46X46
Matrix size: 48X48
Matrix size: 46X46
Matrix size: 42X42
Matrix size: 43X43
Matrix size: 42X42
Matrix size: 44X44
Matrix size: 65X65
Matrix size: 65X65
Matrix size: 65X65
Matrix size: 64X64
Matrix size: 128X128
Matrix size: 129X129
Matrix size: 128X128
Matrix size: 126X126
Matrix size: 17X17
Matrix size: 17X17
Matrix size: 18X18
Matrix size: 17X17
Matrix size: 17X17
Matrix size: 17X17
Matrix size: 17X17
Matrix size: 17X17
Matrix size: 73X73
Matrix size: 75X75
Matrix size: 74X74
Matrix size: 71X71
Matrix size: 79X79
Matrix size: 79X79
Matrix size: 81X81
Matrix size: 79X79
Matrix size: 135X135
Matrix size: 135X135
Matrix size: 141X141
Matrix size: 137X137
Matrix size: 70X70
Matrix size: 70X70
Matrix size: 72X72
Matrix size: 70X70
Matrix size: 3X3
Matrix size: 3X3
Matrix size: 3X3
Matrix size: 3X3
Matrix size: 21X21
Matrix size: 21X21
Matrix size: 21X21
Matrix size: 21X21
Matrix size: 137X137
Matrix size: 140X140
Matrix size: 138X138
Matrix size: 137X137
Matrix size: 5X5
Matrix size: 5X5
Matrix size: 6X6
Matrix size: 5X5
Matrix size: 70X70
Matrix size: 70X70
Matrix size: 70X70
Matrix size: 69X69
Matrix size: 186X186
Matrix size: 181X181
Matrix size: 193X193
Matrix size: 183X183
Matrix size: 194X194
Matrix size: 197X197
Matrix size: 200X200
Matrix size: 200X200
Matrix size: 98X98
Matrix size: 100X100
Matrix size: 104X104
Matrix size: 98X98
Matrix size: 61X61
Matrix size: 61X61
Matrix size: 62X62
Matrix size: 62X62
Matrix size: 84X84
Matrix size: 84X84
Matrix size: 91X91
Matrix size: 84X84
Matrix size: 88X88
Matrix size: 89X89
Matrix size: 91X91
Matrix size: 88X88
Matrix size: 170X170
Matrix size: 169X169
Matrix size: 172X172
Matrix size: 168X168
Matrix size: 12X12
Matrix size: 12X12
Matrix size: 13X13
Matrix size: 12X12
Matrix size: 74X74
Matrix size: 73X73
Matrix size: 74X74
Matrix size: 75X75
Matrix size: 50X50
Matrix size: 52X52
Matrix size: 52X52
Matrix size: 49X49
Matrix size: 88X88
Matrix size: 88X88
Matrix size: 92X92
Matrix size: 88X88
Matrix size: 218X218
Matrix size: 214X214
Matrix size: 235X235
Matrix size: 214X214
Matrix size: 35X35
Matrix size: 36X36
Matrix size: 36X36
Matrix size: 36X36
Matrix size: 23X23
Matrix size: 22X22
Matrix size: 23X23
Matrix size: 23X23
Matrix size: 111X111
Matrix size: 109X109
Matrix size: 112X112
Matrix size: 112X112
Matrix size: 5X5
Matrix size: 5X5
Matrix size: 6X6
Matrix size: 5X5
Matrix size: 135X135
Matrix size: 135X135
Matrix size: 137X137
Matrix size: 136X136
Matrix size: 196X196
Matrix size: 194X194
Matrix size: 202X202
Matrix size: 195X195
Matrix size: 86X86
Matrix size: 83X83
Matrix size: 85X85
Matrix size: 85X85
Matrix size: 16X16
Matrix size: 18X18
Matrix size: 17X17
Matrix size: 16X16
Matrix size: 162X162
Matrix size: 171X171
Matrix size: 173X173
Matrix size: 166X166
Matrix size: 8X8
Matrix size: 9X9
Matrix size: 9X9
Matrix size: 8X8
Matrix size: 7X7
Matrix size: 6X6
Matrix size: 6X6
Matrix size: 6X6
Matrix size: 14X14
Matrix size: 14X14
Matrix size: 14X14
Matrix size: 14X14
Matrix size: 38X38
Matrix size: 39X39
Matrix size: 41X41
Matrix size: 39X39
Matrix size: 34X34
Matrix size: 33X33
Matrix size: 34X34
Matrix size: 33X33
Matrix size: 25X25
Matrix size: 25X25
Matrix size: 25X25
Matrix size: 25X25
Matrix size: 13X13
Matrix size: 13X13
Matrix size: 13X13
Matrix size: 13X13
Matrix size: 23X23
Matrix size: 23X23
Matrix size: 22X22
Matrix size: 23X23
Matrix size: 22X22
Matrix size: 22X22
Matrix size: 22X22
Matrix size: 22X22
Matrix size: 27X27
Matrix size: 28X28
Matrix size: 28X28
Matrix size: 28X28
Matrix size: 5X5
Matrix size: 5X5
Matrix size: 5X5
Matrix size: 5X5
Matrix size: 21X21
Matrix size: 21X21
Matrix size: 21X21
Matrix size: 21X21
Matrix size: 8X8
Matrix size: 8X8
Matrix size: 8X8
Matrix size: 8X8
Matrix size: 24X24
Matrix size: 24X24
Matrix size: 24X24
Matrix size: 24X24
Matrix size: 32X32
Matrix size: 32X32
Matrix size: 32X32
Matrix size: 32X32
Matrix size: 10X10
Matrix size: 10X10
Matrix size: 10X10
Matrix size: 10X10
Matrix size: 4X4
Matrix size: 4X4
Matrix size: 4X4
Matrix size: 5X5
Matrix size: 28X28
Matrix size: 28X28
Matrix size: 28X28
Matrix size: 28X28
Matrix size: 1X1
Matrix size: 1X1
Matrix size: 1X1
Matrix size: 1X1
Matrix size: 16X16
Matrix size: 16X16
Matrix size: 16X16
Matrix size: 16X16
Matrix size: 34X34
Matrix size: 33X33
Matrix size: 34X34
Matrix size: 34X34
Matrix size: 14X14
Matrix size: 14X14
Matrix size: 14X14
Matrix size: 14X14
Matrix size: 2X2
Matrix size: 2X2
Matrix size: 2X2
Matrix size: 2X2
Matrix size: 4X4
Matrix size: 5X5
Matrix size: 5X5
Matrix size: 4X4
Matrix size: 34X34
Matrix size: 34X34
Matrix size: 34X34
Matrix size: 35X35
Matrix size: 3X3
Matrix size: 3X3
Matrix size: 3X3
Matrix size: 3X3
Matrix size: 1X1
Matrix size: 1X1
Matrix size: 1X1
Matrix size: 1X1
Matrix size: 2X2
Matrix size: 2X2
Matrix size: 2X2
Matrix size: 2X2
Matrix size: 4X4
Matrix size: 5X5
Matrix size: 5X5
Matrix size: 5X5
Matrix size: 10X10
Matrix size: 10X10
Matrix size: 10X10
Matrix size: 10X10
Matrix size: 1X1
Matrix size: 1X1
Matrix size: 1X1
Matrix size: 1X1
Matrix size: 3X3
Matrix size: 3X3
Matrix size: 3X3
Matrix size: 3X3
Matrix size: 2X2
Matrix size: 2X2
Matrix size: 2X2
Matrix size: 2X2
Matrix size: 6X6
Matrix size: 6X6
Matrix size: 6X6
Matrix size: 6X6
Matrix size: 8X8
Matrix size: 8X8
Matrix size: 8X8
Matrix size: 8X8
Matrix size: 3X3
Matrix size: 3X3
Matrix size: 3X3
Matrix size: 3X3
Matrix size: 1X1
Matrix size: 1X1
Matrix size: 1X1
Matrix size: 1X1
Matrix size: 2X2
Matrix size: 2X2
Matrix size: 2X2
Matrix size: 2X2
Matrix size: 8X8
Matrix size: 8X8
Matrix size: 8X8
Matrix size: 8X8
Matrix size: 5X5
Matrix size: 5X5
Matrix size: 5X5
Matrix size: 5X5
Matrix size: 4X4
Matrix size: 4X4
Matrix size: 4X4
Matrix size: 4X4
Matrix size: 6X6
Matrix size: 6X6
Matrix size: 6X6
Matrix size: 6X6
Matrix size: 3X3
Matrix size: 3X3
Matrix size: 3X3
Matrix size: 3X3
Matrix size: 1X1
Matrix size: 1X1
Matrix size: 1X1
Matrix size: 1X1
Matrix size: 6X6
Matrix size: 6X6
Matrix size: 6X6
Matrix size: 6X6
Matrix size: 26X26
Matrix size: 26X26
Matrix size: 26X26
Matrix size: 26X26
Matrix size: 57X57
Matrix size: 56X56
Matrix size: 57X57
Matrix size: 56X56
Matrix size: 90X90
Matrix size: 92X92
Matrix size: 91X91
Matrix size: 90X90
Matrix size: 41X41
Matrix size: 41X41
Matrix size: 41X41
Matrix size: 40X40
Matrix size: 14X14
Matrix size: 14X14
Matrix size: 14X14
Matrix size: 14X14
Matrix size: 37X37
Matrix size: 37X37
Matrix size: 37X37
Matrix size: 37X37
Matrix size: 32X32
Matrix size: 32X32
Matrix size: 31X31
Matrix size: 30X30
Matrix size: 50X50
Matrix size: 50X50
Matrix size: 54X54
Matrix size: 50X50
Matrix size: 5X5
Matrix size: 5X5
Matrix size: 5X5
Matrix size: 5X5
Matrix size: 26X26
Matrix size: 25X25
Matrix size: 24X24
Matrix size: 25X25
Matrix size: 8X8
Matrix size: 8X8
Matrix size: 8X8
Matrix size: 8X8
Matrix size: 34X34
Matrix size: 34X34
Matrix size: 35X35
Matrix size: 34X34
Matrix size: 70X70
Matrix size: 72X72
Matrix size: 77X77
Matrix size: 72X72
Matrix size: 11X11
Matrix size: 11X11
Matrix size: 11X11
Matrix size: 11X11
Matrix size: 9X9
Matrix size: 10X10
Matrix size: 9X9
Matrix size: 9X9
Matrix size: 37X37
Matrix size: 35X35
Matrix size: 36X36
Matrix size: 35X35
Matrix size: 1X1
Matrix size: 1X1
Matrix size: 1X1
Matrix size: 1X1
Matrix size: 36X36
Matrix size: 36X36
Matrix size: 37X37
Matrix size: 36X36
Matrix size: 69X69
Matrix size: 67X67
Matrix size: 68X68
Matrix size: 67X67
Matrix size: 40X40
Matrix size: 40X40
Matrix size: 41X41
Matrix size: 40X40
Matrix size: 9X9
Matrix size: 9X9
Matrix size: 9X9
Matrix size: 9X9
Matrix size: 47X47
Matrix size: 47X47
Matrix size: 47X47
Matrix size: 46X46
Matrix size: 2X2
Matrix size: 2X2
Matrix size: 2X2
Matrix size: 2X2
Matrix size: 1X1
Matrix size: 1X1
Matrix size: 1X1
Matrix size: 1X1
Matrix size: 1X1
Matrix size: 1X1
Matrix size: 1X1
Matrix size: 1X1
Matrix size: 4X4
Matrix size: 5X5
Matrix size: 4X4
Matrix size: 4X4
Matrix size: 2X2
Matrix size: 2X2
Matrix size: 2X2
Matrix size: 2X2
Matrix size: 2X2
Matrix size: 2X2
Matrix size: 2X2
Matrix size: 2X2
Matrix size: 1X1
Matrix size: 1X1
Matrix size: 1X1
Matrix size: 1X1
Matrix size: 2X2
Matrix size: 2X2
Matrix size: 2X2
Matrix size: 2X2
Matrix size: 1X1
Matrix size: 1X1
Matrix size: 1X1
Matrix size: 1X1
Matrix size: 1X1
Matrix size: 1X1
Matrix size: 1X1
Matrix size: 1X1
Matrix size: 2X2
Matrix size: 2X2
Matrix size: 2X2
Matrix size: 2X2
Matrix size: 2X2
Matrix size: 2X2
Matrix size: 2X2
Matrix size: 2X2
Matrix size: 2X2
Matrix size: 2X2
Matrix size: 2X2
Matrix size: 2X2
Matrix size: 1X1
Matrix size: 1X1
Matrix size: 1X1
Matrix size: 1X1
Matrix size: 2X2
Matrix size: 2X2
Matrix size: 2X2
Matrix size: 2X2
Matrix size: 1X1
Matrix size: 58X58
Matrix size: 58X58
Matrix size: 58X58
Matrix size: 59X59
Matrix size: 142X142
Matrix size: 139X139
Matrix size: 142X142
Matrix size: 138X138
Matrix size: 162X162
Matrix size: 160X160
Matrix size: 158X158
Matrix size: 159X159
Matrix size: 92X92
Matrix size: 92X92
Matrix size: 96X96
Matrix size: 92X92
Matrix size: 51X51
Matrix size: 51X51
Matrix size: 52X52
Matrix size: 52X52
Matrix size: 78X78
Matrix size: 78X78
Matrix size: 79X79
Matrix size: 78X78
Matrix size: 74X74
Matrix size: 78X78
Matrix size: 79X79
Matrix size: 75X75
Matrix size: 122X122
Matrix size: 121X121
Matrix size: 127X127
Matrix size: 122X122
Matrix size: 9X9
Matrix size: 9X9
Matrix size: 9X9
Matrix size: 9X9
Matrix size: 62X62
Matrix size: 61X61
Matrix size: 63X63
Matrix size: 61X61
Matrix size: 39X39
Matrix size: 39X39
Matrix size: 42X42
Matrix size: 39X39
Matrix size: 82X82
Matrix size: 83X83
Matrix size: 84X84
Matrix size: 82X82
Matrix size: 139X139
Matrix size: 136X136
Matrix size: 145X145
Matrix size: 135X135
Matrix size: 18X18
Matrix size: 19X19
Matrix size: 20X20
Matrix size: 19X19
Matrix size: 19X19
Matrix size: 20X20
Matrix size: 19X19
Matrix size: 19X19
Matrix size: 89X89
Matrix size: 88X88
Matrix size: 88X88
Matrix size: 88X88
Matrix size: 3X3
Matrix size: 3X3
Matrix size: 3X3
Matrix size: 3X3
Matrix size: 74X74
Matrix size: 73X73
Matrix size: 76X76
Matrix size: 74X74
Matrix size: 155X155
Matrix size: 155X155
Matrix size: 166X166
Matrix size: 154X154
Matrix size: 83X83
Matrix size: 83X83
Matrix size: 86X86
Matrix size: 83X83
Matrix size: 1X1
Matrix size: 1X1
Matrix size: 1X1
Matrix size: 1X1
Matrix size: 8X8
Matrix size: 8X8
Matrix size: 8X8
Matrix size: 8X8
Matrix size: 139X139
Matrix size: 141X141
Matrix size: 142X142
Matrix size: 139X139
Matrix size: 12X12
Matrix size: 11X11
Matrix size: 11X11
Matrix size: 11X11
Matrix size: 6X6
Matrix size: 6X6
Matrix size: 6X6
Matrix size: 6X6
Matrix size: 48X48
Matrix size: 53X53
Matrix size: 51X51
Matrix size: 51X51
Matrix size: 165X165
Matrix size: 164X164
Matrix size: 174X174
Matrix size: 163X163
Matrix size: 180X180
Matrix size: 177X177
Matrix size: 180X180
Matrix size: 178X178
Matrix size: 118X118
Matrix size: 121X121
Matrix size: 125X125
Matrix size: 119X119
Matrix size: 42X42
Matrix size: 43X43
Matrix size: 44X44
Matrix size: 43X43
Matrix size: 93X93
Matrix size: 92X92
Matrix size: 93X93
Matrix size: 93X93
Matrix size: 84X84
Matrix size: 90X90
Matrix size: 89X89
Matrix size: 85X85
Matrix size: 157X157
Matrix size: 158X158
Matrix size: 166X166
Matrix size: 159X159
Matrix size: 13X13
Matrix size: 13X13
Matrix size: 13X13
Matrix size: 13X13
Matrix size: 65X65
Matrix size: 66X66
Matrix size: 66X66
Matrix size: 65X65
Matrix size: 52X52
Matrix size: 52X52
Matrix size: 56X56
Matrix size: 51X51
Matrix size: 67X67
Matrix size: 68X68
Matrix size: 69X69
Matrix size: 68X68
Matrix size: 158X158
Matrix size: 162X162
Matrix size: 167X167
Matrix size: 159X159
Matrix size: 29X29
Matrix size: 29X29
Matrix size: 29X29
Matrix size: 29X29
Matrix size: 26X26
Matrix size: 26X26
Matrix size: 26X26
Matrix size: 26X26
Matrix size: 109X109
Matrix size: 108X108
Matrix size: 112X112
Matrix size: 106X106
Matrix size: 1X1
Matrix size: 1X1
Matrix size: 1X1
Matrix size: 1X1
Matrix size: 111X111
Matrix size: 111X111
Matrix size: 112X112
Matrix size: 110X110
Matrix size: 189X189
Matrix size: 190X190
Matrix size: 196X196
Matrix size: 192X192
Matrix size: 78X78
Matrix size: 78X78
Matrix size: 77X77
Matrix size: 79X79
Matrix size: 1X1
Matrix size: 1X1
Matrix size: 1X1
Matrix size: 1X1
Matrix size: 18X18
Matrix size: 18X18
Matrix size: 21X21
Matrix size: 18X18
Matrix size: 143X143
Matrix size: 146X146
Matrix size: 148X148
Matrix size: 145X145
Matrix size: 19X19
Matrix size: 20X20
Matrix size: 20X20
Matrix size: 19X19
Matrix size: 3X3
Matrix size: 3X3
Matrix size: 3X3
Matrix size: 3X3
Matrix size: 62X62
Matrix size: 62X62
Matrix size: 61X61
Matrix size: 63X63
Matrix size: 141X141
Matrix size: 141X141
Matrix size: 145X145
Matrix size: 140X140
Matrix size: 129X129
Matrix size: 126X126
Matrix size: 130X130
Matrix size: 126X126
Matrix size: 72X72
Matrix size: 71X71
Matrix size: 74X74
Matrix size: 72X72
Matrix size: 48X48
Matrix size: 47X47
Matrix size: 49X49
Matrix size: 47X47
Matrix size: 56X56
Matrix size: 56X56
Matrix size: 57X57
Matrix size: 55X55
Matrix size: 79X79
Matrix size: 78X78
Matrix size: 78X78
Matrix size: 78X78
Matrix size: 110X110
Matrix size: 110X110
Matrix size: 109X109
Matrix size: 109X109
Matrix size: 7X7
Matrix size: 7X7
Matrix size: 7X7
Matrix size: 7X7
Matrix size: 66X66
Matrix size: 67X67
Matrix size: 67X67
Matrix size: 67X67
Matrix size: 35X35
Matrix size: 33X33
Matrix size: 34X34
Matrix size: 33X33
Matrix size: 61X61
Matrix size: 61X61
Matrix size: 61X61
Matrix size: 60X60
Matrix size: 152X152
Matrix size: 155X155
Matrix size: 159X159
Matrix size: 154X154
Matrix size: 23X23
Matrix size: 23X23
Matrix size: 23X23
Matrix size: 23X23
Matrix size: 15X15
Matrix size: 16X16
Matrix size: 16X16
Matrix size: 15X15
Matrix size: 82X82
Matrix size: 83X83
Matrix size: 84X84
Matrix size: 81X81
Matrix size: 2X2
Matrix size: 2X2
Matrix size: 2X2
Matrix size: 2X2
Matrix size: 72X72
Matrix size: 72X72
Matrix size: 73X73
Matrix size: 72X72
Matrix size: 156X156
Matrix size: 155X155
Matrix size: 155X155
Matrix size: 151X151
Matrix size: 86X86
Matrix size: 86X86
Matrix size: 88X88
Matrix size: 86X86
Matrix size: 3X3
Matrix size: 3X3
Matrix size: 3X3
Matrix size: 3X3
Matrix size: 18X18
Matrix size: 18X18
Matrix size: 18X18
Matrix size: 18X18
Matrix size: 125X125
Matrix size: 131X131
Matrix size: 131X131
Matrix size: 127X127
Matrix size: 7X7
Matrix size: 6X6
Matrix size: 7X7
Matrix size: 7X7
Matrix size: 9X9
Matrix size: 9X9
Matrix size: 9X9
Matrix size: 9X9
Matrix size: 2X2
Matrix size: 2X2
Matrix size: 2X2
Matrix size: 2X2
Matrix size: 2X2
Matrix size: 2X2
Matrix size: 2X2
Matrix size: 2X2
Matrix size: 1X1
Matrix size: 1X1
Matrix size: 1X1
Matrix size: 1X1
Matrix size: 1X1
Matrix size: 1X1
Matrix size: 1X1
Matrix size: 1X1
Matrix size: 1X1
Matrix size: 1X1
Matrix size: 1X1
Matrix size: 1X1
Matrix size: 1X1
Matrix size: 1X1
Matrix size: 1X1
Matrix size: 1X1
Matrix size: 6X6
Matrix size: 6X6
Matrix size: 6X6
Matrix size: 6X6
Matrix size: 22X22
Matrix size: 22X22
Matrix size: 23X23
Matrix size: 22X22
Matrix size: 23X23
Matrix size: 24X24
Matrix size: 24X24
Matrix size: 24X24
Matrix size: 14X14
Matrix size: 14X14
Matrix size: 14X14
Matrix size: 14X14
Matrix size: 5X5
Matrix size: 5X5
Matrix size: 5X5
Matrix size: 4X4
Matrix size: 10X10
Matrix size: 10X10
Matrix size: 10X10
Matrix size: 10X10
Matrix size: 14X14
Matrix size: 14X14
Matrix size: 14X14
Matrix size: 14X14
Matrix size: 20X20
Matrix size: 20X20
Matrix size: 20X20
Matrix size: 21X21
Matrix size: 3X3
Matrix size: 3X3
Matrix size: 3X3
Matrix size: 3X3
Matrix size: 7X7
Matrix size: 7X7
Matrix size: 7X7
Matrix size: 7X7
Matrix size: 6X6
Matrix size: 6X6
Matrix size: 6X6
Matrix size: 6X6
Matrix size: 14X14
Matrix size: 14X14
Matrix size: 14X14
Matrix size: 14X14
Matrix size: 28X28
Matrix size: 28X28
Matrix size: 29X29
Matrix size: 28X28
Matrix size: 4X4
Matrix size: 4X4
Matrix size: 4X4
Matrix size: 4X4
Matrix size: 1X1
Matrix size: 1X1
Matrix size: 1X1
Matrix size: 1X1
Matrix size: 20X20
Matrix size: 20X20
Matrix size: 20X20
Matrix size: 20X20
Matrix size: 1X1
Matrix size: 1X1
Matrix size: 1X1
Matrix size: 1X1
Matrix size: 11X11
Matrix size: 11X11
Matrix size: 11X11
Matrix size: 11X11
Matrix size: 24X24
Matrix size: 24X24
Matrix size: 24X24
Matrix size: 24X24
Matrix size: 15X15
Matrix size: 15X15
Matrix size: 15X15
Matrix size: 15X15
Matrix size: 2X2
Matrix size: 2X2
Matrix size: 2X2
Matrix size: 2X2
Matrix size: 4X4
Matrix size: 4X4
Matrix size: 4X4
Matrix size: 4X4
Matrix size: 17X17
Matrix size: 18X18
Matrix size: 19X19
Matrix size: 17X17
Matrix size: 1X1
Matrix size: 1X1
Matrix size: 1X1
Matrix size: 1X1
Matrix size: 2X2
Matrix size: 2X2
Matrix size: 2X2
Matrix size: 2X2
Matrix size: 24X24
Matrix size: 25X25
Matrix size: 24X24
Matrix size: 24X24
Matrix size: 71X71
Matrix size: 73X73
Matrix size: 72X72
Matrix size: 70X70
Matrix size: 72X72
Matrix size: 74X74
Matrix size: 74X74
Matrix size: 72X72
Matrix size: 29X29
Matrix size: 30X30
Matrix size: 30X30
Matrix size: 28X28
Matrix size: 25X25
Matrix size: 24X24
Matrix size: 24X24
Matrix size: 25X25
Matrix size: 20X20
Matrix size: 20X20
Matrix size: 21X21
Matrix size: 20X20
Matrix size: 28X28
Matrix size: 31X31
Matrix size: 29X29
Matrix size: 28X28
Matrix size: 65X65
Matrix size: 63X63
Matrix size: 64X64
Matrix size: 62X62
Matrix size: 24X24
Matrix size: 24X24
Matrix size: 26X26
Matrix size: 24X24
Matrix size: 20X20
Matrix size: 20X20
Matrix size: 20X20
Matrix size: 19X19
Matrix size: 29X29
Matrix size: 30X30
Matrix size: 30X30
Matrix size: 29X29
Matrix size: 54X54
Matrix size: 53X53
Matrix size: 56X56
Matrix size: 53X53
Matrix size: 6X6
Matrix size: 6X6
Matrix size: 6X6
Matrix size: 6X6
Matrix size: 3X3
Matrix size: 4X4
Matrix size: 3X3
Matrix size: 3X3
Matrix size: 31X31
Matrix size: 33X33
Matrix size: 32X32
Matrix size: 32X32
Matrix size: 28X28
Matrix size: 32X32
Matrix size: 28X28
Matrix size: 28X28
Matrix size: 72X72
Matrix size: 73X73
Matrix size: 75X75
Matrix size: 72X72
Matrix size: 21X21
Matrix size: 23X23
Matrix size: 23X23
Matrix size: 21X21
Matrix size: 6X6
Matrix size: 7X7
Matrix size: 6X6
Matrix size: 6X6
Matrix size: 59X59
Matrix size: 59X59
Matrix size: 61X61
Matrix size: 59X59
Matrix size: 4X4
Matrix size: 4X4
Matrix size: 4X4
Matrix size: 4X4
Matrix size: 1X1
Matrix size: 1X1
Matrix size: 1X1
Matrix size: 1X1
Matrix size: 2X2
Matrix size: 2X2
Matrix size: 2X2
Matrix size: 2X2
Matrix size: 2X2
Matrix size: 2X2
Matrix size: 2X2
Matrix size: 2X2
Matrix size: 1X1
Matrix size: 1X1
Matrix size: 1X1
Matrix size: 1X1
Matrix size: 5X5
Matrix size: 5X5
Matrix size: 5X5
Matrix size: 5X5
Matrix size: 3X3
Matrix size: 3X3
Matrix size: 3X3
Matrix size: 3X3
Matrix size: 3X3
Matrix size: 3X3
Matrix size: 3X3
Matrix size: 3X3
Matrix size: 2X2
Matrix size: 2X2
Matrix size: 2X2
Matrix size: 2X2
Matrix size: 2X2
Matrix size: 2X2
Matrix size: 2X2
Matrix size: 2X2
Matrix size: 2X2
Matrix size: 2X2
Matrix size: 2X2
Matrix size: 2X2
Matrix size: 3X3
Matrix size: 3X3
Matrix size: 3X3
Matrix size: 3X3
Matrix size: 2X2
Matrix size: 2X2
Matrix size: 2X2
Matrix size: 2X2
Matrix size: 11X11
Matrix size: 11X11
Matrix size: 11X11
Matrix size: 11X11
Matrix size: 2X2
Matrix size: 2X2
Matrix size: 2X2
Matrix size: 2X2
Matrix size: 1X1
Matrix size: 1X1
Matrix size: 1X1
Matrix size: 1X1
Matrix size: 3X3
Matrix size: 4X4
Matrix size: 3X3
Matrix size: 3X3
Matrix size: 2X2
Matrix size: 2X2
Matrix size: 2X2
Matrix size: 2X2
Matrix size: 2X2
Matrix size: 2X2
Matrix size: 2X2
Matrix size: 2X2
Matrix size: 2X2
Matrix size: 2X2
Matrix size: 2X2
Matrix size: 2X2
Matrix size: 2X2
Matrix size: 2X2
Matrix size: 2X2
Matrix size: 2X2
Matrix size: 2X2
Matrix size: 2X2
Matrix size: 2X2
Matrix size: 2X2
Matrix size: 1X1
Matrix size: 1X1
Matrix size: 3X3
Matrix size: 1X1
Matrix size: 3X3
Matrix size: 3X3
Matrix size: 3X3
Matrix size: 3X3
Matrix size: 1X1
Matrix size: 1X1
Matrix size: 1X1
Matrix size: 1X1
Matrix size: 1X1
Matrix size: 1X1
Matrix size: 1X1
Matrix size: 1X1
Matrix size: 2X2
Matrix size: 2X2
Matrix size: 3X3
Matrix size: 2X2
Matrix size: 1X1
Matrix size: 1X1
Matrix size: 1X1
Matrix size: 1X1
Matrix size: 1X1
Matrix size: 1X1
Matrix size: 1X1
Matrix size: 1X1
Matrix size: 1X1
Matrix size: 1X1
Matrix size: 1X1
Matrix size: 1X1
Matrix size: 2X2
Matrix size: 2X2
Matrix size: 2X2
Matrix size: 2X2
Matrix size: 1X1
Matrix size: 1X1
Matrix size: 1X1
Matrix size: 1X1
Matrix size: 1X1
Matrix size: 1X1
Matrix size: 1X1
Matrix size: 1X1
Matrix size: 2X2
Matrix size: 2X2
Matrix size: 2X2
Matrix size: 2X2
Matrix size: 1X1
Matrix size: 1X1
Matrix size: 1X1
Matrix size: 1X1
Matrix size: 1X1
Matrix size: 1X1
Matrix size: 1X1
Matrix size: 1X1
Matrix size: 4X4
Matrix size: 4X4
Matrix size: 4X4
Matrix size: 4X4
Matrix size: 1X1
Matrix size: 1X1
Matrix size: 1X1
Matrix size: 1X1
==================================================
Runtime: 462519
Precision: 0.997284
Recall: 0.95468
F1: 0.97551703
Protocol finished successfully
==================================================
Time taken: 780769ms


BUILD SUCCESSFUL in 13m 3s
2 actionable tasks: 2 executed
