> Task :compileJava UP-TO-DATE
> Task :processResources NO-SOURCE
> Task :classes UP-TO-DATE

> Task :run
Metric Space Protocol running...
Retrieving records from the databases...
Adding records to parties...
Encoding party records...
Metric space protocol...
Matrix size: 53118X53118
Matrix size: 56152X56152
Matrix size: 56430X56430
Matrix size: 60400X60400
==================================================
Runtime: 443264841
Precision: 0.99665284
Recall: 0.94092
F1: 0.96798486
Protocol finished successfully
==================================================
Time taken: 443386721ms


BUILD SUCCESSFUL in 123h 9m 47s
2 actionable tasks: 1 executed, 1 up-to-date
