> Task :compileJava
> Task :processResources NO-SOURCE
> Task :classes

> Task :run
Metric Space Protocol running...
Retrieving records from the databases...
Adding records to parties...
Encoding party records...
Metric space protocol...
Matrix size: 28026X28026
Matrix size: 28449X28449
Matrix size: 30252X30252
Matrix size: 28328X28328
==================================================
Runtime: 67669571
Precision: 0.9954107
Recall: 0.91964
F1: 0.9560263
Protocol finished successfully
==================================================
Time taken: 67731987ms


BUILD SUCCESSFUL in 18h 48m 52s
2 actionable tasks: 2 executed
