Starting a Gradle Daemon, 1 busy Daemon could not be reused, use --status for details
> Task :compileJava
> Task :processResources NO-SOURCE
> Task :classes

> Task :run
Metric Space Protocol running...
Retrieving records from the databases...
Adding records to parties...
Encoding party records...
Metric space protocol...
Matrix size: 15766X15766
Matrix size: 15211X15211
Matrix size: 14212X14212
Matrix size: 14644X14644
==================================================
Runtime: 33603673
Precision: 0.9940267
Recall: 0.90528
F1: 0.9475799
Protocol finished successfully
==================================================
Time taken: 33635023ms


BUILD SUCCESSFUL in 9h 20m 37s
2 actionable tasks: 2 executed
