Starting a Gradle Daemon, 1 busy and 1 incompatible and 1 stopped Daemons could not be reused, use --status for details
> Task :compileJava UP-TO-DATE
> Task :processResources NO-SOURCE
> Task :classes UP-TO-DATE

> Task :run
Metric Space Protocol running...
Retrieving records from the databases...
Adding records to parties...
Encoding party records...
Metric space protocol...
Matrix size: 28026X28026
Matrix size: 28449X28449
Matrix size: 30252X30252
Matrix size: 28328X28328
==================================================
Runtime: 67846270
Precision: 0.9954107
Recall: 0.91964
F1: 0.9560263
Protocol finished successfully
==================================================
Time taken: 67908056ms


BUILD SUCCESSFUL in 18h 51m 51s
2 actionable tasks: 1 executed, 1 up-to-date
