> Task :compileJava
> Task :processResources NO-SOURCE
> Task :classes

> Task :run
Soundex Based Protocol running...
Retrieving records from the databases...
Adding records to parties...
Encoding party records with soundex...
Generating noise data...
Truncate data...
Generating hashes...
Soundex based protocol...
==================================================
Runtime: 352
Precision: 0.9955972
Recall: 0.56532
F1: 0.7211543
Protocol finished successfully
==================================================
Time taken: 14142ms


BUILD SUCCESSFUL in 14s
2 actionable tasks: 2 executed
