> Task :compileJava UP-TO-DATE
> Task :processResources NO-SOURCE
> Task :classes UP-TO-DATE

> Task :run
Soundex Based Protocol running...
Retrieving records from the databases...
Adding records to parties...
Encoding party records with soundex...
Generating noise data...
Truncate data...
Generating hashes...
Soundex based protocol...
==================================================
Runtime: 269
Precision: 0.9921586
Recall: 0.17714
F1: 0.3006092
Protocol finished successfully
==================================================
Time taken: 10902ms


BUILD SUCCESSFUL in 11s
2 actionable tasks: 1 executed, 1 up-to-date
