Starting a Gradle Daemon, 1 busy Daemon could not be reused, use --status for details
> Task :compileJava UP-TO-DATE
> Task :processResources NO-SOURCE
> Task :classes UP-TO-DATE

> Task :run
Early Mapping Clustering Protocol running...
Retrieving records from the databases...
Adding records to parties...
Encoding party records...
Grouping party records...
Early mapping clustering protocol...
Number of blocks: 664
Number of blocks: 664
Matrix size: 258X258
Matrix size: 320X320
Matrix size: 376X376
Matrix size: 437X437
Matrix size: 745X745
Matrix size: 949X949
Matrix size: 1159X1159
Matrix size: 1287X1287
Matrix size: 681X681
Matrix size: 828X828
Matrix size: 993X993
Matrix size: 1163X1163
Matrix size: 296X296
Matrix size: 381X381
Matrix size: 435X435
Matrix size: 455X455
Matrix size: 120X120
Matrix size: 150X150
Matrix size: 171X171
Matrix size: 175X175
Matrix size: 247X247
Matrix size: 321X321
Matrix size: 378X378
Matrix size: 409X409
Matrix size: 336X336
Matrix size: 446X446
Matrix size: 511X511
Matrix size: 514X514
Matrix size: 635X635
Matrix size: 751X751
Matrix size: 887X887
Matrix size: 1036X1036
Matrix size: 29X29
Matrix size: 31X31
Matrix size: 27X27
Matrix size: 38X38
Matrix size: 269X269
Matrix size: 301X301
Matrix size: 301X301
Matrix size: 393X393
Matrix size: 163X163
Matrix size: 247X247
Matrix size: 268X268
Matrix size: 279X279
Matrix size: 367X367
Matrix size: 440X440
Matrix size: 527X527
Matrix size: 561X561
Matrix size: 705X705
Matrix size: 905X905
Matrix size: 1068X1068
Matrix size: 1233X1233
Matrix size: 76X76
Matrix size: 106X106
Matrix size: 113X113
Matrix size: 119X119
Matrix size: 64X64
Matrix size: 76X76
Matrix size: 100X100
Matrix size: 107X107
Matrix size: 401X401
Matrix size: 511X511
Matrix size: 593X593
Matrix size: 629X629
Matrix size: 9X9
Matrix size: 10X10
Matrix size: 8X8
Matrix size: 9X9
Matrix size: 423X423
Matrix size: 525X525
Matrix size: 571X571
Matrix size: 611X611
Matrix size: 745X745
Matrix size: 896X896
Matrix size: 1173X1173
Matrix size: 1300X1300
Matrix size: 297X297
Matrix size: 350X350
Matrix size: 409X409
Matrix size: 479X479
Matrix size: 6X6
Matrix size: 6X6
Matrix size: 11X11
Matrix size: 10X10
Matrix size: 94X94
Matrix size: 123X123
Matrix size: 136X136
Matrix size: 100X100
Matrix size: 595X595
Matrix size: 694X694
Matrix size: 803X803
Matrix size: 933X933
Matrix size: 1X1
Matrix size: 1X1
Matrix size: 1X1
Matrix size: 1X1
Matrix size: 36X36
Matrix size: 35X35
Matrix size: 45X45
Matrix size: 58X58
Matrix size: 19X19
Matrix size: 22X22
Matrix size: 16X16
Matrix size: 15X15
Matrix size: 142X142
Matrix size: 173X173
Matrix size: 181X181
Matrix size: 244X244
Matrix size: 579X579
Matrix size: 661X661
Matrix size: 903X903
Starting a Gradle Daemon, 2 busy Daemons could not be reused, use --status for details
> Task :compileJava UP-TO-DATE
> Task :processResources NO-SOURCE
> Task :classes UP-TO-DATE

> Task :run
Early Mapping Clustering Protocol running...
Retrieving records from the databases...
Adding records to parties...
Encoding party records...
Grouping party records...
Early mapping clustering protocol...
Number of blocks: 664
Number of blocks: 664
Matrix size: 258X258
Matrix size: 320X320
Matrix size: 376X376
Matrix size: 437X437
Matrix size: 745X745
Matrix size: 949X949
Matrix size: 1159X1159
Matrix size: 1287X1287
Matrix size: 681X681
Matrix size: 828X828
Matrix size: 993X993
Matrix size: 1163X1163
Matrix size: 296X296
Matrix size: 381X381
Matrix size: 435X435
Matrix size: 455X455
Matrix size: 120X120
Matrix size: 150X150
Matrix size: 171X171
Matrix size: 175X175
Matrix size: 247X247
Matrix size: 321X321
Matrix size: 378X378
Matrix size: 409X409
Matrix size: 336X336
Matrix size: 446X446
Matrix size: 511X511
Matrix size: 514X514
Matrix size: 635X635
Matrix size: 751X751
Matrix size: 887X887
Matrix size: 1036X1036
Matrix size: 29X29
Matrix size: 31X31
Matrix size: 27X27
Matrix size: 38X38
Matrix size: 269X269
Matrix size: 301X301
Matrix size: 301X301
Matrix size: 393X393
Matrix size: 163X163
Matrix size: 247X247
Matrix size: 268X268
Matrix size: 279X279
Matrix size: 367X367
Matrix size: 440X440
Matrix size: 527X527
Matrix size: 561X561
Matrix size: 705X705
Matrix size: 905X905
Matrix size: 1068X1068
Matrix size: 1233X1233
Matrix size: 76X76
Matrix size: 106X106
Matrix size: 113X113
Matrix size: 119X119
Matrix size: 64X64
Matrix size: 76X76
Matrix size: 100X100
Matrix size: 107X107
Matrix size: 401X401
Matrix size: 511X511
Matrix size: 593X593
Matrix size: 629X629
Matrix size: 9X9
Matrix size: 10X10
Matrix size: 8X8
Matrix size: 9X9
Matrix size: 423X423
Matrix size: 525X525
Matrix size: 571X571
Matrix size: 611X611
Matrix size: 745X745
Matrix size: 896X896
Matrix size: 1173X1173
Matrix size: 1300X1300
Matrix size: 297X297
Matrix size: 350X350
Matrix size: 409X409
Matrix size: 479X479
Matrix size: 6X6
Matrix size: 6X6
Matrix size: 11X11
Matrix size: 10X10
Matrix size: 94X94
Matrix size: 123X123
Matrix size: 136X136
Matrix size: 100X100
Matrix size: 595X595
Matrix size: 694X694
Matrix size: 803X803
Matrix size: 933X933
Matrix size: 1X1
Matrix size: 1X1
Matrix size: 1X1
Matrix size: 1X1
Matrix size: 36X36
Matrix size: 35X35
Matrix size: 45X45
Matrix size: 58X58
Matrix size: 19X19
Matrix size: 22X22
Matrix size: 16X16
Matrix size: 15X15
Matrix size: 142X142
Matrix size: 173X173
Matrix size: 181X181
Matrix size: 244X244
Matrix size: 579X579
Matrix size: 661X661
Matrix size: 903X903
Matrix size: 963X963
Matrix size: 454X454
Matrix size: 549X549
Matrix size: 677X677
Matrix size: 778X778
Matrix size: 206X206
Matrix size: 244X244
Matrix size: 270X270
Matrix size: 275X275
Matrix size: 111X111
Matrix size: 141X141
Matrix size: 154X154
Matrix size: 164X164
Matrix size: 184X184
Matrix size: 202X202
Matrix size: 260X260
Matrix size: 256X256
Matrix size: 231X231
Matrix size: 295X295
Matrix size: 312X312
Matrix size: 356X356
Matrix size: 419X419
Matrix size: 468X468
Matrix size: 562X562
Matrix size: 692X692
Matrix size: 19X19
Matrix size: 22X22
Matrix size: 17X17
Matrix size: 19X19
Matrix size: 188X188
Matrix size: 215X215
Matrix size: 237X237
Matrix size: 243X243
Matrix size: 107X107
Matrix size: 133X133
Matrix size: 169X169
Matrix size: 144X144
Matrix size: 194X194
Matrix size: 231X231
Matrix size: 295X295
Matrix size: 278X278
Matrix size: 543X543
Matrix size: 648X648
Matrix size: 716X716
Matrix size: 792X792
Matrix size: 64X64
Matrix size: 79X79
Matrix size: 74X74
Matrix size: 86X86
Matrix size: 38X38
Matrix size: 39X39
Matrix size: 43X43
Matrix size: 51X51
Matrix size: 287X287
Matrix size: 312X312
Matrix size: 388X388
Matrix size: 422X422
Matrix size: 7X7
Matrix size: 6X6
Matrix size: 7X7
Matrix size: 9X9
Matrix size: 271X271
Matrix size: 298X298
Matrix size: 342X342
Matrix size: 370X370
Matrix size: 533X533
Matrix size: 600X600
Matrix size: 739X739
Matrix size: 850X850
Matrix size: 223X223
Matrix size: 230X230
Matrix size: 260X260
Matrix size: 322X322
Matrix size: 7X7
Matrix size: 6X6
Matrix size: 6X6
Matrix size: 6X6
Matrix size: 41X41
Matrix size: 41X41
Matrix size: 42X42
Matrix size: 45X45
Matrix size: 412X412
Matrix size: 464X464
Matrix size: 519X519
Matrix size: 597X597
Matrix size: 30X30
Matrix size: 34X34
Matrix size: 34X34
Matrix size: 45X45
Matrix size: 4X4
Matrix size: 4X4
Matrix size: 4X4
Matrix size: 4X4
Matrix size: 306X306
Matrix size: 365X365
Matrix size: 436X436
Matrix size: 513X513
Matrix size: 1064X1064
Matrix size: 1208X1208
Matrix size: 1486X1486
Matrix size: 1788X1788
Matrix size: 941X941
Matrix size: 1074X1074
Matrix size: 1370X1370
Matrix size: 1551X1551
Matrix size: 442X442
Matrix size: 507X507
Matrix size: 612X612
Matrix size: 638X638
Matrix size: 170X170
Matrix size: 256X256
Matrix size: 257X257
Matrix size: 271X271
Matrix size: 310X310
Matrix size: 389X389
Matrix size: 459X459
Matrix size: 504X504
Matrix size: 419X419
Matrix size: 498X498
Matrix size: 593X593
Matrix size: 689X689
Matrix size: 850X850
Matrix size: 1015X1015
Matrix size: 1218X1218
Matrix size: 1389X1389
Matrix size: 39X39
Matrix size: 43X43
Matrix size: 42X42
Matrix size: 49X49
Matrix size: 338X338
Matrix size: 401X401
Matrix size: 473X473
Matrix size: 498X498
Matrix size: 219X219
Matrix size: 274X274
Matrix size: 359X359
Matrix size: 397X397
Matrix size: 432X432
Matrix size: 533X533
Matrix size: 605X605
Matrix size: 747X747
Matrix size: 985X985
Matrix size: 1144X1144
Matrix size: 1479X1479
Matrix size: 1604X1604
Matrix size: 117X117
Matrix size: 154X154
Matrix size: 176X176
Matrix size: 209X209
Matrix size: 98X98
Matrix size: 118X118
Matrix size: 129X129
Matrix size: 110X110
Matrix size: 533X533
Matrix size: 582X582
Matrix size: 698X698
Matrix size: 852X852
Matrix size: 7X7
Matrix size: 8X8
Matrix size: 12X12
Matrix size: 12X12
Matrix size: 524X524
Matrix size: 592X592
Matrix size: 732X732
Matrix size: 811X811
Matrix size: 954X954
Matrix size: 1129X1129
Matrix size: 1441X1441
Matrix size: 1547X1547
Matrix size: 376X376
Matrix size: 397X397
Matrix size: 519X519
Matrix size: 558X558
Matrix size: 8X8
Matrix size: 12X12
Matrix size: 12X12
Matrix size: 16X16
Matrix size: 75X75
Matrix size: 85X85
Matrix size: 130X130
Matrix size: 104X104
Matrix size: 899X899
Matrix size: 969X969
Matrix size: 1150X1150
Matrix size: 1321X1321
Matrix size: 35X35
Matrix size: 40X40
Matrix size: 41X41
Matrix size: 40X40
Matrix size: 13X13
Matrix size: 20X20
Matrix size: 23X23
Matrix size: 17X17
Matrix size: 238X238
Matrix size: 294X294
Matrix size: 330X330
Matrix size: 364X364
Matrix size: 780X780
Matrix size: 935X935
Matrix size: 1196X1196
Matrix size: 1203X1203
Matrix size: 659X659
Matrix size: 809X809
Matrix size: 1004X1004
Matrix size: 1035X1035
Matrix size: 335X335
Matrix size: 395X395
Matrix size: 495X495
Matrix size: 503X503
Matrix size: 122X122
Matrix size: 161X161
Matrix size: 178X178
Matrix size: 198X198
Matrix size: 262X262
Matrix size: 299X299
Matrix size: 368X368
Matrix size: 388X388
Matrix size: 331X331
Matrix size: 413X413
Matrix size: 457X457
Matrix size: 541X541
Matrix size: 658X658
Matrix size: 738X738
Matrix size: 929X929
Matrix size: 961X961
Matrix size: 29X29
Matrix size: 32X32
Matrix size: 39X39
Matrix size: 35X35
Matrix size: 275X275
Matrix size: 323X323
Matrix size: 384X384
Matrix size: 325X325
Matrix size: 159X159
Matrix size: 227X227
Matrix size: 233X233
Matrix size: 263X263
Matrix size: 332X332
Matrix size: 382X382
Matrix size: 450X450
Matrix size: 430X430
Matrix size: 741X741
Matrix size: 864X864
Matrix size: 1015X1015
Matrix size: 1198X1198
Matrix size: 87X87
Matrix size: 103X103
Matrix size: 111X111
Matrix size: 126X126
Matrix size: 57X57
Matrix size: 61X61
Matrix size: 69X69
Matrix size: 61X61
Matrix size: 382X382
Matrix size: 461X461
Matrix size: 559X559
Matrix size: 604X604
Matrix size: 9X9
Matrix size: 8X8
Matrix size: 10X10
Matrix size: 9X9
Matrix size: 367X367
Matrix size: 458X458
Matrix size: 511X511
Matrix size: 540X540
Matrix size: 734X734
Matrix size: 921X921
Matrix size: 1059X1059
Matrix size: 1244X1244
Matrix size: 273X273
Matrix size: 296X296
Matrix size: 362X362
Matrix size: 355X355
Matrix size: 9X9
Matrix size: 9X9
Matrix size: 11X11
Matrix size: 7X7
Matrix size: 66X66
Matrix size: 77X77
Matrix size: 80X80
Matrix size: 69X69
Matrix size: 659X659
Matrix size: 682X682
Matrix size: 849X849
Matrix size: 880X880
Matrix size: 26X26
Matrix size: 31X31
Matrix size: 33X33
Matrix size: 28X28
Matrix size: 5X5
Matrix size: 9X9
Matrix size: 12X12
Matrix size: 7X7
Matrix size: 101X101
Matrix size: 125X125
Matrix size: 146X146
Matrix size: 144X144
Matrix size: 354X354
Matrix size: 443X443
Matrix size: 551X551
Matrix size: 559X559
Matrix size: 293X293
Matrix size: 342X342
Matrix size: 416X416
Matrix size: 507X507
Matrix size: 137X137
Matrix size: 180X180
Matrix size: 205X205
Matrix size: 205X205
Matrix size: 75X75
Matrix size: 103X103
Matrix size: 102X102
Matrix size: 95X95
Matrix size: 121X121
Matrix size: 140X140
Matrix size: 172X172
Matrix size: 170X170
Matrix size: 194X194
Matrix size: 223X223
Matrix size: 245X245
Matrix size: 271X271
Matrix size: 275X275
Matrix size: 337X337
Matrix size: 391X391
Matrix size: 408X408
Matrix size: 22X22
Matrix size: 24X24
Matrix size: 30X30
Matrix size: 26X26
Matrix size: 125X125
Matrix size: 139X139
Matrix size: 125X125
Matrix size: 161X161
Matrix size: 99X99
Matrix size: 126X126
Matrix size: 124X124
Matrix size: 146X146
Matrix size: 147X147
Matrix size: 178X178
Matrix size: 196X196
Matrix size: 233X233
Matrix size: 358X358
Matrix size: 441X441
Matrix size: 465X465
Matrix size: 515X515
Matrix size: 47X47
Matrix size: 51X51
Matrix size: 66X66
Matrix size: 64X64
Matrix size: 39X39
Matrix size: 49X49
Matrix size: 48X48
Matrix size: 50X50
Matrix size: 181X181
Matrix size: 217X217
Matrix size: 261X261
Matrix size: 265X265
Matrix size: 5X5
Matrix size: 4X4
Matrix size: 7X7
Matrix size: 6X6
Matrix size: 174X174
Matrix size: 224X224
Matrix size: 283X283
Matrix size: 310X310
Matrix size: 340X340
Matrix size: 432X432
Matrix size: 506X506
Matrix size: 556X556
Matrix size: 122X122
Matrix size: 141X141
Matrix size: 182X182
Matrix size: 163X163
Matrix size: 2X2
Matrix size: 5X5
Matrix size: 7X7
Matrix size: 3X3
Matrix size: 42X42
Matrix size: 45X45
Matrix size: 56X56
Matrix size: 64X64
Matrix size: 255X255
Matrix size: 296X296
Matrix size: 324X324
Matrix size: 402X402
Matrix size: 8X8
Matrix size: 11X11
Matrix size: 14X14
Matrix size: 10X10
Matrix size: 3X3
Matrix size: 5X5
Matrix size: 4X4
Matrix size: 5X5
Matrix size: 25X25
Matrix size: 32X32
Matrix size: 33X33
Matrix size: 40X40
Matrix size: 81X81
Matrix size: 92X92
Matrix size: 129X129
Matrix size: 111X111
Matrix size: 78X78
Matrix size: 91X91
Matrix size: 124X124
Matrix size: 118X118
Matrix size: 26X26
Matrix size: 40X40
Matrix size: 54X54
Matrix size: 22X22
Matrix size: 18X18
Matrix size: 17X17
Matrix size: 17X17
Matrix size: 29X29
Matrix size: 26X26
Matrix size: 31X31
Matrix size: 27X27
Matrix size: 43X43
Matrix size: 38X38
Matrix size: 53X53
Matrix size: 44X44
Matrix size: 55X55
Matrix size: 88X88
Matrix size: 91X91
Matrix size: 109X109
Matrix size: 131X131
Matrix size: 7X7
Matrix size: 6X6
Matrix size: 4X4
Matrix size: 4X4
Matrix size: 27X27
Matrix size: 24X24
Matrix size: 33X33
Matrix size: 28X28
Matrix size: 19X19
Matrix size: 20X20
Matrix size: 22X22
Matrix size: 14X14
Matrix size: 28X28
Matrix size: 40X40
Matrix size: 51X51
Matrix size: 34X34
Matrix size: 96X96
Matrix size: 110X110
Matrix size: 111X111
Matrix size: 108X108
Matrix size: 6X6
Matrix size: 9X9
Matrix size: 6X6
Matrix size: 19X19
Matrix size: 1X1
Matrix size: 2X2
Matrix size: 2X2
Matrix size: 2X2
Matrix size: 41X41
Matrix size: 36X36
Matrix size: 79X79
Matrix size: 52X52
Matrix size: 42X42
Matrix size: 43X43
Matrix size: 36X36
Matrix size: 41X41
Matrix size: 98X98
Matrix size: 120X120
Matrix size: 121X121
Matrix size: 141X141
Matrix size: 37X37
Matrix size: 38X38
Matrix size: 45X45
Matrix size: 30X30
Matrix size: 1X1
Matrix size: 1X1
Matrix size: 2X2
Matrix size: 1X1
Matrix size: 6X6
Matrix size: 5X5
Matrix size: 9X9
Matrix size: 10X10
Matrix size: 52X52
Matrix size: 57X57
Matrix size: 68X68
Matrix size: 94X94
Matrix size: 5X5
Matrix size: 6X6
Matrix size: 6X6
Matrix size: 5X5
Matrix size: 3X3
Matrix size: 3X3
Matrix size: 3X3
Matrix size: 4X4
Matrix size: 50X50
Matrix size: 69X69
Matrix size: 104X104
Matrix size: 85X85
Matrix size: 240X240
Matrix size: 249X249
Matrix size: 331X331
Matrix size: 321X321
Matrix size: 180X180
Matrix size: 264X264
Matrix size: 235X235
Matrix size: 267X267
Matrix size: 77X77
Matrix size: 82X82
Matrix size: 77X77
Matrix size: 106X106
Matrix size: 44X44
Matrix size: 47X47
Matrix size: 49X49
Matrix size: 54X54
Matrix size: 98X98
Matrix size: 107X107
Matrix size: 107X107
Matrix size: 113X113
Matrix size: 119X119
Matrix size: 157X157
Matrix size: 180X180
Matrix size: 192X192
Matrix size: 165X165
Matrix size: 200X200
Matrix size: 263X263
Matrix size: 240X240
Matrix size: 8X8
Matrix size: 10X10
Matrix size: 7X7
Matrix size: 9X9
Matrix size: 47X47
Matrix size: 64X64
Matrix size: 66X66
Matrix size: 77X77
Matrix size: 44X44
Matrix size: 65X65
Matrix size: 65X65
Matrix size: 64X64
Matrix size: 100X100
Matrix size: 108X108
Matrix size: 126X126
Matrix size: 152X152
Matrix size: 228X228
Matrix size: 269X269
Matrix size: 304X304
Matrix size: 345X345
Matrix size: 20X20
Matrix size: 27X27
Matrix size: 25X25
Matrix size: 32X32
Matrix size: 23X23
Matrix size: 24X24
Matrix size: 34X34
Matrix size: 25X25
Matrix size: 109X109
Matrix size: 143X143
Matrix size: 148X148
Matrix size: 153X153
Matrix size: 1X1
Matrix size: 1X1
Matrix size: 1X1
Matrix size: 3X3
Matrix size: 103X103
Matrix size: 129X129
Matrix size: 188X188
Matrix size: 129X129
Matrix size: 245X245
Matrix size: 314X314
Matrix size: 384X384
Matrix size: 385X385
Matrix size: 92X92
Matrix size: 106X106
Matrix size: 119X119
Matrix size: 122X122
Matrix size: 2X2
Matrix size: 2X2
Matrix size: 3X3
Matrix size: 2X2
Matrix size: 21X21
Matrix size: 23X23
Matrix size: 40X40
Matrix size: 30X30
Matrix size: 170X170
Matrix size: 177X177
Matrix size: 240X240
Matrix size: 220X220
Matrix size: 7X7
Matrix size: 10X10
Matrix size: 10X10
Matrix size: 7X7
Matrix size: 5X5
Matrix size: 5X5
Matrix size: 7X7
Matrix size: 6X6
Matrix size: 44X44
Matrix size: 44X44
Matrix size: 65X65
Matrix size: 63X63
Matrix size: 160X160
Matrix size: 209X209
Matrix size: 253X253
Matrix size: 276X276
Matrix size: 159X159
Matrix size: 174X174
Matrix size: 192X192
Matrix size: 237X237
Matrix size: 71X71
Matrix size: 85X85
Matrix size: 93X93
Matrix size: 101X101
Matrix size: 31X31
Matrix size: 39X39
Matrix size: 40X40
Matrix size: 39X39
Matrix size: 57X57
Matrix size: 69X69
Matrix size: 74X74
Matrix size: 85X85
Matrix size: 81X81
Matrix size: 96X96
Matrix size: 86X86
Matrix size: 124X124
Matrix size: 169X169
Matrix size: 193X193
Matrix size: 205X205
Matrix size: 244X244
Matrix size: 13X13
Matrix size: 17X17
Matrix size: 17X17
Matrix size: 16X16
Matrix size: 52X52
Matrix size: 52X52
Matrix size: 100X100
Matrix size: 73X73
Matrix size: 49X49
Matrix size: 53X53
Matrix size: 64X64
Matrix size: 67X67
Matrix size: 67X67
Matrix size: 112X112
Matrix size: 109X109
Matrix size: 106X106
Matrix size: 186X186
Matrix size: 212X212
Matrix size: 226X226
Matrix size: 260X260
Matrix size: 22X22
Matrix size: 26X26
Matrix size: 25X25
Matrix size: 29X29
Matrix size: 23X23
Matrix size: 21X21
Matrix size: 25X25
Matrix size: 18X18
Matrix size: 87X87
Matrix size: 104X104
Matrix size: 110X110
Matrix size: 131X131
Matrix size: 5X5
Matrix size: 7X7
Matrix size: 7X7
Matrix size: 7X7
Matrix size: 76X76
Matrix size: 96X96
Matrix size: 121X121
Matrix size: 130X130
Matrix size: 176X176
Matrix size: 206X206
Matrix size: 202X202
Matrix size: 207X207
Matrix size: 68X68
Matrix size: 69X69
Matrix size: 74X74
Matrix size: 76X76
Matrix size: 1X1
Matrix size: 1X1
Matrix size: 1X1
Matrix size: 1X1
Matrix size: 10X10
Matrix size: 12X12
Matrix size: 15X15
Matrix size: 8X8
Matrix size: 142X142
Matrix size: 168X168
Matrix size: 185X185
Matrix size: 192X192
Matrix size: 6X6
Matrix size: 7X7
Matrix size: 5X5
Matrix size: 4X4
Matrix size: 3X3
Matrix size: 3X3
Matrix size: 4X4
Matrix size: 4X4
Matrix size: 13X13
Matrix size: 14X14
Matrix size: 15X15
Matrix size: 12X12
Matrix size: 31X31
Matrix size: 41X41
Matrix size: 43X43
Matrix size: 35X35
Matrix size: 29X29
Matrix size: 36X36
Matrix size: 29X29
Matrix size: 44X44
Matrix size: 8X8
Matrix size: 10X10
Matrix size: 15X15
Matrix size: 7X7
Matrix size: 6X6
Matrix size: 6X6
Matrix size: 7X7
Matrix size: 7X7
Matrix size: 11X11
Matrix size: 9X9
Matrix size: 13X13
Matrix size: 12X12
Matrix size: 21X21
Matrix size: 29X29
Matrix size: 19X19
Matrix size: 28X28
Matrix size: 15X15
Matrix size: 16X16
Matrix size: 24X24
Matrix size: 21X21
Matrix size: 3X3
Matrix size: 3X3
Matrix size: 3X3
Matrix size: 3X3
Matrix size: 13X13
Matrix size: 19X19
Matrix size: 17X17
Matrix size: 15X15
Matrix size: 7X7
Matrix size: 11X11
Matrix size: 7X7
Matrix size: 8X8
Matrix size: 4X4
Matrix size: 11X11
Matrix size: 11X11
Matrix size: 7X7
Matrix size: 37X37
Matrix size: 38X38
Matrix size: 44X44
Matrix size: 50X50
Matrix size: 5X5
Matrix size: 6X6
Matrix size: 5X5
Matrix size: 6X6
Matrix size: 1X1
Matrix size: 1X1
Matrix size: 1X1
Matrix size: 2X2
Matrix size: 11X11
Matrix size: 17X17
Matrix size: 10X10
Matrix size: 17X17
Matrix size: 14X14
Matrix size: 17X17
Matrix size: 22X22
Matrix size: 16X16
Matrix size: 23X23
Matrix size: 30X30
Matrix size: 36X36
Matrix size: 39X39
Matrix size: 17X17
Matrix size: 19X19
Matrix size: 19X19
Matrix size: 20X20
Matrix size: 3X3
Matrix size: 4X4
Matrix size: 4X4
Matrix size: 5X5
Matrix size: 14X14
Matrix size: 22X22
Matrix size: 20X20
Matrix size: 18X18
Matrix size: 1X1
Matrix size: 1X1
Matrix size: 1X1
Matrix size: 1X1
Matrix size: 448X448
Matrix size: 543X543
Matrix size: 654X654
Matrix size: 714X714
Matrix size: 1589X1589
Matrix size: 1809X1809
Matrix size: 2386X2386
Matrix size: 2634X2634
Matrix size: 1333X1333
Matrix size: 1570X1570
Matrix size: 1970X1970
Matrix size: 2130X2130
Matrix size: 592X592
Matrix size: 734X734
Matrix size: 868X868
Matrix size: 982X982
Matrix size: 242X242
Matrix size: 270X270
Matrix size: 356X356
Matrix size: 352X352
Matrix size: 557X557
Matrix size: 683X683
Matrix size: 755X755
Matrix size: 804X804
Matrix size: 683X683
Matrix size: 894X894
Matrix size: 1058X1058
Matrix size: 1174X1174
Matrix size: 1378X1378
Matrix size: 1579X1579
Matrix size: 1921X1921
Matrix size: 2073X2073
Matrix size: 57X57
Matrix size: 59X59
Matrix size: 63X63
Matrix size: 58X58
Matrix size: 508X508
Matrix size: 557X557
Matrix size: 635X635
Matrix size: 725X725
Matrix size: 378X378
Matrix size: 446X446
Matrix size: 545X545
Matrix size: 588X588
Matrix size: 633X633
Matrix size: 817X817
Matrix size: 936X936
Matrix size: 895X895
Matrix size: 1440X1440
Matrix size: 1814X1814
Matrix size: 2174X2174
Matrix size: 2329X2329
Matrix size: 194X194
Matrix size: 230X230
Matrix size: 285X285
Matrix size: 283X283
Matrix size: 98X98
Matrix size: 146X146
Matrix size: 138X138
Matrix size: 151X151
Matrix size: 811X811
Matrix size: 953X953
Matrix size: 1220X1220
Matrix size: 1243X1243
Matrix size: 20X20
Matrix size: 28X28
Matrix size: 25X25
Matrix size: 21X21
Matrix size: 791X791
Matrix size: 978X978
Matrix size: 1163X1163
Matrix size: 1196X1196
Matrix size: 1491X1491
Matrix size: 1873X1873
Matrix size: 2336X2336
Matrix size: 2456X2456
Matrix size: 605X605
Matrix size: 661X661
Matrix size: 784X784
Matrix size: 872X872
Matrix size: 18X18
Matrix size: 25X25
Matrix size: 27X27
Matrix size: 33X33
Matrix size: 149X149
Matrix size: 179X179
Matrix size: 184X184
Matrix size: 161X161
Matrix size: 1203X1203
Matrix size: 1371X1371
Matrix size: 1626X1626
Matrix size: 1828X1828
Matrix size: 44X44
Matrix size: 59X59
Matrix size: 75X75
Matrix size: 64X64
Matrix size: 26X26
Matrix size: 37X37
Matrix size: 43X43
Matrix size: 36X36
Matrix size: 179X179
Matrix size: 226X226
Matrix size: 239X239
Matrix size: 268X268
Matrix size: 670X670
Matrix size: 809X809
Matrix size: 989X989
Matrix size: 1063X1063
Matrix size: 544X544
Matrix size: 691X691
Matrix size: 850X850
Matrix size: 861X861
Matrix size: 233X233
Matrix size: 305X305
Matrix size: 378X378
Matrix size: 401X401
Matrix size: 92X92
Matrix size: 121X121
Matrix size: 150X150
Matrix size: 151X151
Matrix size: 212X212
Matrix size: 257X257
Matrix size: 298X298
Matrix size: 276X276
Matrix size: 294X294
Matrix size: 384X384
Matrix size: 365X365
Matrix size: 460X460
Matrix size: 581X581
Matrix size: 667X667
Matrix size: 830X830
Matrix size: 970X970
Matrix size: 27X27
Matrix size: 27X27
Matrix size: 33X33
Matrix size: 29X29
Matrix size: 232X232
Matrix size: 269X269
Matrix size: 291X291
Matrix size: 322X322
Matrix size: 184X184
Matrix size: 239X239
Matrix size: 249X249
Matrix size: 234X234
Matrix size: 275X275
Matrix size: 380X380
Matrix size: 390X390
Matrix size: 433X433
Matrix size: 628X628
Matrix size: 802X802
Matrix size: 978X978
Matrix size: 1085X1085
Matrix size: 81X81
Matrix size: 108X108
Matrix size: 107X107
Matrix size: 118X118
Matrix size: 71X71
Matrix size: 87X87
Matrix size: 87X87
Matrix size: 98X98
Matrix size: 324X324
Matrix size: 337X337
Matrix size: 467X467
Matrix size: 552X552
Matrix size: 5X5
Matrix size: 7X7
Matrix size: 5X5
Matrix size: 5X5
Matrix size: 319X319
Matrix size: 376X376
Matrix size: 457X457
Matrix size: 468X468
Matrix size: 607X607
Matrix size: 766X766
Matrix size: 902X902
Matrix size: 1023X1023
Matrix size: 256X256
Matrix size: 278X278
Matrix size: 352X352
Matrix size: 367X367
Matrix size: 12X12
Matrix size: 17X17
Matrix size: 14X14
Matrix size: 14X14
Matrix size: 52X52
Matrix size: 61X61
Matrix size: 82X82
Matrix size: 85X85
Matrix size: 486X486
Matrix size: 570X570
Matrix size: 629X629
Matrix size: 780X780
Matrix size: 33X33
Matrix size: 38X38
Matrix size: 41X41
Matrix size: 43X43
Matrix size: 18X18
Matrix size: 16X16
Matrix size: 15X15
Matrix size: 18X18
Matrix size: 160X160
Matrix size: 162X162
Matrix size: 168X168
Matrix size: 201X201
Matrix size: 506X506
Matrix size: 633X633
Matrix size: 702X702
Matrix size: 821X821
Matrix size: 412X412
Matrix size: 467X467
Matrix size: 675X675
Matrix size: 634X634
Matrix size: 190X190
Matrix size: 216X216
Matrix size: 231X231
Matrix size: 222X222
Matrix size: 82X82
Matrix size: 94X94
Matrix size: 100X100
Matrix size: 112X112
Matrix size: 168X168
Matrix size: 195X195
Matrix size: 222X222
Matrix size: 241X241
Matrix size: 229X229
Matrix size: 282X282
Matrix size: 303X303
Matrix size: 323X323
Matrix size: 408X408
Matrix size: 510X510
Matrix size: 614X614
Matrix size: 642X642
Matrix size: 21X21
Matrix size: 29X29
Matrix size: 25X25
Matrix size: 20X20
Matrix size: 173X173
Matrix size: 189X189
Matrix size: 205X205
Matrix size: 230X230
Matrix size: 94X94
Matrix size: 124X124
Matrix size: 153X153
Matrix size: 112X112
Matrix size: 229X229
Matrix size: 291X291
Matrix size: 299X299
Matrix size: 291X291
Matrix size: 522X522
Matrix size: 583X583
Matrix size: 710X710
Matrix size: 755X755
Matrix size: 38X38
Matrix size: 48X48
Matrix size: 43X43
Matrix size: 49X49
Matrix size: 39X39
Matrix size: 42X42
Matrix size: 48X48
Matrix size: 44X44
Matrix size: 232X232
Matrix size: 276X276
Matrix size: 322X322
Matrix size: 331X331
Matrix size: 8X8
Matrix size: 4X4
Matrix size: 6X6
Matrix size: 5X5
Matrix size: 246X246
Matrix size: 273X273
Matrix size: 345X345
Matrix size: 350X350
Matrix size: 470X470
Matrix size: 591X591
Matrix size: 691X691
Matrix size: 712X712
Matrix size: 207X207
Matrix size: 223X223
Matrix size: 233X233
Matrix size: 272X272
Matrix size: 5X5
Matrix size: 4X4
Matrix size: 4X4
Matrix size: 5X5
Matrix size: 59X59
Matrix size: 64X64
Matrix size: 84X84
Matrix size: 78X78
Matrix size: 449X449
Matrix size: 505X505
Matrix size: 585X585
Matrix size: 629X629
Matrix size: 16X16
Matrix size: 21X21
Matrix size: 27X27
Matrix size: 20X20
Matrix size: 4X4
Matrix size: 6X6
Matrix size: 10X10
Matrix size: 3X3
Matrix size: 287X287
Matrix size: 355X355
Matrix size: 448X448
Matrix size: 469X469
Matrix size: 969X969
Matrix size: 1167X1167
Matrix size: 1579X1579
Matrix size: 1588X1588
Matrix size: 839X839
Matrix size: 1019X1019
Matrix size: 1342X1342
Matrix size: 1437X1437
Matrix size: 418X418
Matrix size: 546X546
Matrix size: 595X595
Matrix size: 641X641
Matrix size: 180X180
Matrix size: 212X212
Matrix size: 224X224
Matrix size: 240X240
Matrix size: 366X366
Matrix size: 423X423
Matrix size: 508X508
Matrix size: 534X534
Matrix size: 464X464
Matrix size: 596X596
Matrix size: 679X679
Matrix size: 733X733
Matrix size: 805X805
Matrix size: 1005X1005
Matrix size: 1205X1205
Matrix size: 1369X1369
Matrix size: 41X41
Matrix size: 43X43
Matrix size: 56X56
Matrix size: 83X83
Matrix size: 323X323
Matrix size: 385X385
Matrix size: 428X428
Matrix size: 461X461
Matrix size: 214X214
Matrix size: 342X342
Matrix size: 396X396
Matrix size: 405X405
Matrix size: 432X432
Matrix size: 566X566
Matrix size: 668X668
Matrix size: 633X633
Matrix size: 1125X1125
Matrix size: 1376X1376
Matrix size: 1791X1791
Matrix size: 1959X1959
Matrix size: 129X129
Matrix size: 174X174
Matrix size: 191X191
Matrix size: 203X203
Matrix size: 103X103
Matrix size: 126X126
Matrix size: 126X126
Matrix size: 113X113
Matrix size: 533X533
Matrix size: 617X617
Matrix size: 816X816
Matrix size: 896X896
Matrix size: 15X15
Matrix size: 20X20
Matrix size: 18X18
Matrix size: 16X16
Matrix size: 567X567
Matrix size: 704X704
Matrix size: 834X834
Matrix size: 918X918
Matrix size: 944X944
Matrix size: 1252X1252
Matrix size: 1562X1562
Matrix size: 1667X1667
Matrix size: 344X344
Matrix size: 385X385
Matrix size: 524X524
Matrix size: 554X554
Matrix size: 3X3
Matrix size: 13X13
Matrix size: 13X13
Matrix size: 8X8
Matrix size: 96X96
Matrix size: 126X126
Matrix size: 129X129
Matrix size: 156X156
Matrix size: 744X744
Matrix size: 865X865
Matrix size: 1103X1103
Matrix size: 1202X1202
Matrix size: 31X31
Matrix size: 42X42
Matrix size: 51X51
Matrix size: 34X34
Matrix size: 21X21
Matrix size: 24X24
Matrix size: 21X21
Matrix size: 25X25
Matrix size: 38X38
Matrix size: 50X50
Matrix size: 72X72
Matrix size: 85X85
Matrix size: 183X183
Matrix size: 234X234
Matrix size: 242X242
Matrix size: 249X249
Matrix size: 179X179
Matrix size: 195X195
Matrix size: 220X220
Matrix size: 231X231
Matrix size: 91X91
Matrix size: 105X105
Matrix size: 110X110
Matrix size: 120X120
Matrix size: 30X30
Matrix size: 36X36
Matrix size: 39X39
Matrix size: 41X41
Matrix size: 76X76
Matrix size: 85X85
Matrix size: 95X95
Matrix size: 108X108
Matrix size: 93X93
Matrix size: 128X128
Matrix size: 119X119
Matrix size: 130X130
Matrix size: 148X148
Matrix size: 206X206
Matrix size: 252X252
Matrix size: 250X250
Matrix size: 8X8
Matrix size: 12X12
Matrix size: 9X9
Matrix size: 11X11
Matrix size: 66X66
Matrix size: 87X87
Matrix size: 67X67
Matrix size: 70X70
Matrix size: 32X32
Matrix size: 44X44
Matrix size: 44X44
Matrix size: 57X57
Matrix size: 69X69
Matrix size: 95X95
Matrix size: 103X103
Matrix size: 90X90
Matrix size: 142X142
Matrix size: 191X191
Matrix size: 250X250
Matrix size: 218X218
Matrix size: 24X24
Matrix size: 25X25
Matrix size: 28X28
Matrix size: 28X28
Matrix size: 18X18
Matrix size: 20X20
Matrix size: 18X18
Matrix size: 18X18
Matrix size: 86X86
Matrix size: 123X123
Matrix size: 148X148
Matrix size: 150X150
Matrix size: 1X1
Matrix size: 1X1
Matrix size: 1X1
Matrix size: 1X1
Matrix size: 101X101
Matrix size: 119X119
Matrix size: 135X135
Matrix size: 164X164
Matrix size: 139X139
Matrix size: 199X199
Matrix size: 232X232
Matrix size: 271X271
Matrix size: 67X67
Matrix size: 74X74
Matrix size: 85X85
Matrix size: 113X113
Matrix size: 3X3
Matrix size: 3X3
Matrix size: 3X3
Matrix size: 3X3
Matrix size: 17X17
Matrix size: 22X22
Matrix size: 35X35
Matrix size: 22X22
Matrix size: 154X154
Matrix size: 193X193
Matrix size: 221X221
Matrix size: 241X241
Matrix size: 9X9
Matrix size: 12X12
Matrix size: 14X14
Matrix size: 14X14
Matrix size: 4X4
Matrix size: 7X7
Matrix size: 7X7
Matrix size: 6X6
Matrix size: 7X7
Matrix size: 9X9
Matrix size: 10X10
Matrix size: 7X7
Matrix size: 17X17
Matrix size: 16X16
Matrix size: 22X22
Matrix size: 19X19
Matrix size: 29X29
Matrix size: 29X29
Matrix size: 33X33
Matrix size: 31X31
Matrix size: 5X5
Matrix size: 5X5
Matrix size: 5X5
Matrix size: 6X6
Matrix size: 4X4
Matrix size: 4X4
Matrix size: 5X5
Matrix size: 5X5
Matrix size: 6X6
Matrix size: 7X7
Matrix size: 6X6
Matrix size: 7X7
Matrix size: 13X13
Matrix size: 14X14
Matrix size: 12X12
Matrix size: 16X16
Matrix size: 22X22
Matrix size: 24X24
Matrix size: 23X23
Matrix size: 22X22
Matrix size: 1X1
Matrix size: 1X1
Matrix size: 1X1
Matrix size: 1X1
Matrix size: 11X11
Matrix size: 6X6
Matrix size: 5X5
Matrix size: 5X5
Matrix size: 3X3
Matrix size: 6X6
Matrix size: 4X4
Matrix size: 6X6
Matrix size: 8X8
Matrix size: 8X8
Matrix size: 6X6
Matrix size: 8X8
Matrix size: 14X14
Matrix size: 18X18
Matrix size: 22X22
Matrix size: 17X17
Matrix size: 4X4
Matrix size: 5X5
Matrix size: 4X4
Matrix size: 5X5
Matrix size: 3X3
Matrix size: 3X3
Matrix size: 4X4
Matrix size: 6X6
Matrix size: 14X14
Matrix size: 18X18
Matrix size: 14X14
Matrix size: 17X17
Matrix size: 14X14
Matrix size: 17X17
Matrix size: 16X16
Matrix size: 17X17
Matrix size: 23X23
Matrix size: 27X27
Matrix size: 20X20
Matrix size: 25X25
Matrix size: 8X8
Matrix size: 8X8
Matrix size: 9X9
Matrix size: 7X7
Matrix size: 1X1
Matrix size: 1X1
Matrix size: 1X1
Matrix size: 1X1
Matrix size: 1X1
Matrix size: 1X1
Matrix size: 2X2
Matrix size: 2X2
Matrix size: 12X12
Matrix size: 13X13
Matrix size: 15X15
Matrix size: 17X17
Matrix size: 93X93
Matrix size: 103X103
Matrix size: 123X123
Matrix size: 108X108
Matrix size: 297X297
Matrix size: 370X370
Matrix size: 465X465
Matrix size: 464X464
Matrix size: 274X274
Matrix size: 311X311
Matrix size: 381X381
Matrix size: 393X393
Matrix size: 140X140
Matrix size: 151X151
Matrix size: 164X164
Matrix size: 148X148
Matrix size: 30X30
Matrix size: 45X45
Matrix size: 52X52
Matrix size: 46X46
Matrix size: 123X123
Matrix size: 141X141
Matrix size: 150X150
Matrix size: 175X175
Matrix size: 148X148
Matrix size: 182X182
Matrix size: 208X208
Matrix size: 214X214
Matrix size: 246X246
Matrix size: 295X295
Matrix size: 309X309
Matrix size: 369X369
Matrix size: 11X11
Matrix size: 10X10
Matrix size: 13X13
Matrix size: 12X12
Matrix size: 97X97
Matrix size: 107X107
Matrix size: 112X112
Matrix size: 113X113
Matrix size: 57X57
Matrix size: 67X67
Matrix size: 93X93
Matrix size: 86X86
Matrix size: 117X117
Matrix size: 123X123
Matrix size: 152X152
Matrix size: 136X136
Matrix size: 308X308
Matrix size: 370X370
Matrix size: 465X465
Matrix size: 444X444
Matrix size: 30X30
Matrix size: 33X33
Matrix size: 43X43
Matrix size: 52X52
Matrix size: 28X28
Matrix size: 43X43
Matrix size: 29X29
Matrix size: 38X38
Matrix size: 143X143
Matrix size: 174X174
Matrix size: 195X195
Matrix size: 241X241
Matrix size: 4X4
Matrix size: 6X6
Matrix size: 5X5
Matrix size: 3X3
Matrix size: 150X150
Matrix size: 170X170
Matrix size: 209X209
Matrix size: 167X167
Matrix size: 295X295
Matrix size: 342X342
Matrix size: 385X385
Matrix size: 421X421
Matrix size: 110X110
Matrix size: 121X121
Matrix size: 129X129
Matrix size: 157X157
Matrix size: 2X2
Matrix size: 3X3
Matrix size: 2X2
Matrix size: 2X2
Matrix size: 29X29
Matrix size: 36X36
Matrix size: 35X35
Matrix size: 37X37
Matrix size: 215X215
Matrix size: 244X244
Matrix size: 284X284
Matrix size: 317X317
Matrix size: 9X9
Matrix size: 11X11
Matrix size: 12X12
Matrix size: 12X12
Matrix size: 2X2
Matrix size: 2X2
Matrix size: 4X4
Matrix size: 2X2
Matrix size: 2X2
Matrix size: 3X3
Matrix size: 2X2
Matrix size: 2X2
Matrix size: 9X9
Matrix size: 9X9
Matrix size: 12X12
Matrix size: 10X10
Matrix size: 10X10
Matrix size: 10X10
Matrix size: 9X9
Matrix size: 15X15
Matrix size: 2X2
Matrix size: 2X2
Matrix size: 2X2
Matrix size: 2X2
Matrix size: 4X4
Matrix size: 4X4
Matrix size: 4X4
Matrix size: 4X4
Matrix size: 2X2
Matrix size: 2X2
Matrix size: 4X4
Matrix size: 2X2
Matrix size: 3X3
Matrix size: 3X3
Matrix size: 3X3
Matrix size: 3X3
Matrix size: 5X5
Matrix size: 4X4
Matrix size: 6X6
Matrix size: 4X4
Matrix size: 4X4
Matrix size: 5X5
Matrix size: 5X5
Matrix size: 4X4
Matrix size: 3X3
Matrix size: 3X3
Matrix size: 3X3
Matrix size: 3X3
Matrix size: 5X5
Matrix size: 4X4
Matrix size: 6X6
Matrix size: 4X4
Matrix size: 9X9
Matrix size: 10X10
Matrix size: 10X10
Matrix size: 10X10
Matrix size: 3X3
Matrix size: 3X3
Matrix size: 2X2
Matrix size: 3X3
Matrix size: 2X2
Matrix size: 2X2
Matrix size: 2X2
Matrix size: 2X2
Matrix size: 2X2
Matrix size: 2X2
Matrix size: 1X1
Matrix size: 1X1
Matrix size: 7X7
Matrix size: 4X4
Matrix size: 7X7
Matrix size: 3X3
Matrix size: 7X7
Matrix size: 10X10
Matrix size: 7X7
Matrix size: 8X8
Matrix size: 4X4
Matrix size: 5X5
Matrix size: 4X4
Matrix size: 4X4
Matrix size: 2X2
Matrix size: 2X2
Matrix size: 2X2
Matrix size: 2X2
Matrix size: 2X2
Matrix size: 3X3
Matrix size: 1X1
Matrix size: 6X6
Matrix size: 1X1
Matrix size: 173X173
Matrix size: 243X243
Matrix size: 239X239
Matrix size: 259X259
Matrix size: 641X641
Matrix size: 757X757
Matrix size: 972X972
Matrix size: 1054X1054
Matrix size: 547X547
Matrix size: 616X616
Matrix size: 753X753
Matrix size: 877X877
Matrix size: 305X305
Matrix size: 371X371
Matrix size: 401X401
Matrix size: 437X437
Matrix size: 118X118
Matrix size: 136X136
Matrix size: 170X170
Matrix size: 169X169
Matrix size: 288X288
Matrix size: 320X320
Matrix size: 364X364
Matrix size: 409X409
Matrix size: 310X310
Matrix size: 385X385
Matrix size: 414X414
Matrix size: 456X456
Matrix size: 540X540
Matrix size: 671X671
Matrix size: 739X739
Matrix size: 863X863
Matrix size: 17X17
Matrix size: 16X16
Matrix size: 19X19
Matrix size: 23X23
Matrix size: 247X247
Matrix size: 280X280
Matrix size: 299X299
Matrix size: 325X325
Matrix size: 136X136
Matrix size: 198X198
Matrix size: 160X160
Matrix size: 207X207
Matrix size: 298X298
Matrix size: 354X354
Matrix size: 405X405
Matrix size: 424X424
Matrix size: 653X653
Matrix size: 845X845
Matrix size: 1024X1024
Matrix size: 992X992
Matrix size: 66X66
Matrix size: 84X84
Matrix size: 72X72
Matrix size: 92X92
Matrix size: 63X63
Matrix size: 58X58
Matrix size: 64X64
Matrix size: 57X57
Matrix size: 381X381
Matrix size: 463X463
Matrix size: 587X587
Matrix size: 600X600
Matrix size: 8X8
Matrix size: 10X10
Matrix size: 8X8
Matrix size: 8X8
Matrix size: 290X290
Matrix size: 380X380
Matrix size: 426X426
Matrix size: 462X462
Matrix size: 648X648
Matrix size: 786X786
Matrix size: 943X943
Matrix size: 1036X1036
Matrix size: 280X280
Matrix size: 302X302
Matrix size: 338X338
Matrix size: 389X389
Matrix size: 8X8
Matrix size: 8X8
Matrix size: 7X7
Matrix size: 7X7
Matrix size: 35X35
Matrix size: 52X52
Matrix size: 56X56
Matrix size: 45X45
Matrix size: 583X583
Matrix size: 617X617
Matrix size: 777X777
Matrix size: 845X845
Matrix size: 24X24
Matrix size: 29X29
Matrix size: 26X26
Matrix size: 20X20
Matrix size: 10X10
Matrix size: 14X14
Matrix size: 23X23
Matrix size: 12X12
Matrix size: 222X222
Matrix size: 297X297
Matrix size: 329X329
Matrix size: 364X364
Matrix size: 773X773
Matrix size: 1008X1008
Matrix size: 1205X1205
Matrix size: 1212X1212
Matrix size: 636X636
Matrix size: 784X784
Matrix size: 997X997
Matrix size: 1010X1010
Matrix size: 329X329
Matrix size: 413X413
Matrix size: 529X529
Matrix size: 509X509
Matrix size: 142X142
Matrix size: 179X179
Matrix size: 194X194
Matrix size: 169X169
Matrix size: 286X286
Matrix size: 318X318
Matrix size: 418X418
Matrix size: 398X398
Matrix size: 410X410
Matrix size: 518X518
Matrix size: 585X585
Matrix size: 687X687
Matrix size: 679X679
Matrix size: 836X836
Matrix size: 921X921
Matrix size: 1047X1047
Matrix size: 30X30
Matrix size: 32X32
Matrix size: 38X38
Matrix size: 34X34
Matrix size: 282X282
Matrix size: 329X329
Matrix size: 354X354
Matrix size: 379X379
Matrix size: 176X176
Matrix size: 228X228
Matrix size: 275X275
Matrix size: 331X331
Matrix size: 303X303
Matrix size: 369X369
Matrix size: 464X464
Matrix size: 488X488
Matrix size: 792X792
Matrix size: 954X954
Matrix size: 1175X1175
Matrix size: 1235X1235
Matrix size: 90X90
Matrix size: 107X107
Matrix size: 129X129
Matrix size: 103X103
Matrix size: 65X65
Matrix size: 77X77
Matrix size: 84X84
Matrix size: 86X86
Matrix size: 434X434
Matrix size: 538X538
Matrix size: 607X607
Matrix size: 690X690
Matrix size: 7X7
Matrix size: 12X12
Matrix size: 8X8
Matrix size: 8X8
Matrix size: 395X395
Matrix size: 491X491
Matrix size: 609X609
Matrix size: 669X669
Matrix size: 887X887
Matrix size: 1033X1033
Matrix size: 1284X1284
Matrix size: 1454X1454
Matrix size: 293X293
Matrix size: 348X348
Matrix size: 414X414
Matrix size: 409X409
Matrix size: 7X7
Matrix size: 6X6
Matrix size: 6X6
Matrix size: 5X5
Matrix size: 64X64
Matrix size: 95X95
Matrix size: 92X92
Matrix size: 101X101
Matrix size: 658X658
Matrix size: 772X772
Matrix size: 958X958
Matrix size: 922X922
Matrix size: 40X40
Matrix size: 45X45
Matrix size: 57X57
Matrix size: 59X59
Matrix size: 16X16
Matrix size: 13X13
Matrix size: 22X22
Matrix size: 22X22
Matrix size: 184X184
Matrix size: 199X199
Matrix size: 247X247
Matrix size: 249X249
Matrix size: 610X610
Matrix size: 735X735
Matrix size: 828X828
Matrix size: 931X931
Matrix size: 497X497
Matrix size: 570X570
Matrix size: 691X691
Matrix size: 685X685
Matrix size: 218X218
Matrix size: 254X254
Matrix size: 248X248
Matrix size: 313X313
Matrix size: 100X100
Matrix size: 111X111
Matrix size: 131X131
Matrix size: 135X135
Matrix size: 184X184
Matrix size: 209X209
Matrix size: 235X235
Matrix size: 307X307
Matrix size: 252X252
Matrix size: 283X283
Matrix size: 365X365
Matrix size: 364X364
Matrix size: 444X444
Matrix size: 513X513
Matrix size: 639X639
Matrix size: 739X739
Matrix size: 20X20
Matrix size: 23X23
Matrix size: 24X24
Matrix size: 22X22
Matrix size: 216X216
Matrix size: 276X276
Matrix size: 295X295
Matrix size: 303X303
Matrix size: 105X105
Matrix size: 117X117
Matrix size: 137X137
Matrix size: 193X193
Matrix size: 229X229
Matrix size: 260X260
Matrix size: 316X316
Matrix size: 311X311
Matrix size: 601X601
Matrix size: 701X701
Matrix size: 789X789
Matrix size: 849X849
Matrix size: 77X77
Matrix size: 88X88
Matrix size: 97X97
Matrix size: 112X112
Matrix size: 45X45
Matrix size: 48X48
Matrix size: 52X52
Matrix size: 59X59
Matrix size: 314X314
Matrix size: 344X344
Matrix size: 447X447
Matrix size: 434X434
Matrix size: 4X4
Matrix size: 5X5
Matrix size: 4X4
Matrix size: 5X5
Matrix size: 267X267
Matrix size: 374X374
Matrix size: 434X434
Matrix size: 384X384
Matrix size: 564X564
Matrix size: 611X611
Matrix size: 759X759
Matrix size: 788X788
Matrix size: 244X244
Matrix size: 284X284
Matrix size: 329X329
Matrix size: 366X366
Matrix size: 4X4
Matrix size: 4X4
Matrix size: 7X7
Matrix size: 4X4
Matrix size: 47X47
Matrix size: 66X66
Matrix size: 65X65
Matrix size: 51X51
Matrix size: 481X481
Matrix size: 532X532
Matrix size: 597X597
Matrix size: 741X741
Matrix size: 22X22
Matrix size: 18X18
Matrix size: 31X31
Matrix size: 27X27
Matrix size: 13X13
Matrix size: 14X14
Matrix size: 14X14
Matrix size: 20X20
Matrix size: 1X1
Matrix size: 2X2
Matrix size: 1X1
Matrix size: 1X1
Matrix size: 2X2
Matrix size: 2X2
Matrix size: 2X2
Matrix size: 3X3
Matrix size: 2X2
Matrix size: 2X2
Matrix size: 2X2
Matrix size: 3X3
Matrix size: 1X1
Matrix size: 1X1
Matrix size: 1X1
Matrix size: 1X1
Matrix size: 2X2
Matrix size: 2X2
Matrix size: 2X2
Matrix size: 2X2
Matrix size: 1X1
Matrix size: 1X1
Matrix size: 1X1
Matrix size: 1X1
Matrix size: 2X2
Matrix size: 1X1
Matrix size: 1X1
Matrix size: 2X2
Matrix size: 1X1
Matrix size: 1X1
Matrix size: 1X1
Matrix size: 1X1
Matrix size: 1X1
Matrix size: 1X1
Matrix size: 1X1
Matrix size: 2X2
Matrix size: 2X2
Matrix size: 2X2
Matrix size: 2X2
Matrix size: 1X1
Matrix size: 1X1
Matrix size: 1X1
Matrix size: 1X1
Matrix size: 22X22
Matrix size: 21X21
Matrix size: 22X22
Matrix size: 45X45
Matrix size: 94X94
Matrix size: 134X134
Matrix size: 128X128
Matrix size: 129X129
Matrix size: 100X100
Matrix size: 99X99
Matrix size: 129X129
Matrix size: 117X117
Matrix size: 34X34
Matrix size: 43X43
Matrix size: 47X47
Matrix size: 43X43
Matrix size: 15X15
Matrix size: 19X19
Matrix size: 19X19
Matrix size: 18X18
Matrix size: 37X37
Matrix size: 41X41
Matrix size: 41X41
Matrix size: 52X52
Matrix size: 41X41
Matrix size: 53X53
Matrix size: 57X57
Matrix size: 60X60
Matrix size: 73X73
Matrix size: 98X98
Matrix size: 85X85
Matrix size: 110X110
Matrix size: 8X8
Matrix size: 9X9
Matrix size: 10X10
Matrix size: 9X9
Matrix size: 31X31
Matrix size: 36X36
Matrix size: 53X53
Matrix size: 40X40
Matrix size: 20X20
Matrix size: 25X25
Matrix size: 24X24
Matrix size: 33X33
Matrix size: 37X37
Matrix size: 52X52
Matrix size: 53X53
Matrix size: 46X46
Matrix size: 107X107
Matrix size: 124X124
Matrix size: 159X159
Matrix size: 143X143
Matrix size: 8X8
Matrix size: 9X9
Matrix size: 9X9
Matrix size: 12X12
Matrix size: 7X7
Matrix size: 11X11
Matrix size: 7X7
Matrix size: 10X10
Matrix size: 56X56
Matrix size: 60X60
Matrix size: 74X74
Matrix size: 92X92
Matrix size: 1X1
Matrix size: 1X1
Matrix size: 1X1
Matrix size: 1X1
Matrix size: 44X44
Matrix size: 72X72
Matrix size: 57X57
Matrix size: 50X50
Matrix size: 91X91
Matrix size: 117X117
Matrix size: 140X140
Matrix size: 164X164
Matrix size: 39X39
Matrix size: 58X58
Matrix size: 34X34
Matrix size: 49X49
Matrix size: 2X2
Matrix size: 2X2
Matrix size: 2X2
Matrix size: 2X2
Matrix size: 16X16
Matrix size: 18X18
Matrix size: 17X17
Matrix size: 17X17
Matrix size: 81X81
Matrix size: 91X91
Matrix size: 101X101
Matrix size: 111X111
Matrix size: 2X2
Matrix size: 6X6
Matrix size: 5X5
Matrix size: 4X4
Matrix size: 5X5
Matrix size: 5X5
Matrix size: 6X6
Matrix size: 8X8
Matrix size: 77X77
Matrix size: 84X84
Matrix size: 104X104
Matrix size: 122X122
Matrix size: 280X280
Matrix size: 332X332
Matrix size: 413X413
Matrix size: 400X400
Matrix size: 248X248
Matrix size: 265X265
Matrix size: 371X371
Matrix size: 397X397
Matrix size: 123X123
Matrix size: 137X137
Matrix size: 129X129
Matrix size: 169X169
Matrix size: 58X58
Matrix size: 51X51
Matrix size: 61X61
Matrix size: 77X77
Matrix size: 106X106
Matrix size: 110X110
Matrix size: 132X132
Matrix size: 134X134
Matrix size: 131X131
Matrix size: 150X150
Matrix size: 114X114
Matrix size: 170X170
Matrix size: 293X293
Matrix size: 295X295
Matrix size: 326X326
Matrix size: 413X413
Matrix size: 4X4
Matrix size: 5X5
Matrix size: 4X4
Matrix size: 9X9
Matrix size: 121X121
Matrix size: 126X126
Matrix size: 126X126
Matrix size: 147X147
Matrix size: 65X65
Matrix size: 66X66
Matrix size: 84X84
Matrix size: 81X81
Matrix size: 125X125
Matrix size: 130X130
Matrix size: 162X162
Matrix size: 164X164
Matrix size: 287X287
Matrix size: 303X303
Matrix size: 377X377
Matrix size: 388X388
Matrix size: 24X24
Matrix size: 21X21
Matrix size: 36X36
Matrix size: 27X27
Matrix size: 16X16
Matrix size: 15X15
Matrix size: 20X20
Matrix size: 19X19
Matrix size: 137X137
Matrix size: 167X167
Matrix size: 200X200
Matrix size: 219X219
Matrix size: 126X126
Matrix size: 142X142
Matrix size: 140X140
Matrix size: 170X170
Matrix size: 327X327
Matrix size: 327X327
Matrix size: 385X385
Matrix size: 472X472
Matrix size: 104X104
Matrix size: 115X115
Matrix size: 168X168
Matrix size: 161X161
Matrix size: 1X1
Matrix size: 1X1
Matrix size: 1X1
Matrix size: 2X2
Matrix size: 23X23
Matrix size: 24X24
Matrix size: 31X31
Matrix size: 24X24
Matrix size: 260X260
Matrix size: 255X255
Matrix size: 328X328
Matrix size: 347X347
Matrix size: 13X13
Matrix size: 16X16
Matrix size: 20X20
Matrix size: 15X15
Matrix size: 1X1
Matrix size: 1X1
Matrix size: 1X1
Matrix size: 2X2
Matrix size: 2X2
Matrix size: 1X1
Matrix size: 1X1
Matrix size: 1X1
Matrix size: 1X1
Matrix size: 1X1
Matrix size: 1X1
Matrix size: 1X1
Matrix size: 2X2
Matrix size: 1X1
Matrix size: 1X1
Matrix size: 3X3
Matrix size: 1X1
Matrix size: 1X1
Matrix size: 1X1
Matrix size: 1X1
Matrix size: 2X2
Matrix size: 2X2
Matrix size: 2X2
Matrix size: 1X1
Matrix size: 1X1
Matrix size: 1X1
Matrix size: 1X1
Matrix size: 2X2
Matrix size: 2X2
Matrix size: 2X2
Matrix size: 2X2
Matrix size: 2X2
Matrix size: 1X1
Matrix size: 1X1
Matrix size: 1X1
Matrix size: 2X2
Matrix size: 1X1
Matrix size: 4X4
Matrix size: 4X4
Matrix size: 4X4
Matrix size: 4X4
Matrix size: 1X1
Matrix size: 1X1
Matrix size: 1X1
Matrix size: 1X1
Matrix size: 4X4
Matrix size: 4X4
Matrix size: 2X2
Matrix size: 2X2
Matrix size: 1X1
Matrix size: 1X1
Matrix size: 1X1
Matrix size: 1X1
Matrix size: 6X6
Matrix size: 7X7
Matrix size: 9X9
Matrix size: 6X6
Matrix size: 13X13
Matrix size: 13X13
Matrix size: 15X15
Matrix size: 13X13
Matrix size: 9X9
Matrix size: 12X12
Matrix size: 9X9
Matrix size: 11X11
Matrix size: 5X5
Matrix size: 5X5
Matrix size: 5X5
Matrix size: 5X5
Matrix size: 3X3
Matrix size: 3X3
Matrix size: 1X1
Matrix size: 3X3
Matrix size: 4X4
Matrix size: 9X9
Matrix size: 8X8
Matrix size: 10X10
Matrix size: 8X8
Matrix size: 10X10
Matrix size: 8X8
Matrix size: 11X11
Matrix size: 9X9
Matrix size: 11X11
Matrix size: 8X8
Matrix size: 10X10
Matrix size: 5X5
Matrix size: 5X5
Matrix size: 5X5
Matrix size: 6X6
Matrix size: 5X5
Matrix size: 5X5
Matrix size: 5X5
Matrix size: 5X5
Matrix size: 7X7
Matrix size: 10X10
Matrix size: 12X12
Matrix size: 7X7
Matrix size: 25X25
Matrix size: 29X29
Matrix size: 26X26
Matrix size: 28X28
Matrix size: 3X3
Matrix size: 3X3
Matrix size: 3X3
Matrix size: 3X3
Matrix size: 2X2
Matrix size: 2X2
Matrix size: 2X2
Matrix size: 2X2
Matrix size: 10X10
Matrix size: 9X9
Matrix size: 11X11
Matrix size: 10X10
Matrix size: 9X9
Matrix size: 7X7
Matrix size: 11X11
Matrix size: 12X12
Matrix size: 9X9
Matrix size: 11X11
Matrix size: 11X11
Matrix size: 16X16
Matrix size: 5X5
Matrix size: 5X5
Matrix size: 5X5
Matrix size: 5X5
Matrix size: 1X1
Matrix size: 10X10
Matrix size: 10X10
Matrix size: 13X13
Matrix size: 8X8
Matrix size: 1X1
Matrix size: 1X1
Matrix size: 1X1
Matrix size: 1X1
Matrix size: 10X10
Matrix size: 11X11
Matrix size: 5X5
Matrix size: 9X9
Matrix size: 33X33
Matrix size: 51X51
Matrix size: 48X48
Matrix size: 50X50
Matrix size: 19X19
Matrix size: 29X29
Matrix size: 25X25
Matrix size: 27X27
Matrix size: 11X11
Matrix size: 13X13
Matrix size: 12X12
Matrix size: 11X11
Matrix size: 2X2
Matrix size: 3X3
Matrix size: 3X3
Matrix size: 5X5
Matrix size: 9X9
Matrix size: 12X12
Matrix size: 4X4
Matrix size: 13X13
Matrix size: 8X8
Matrix size: 14X14
Matrix size: 11X11
Matrix size: 24X24
Matrix size: 20X20
Matrix size: 19X19
Matrix size: 22X22
Matrix size: 34X34
Matrix size: 5X5
Matrix size: 7X7
Matrix size: 12X12
Matrix size: 10X10
Matrix size: 6X6
Matrix size: 6X6
Matrix size: 7X7
Matrix size: 14X14
Matrix size: 13X13
Matrix size: 16X16
Matrix size: 18X18
Matrix size: 21X21
Matrix size: 29X29
Matrix size: 42X42
Matrix size: 41X41
Matrix size: 48X48
Matrix size: 1X1
Matrix size: 3X3
Matrix size: 1X1
Matrix size: 4X4
Matrix size: 3X3
Matrix size: 3X3
Matrix size: 5X5
Matrix size: 5X5
Matrix size: 12X12
Matrix size: 13X13
Matrix size: 25X25
Matrix size: 17X17
Matrix size: 2X2
Matrix size: 2X2
Matrix size: 2X2
Matrix size: 2X2
Matrix size: 5X5
Matrix size: 18X18
Matrix size: 4X4
Matrix size: 8X8
Matrix size: 28X28
Matrix size: 36X36
Matrix size: 45X45
Matrix size: 55X55
Matrix size: 12X12
Matrix size: 17X17
Matrix size: 13X13
Matrix size: 13X13
Matrix size: 1X1
Matrix size: 2X2
Matrix size: 2X2
Matrix size: 6X6
Matrix size: 27X27
Matrix size: 31X31
Matrix size: 32X32
Matrix size: 40X40
Matrix size: 2X2
Matrix size: 2X2
Matrix size: 2X2
Matrix size: 2X2
Matrix size: 2X2
Matrix size: 2X2
Matrix size: 2X2
Matrix size: 2X2
==================================================
Runtime: 17854014
Precision: 0.8233462
Recall: 0.8354
F1: 0.82932925
Protocol finished successfully
==================================================
Time taken: 19343734ms


BUILD SUCCESSFUL in 5h 22m 26s
2 actionable tasks: 1 executed, 1 up-to-date
