Starting a Gradle Daemon, 3 busy Daemons could not be reused, use --status for details
> Task :compileJava
> Task :processResources NO-SOURCE
> Task :classes

> Task :run
Soundex Based Protocol running...
Retrieving records from the databases...
Adding records to parties...
Encoding party records with soundex...
Generating noise data...
Truncate data...
Generating hashes...
Soundex based protocol...
==================================================
Runtime: 93
Precision: 0.9924481
Recall: 0.12616
F1: 0.22386257
Protocol finished successfully
==================================================
Time taken: 3841ms


BUILD SUCCESSFUL in 6s
2 actionable tasks: 2 executed
