> Task :compileJava
> Task :processResources NO-SOURCE
> Task :classes

> Task :run
Soundex Based Protocol running...
Retrieving records from the databases...
Adding records to parties...
Encoding party records with soundex...
Generating noise data...
Truncate data...
Generating hashes...
Soundex based protocol...
==================================================
Runtime: 85
Precision: 0.9949662
Recall: 0.55344
F1: 0.71125275
Protocol finished successfully
==================================================
Time taken: 4069ms


BUILD SUCCESSFUL in 4s
2 actionable tasks: 2 executed
