> Task :compileJava
> Task :processResources NO-SOURCE
> Task :classes

> Task :run
Metric Space Protocol running...
Retrieving records from the databases...
Adding records to parties...
Encoding party records...
Grouping party records...
Metric space protocol...
Matrix size: 1X1
Matrix size: 1X1
Matrix size: 230X230
Matrix size: 939X939
Matrix size: 209X209
Matrix size: 732X732
Matrix size: 1X1
Matrix size: 1X1
Matrix size: 48X48
Matrix size: 213X213
Matrix size: 1193X1193
Matrix size: 4168X4168
Matrix size: 18X18
Matrix size: 85X85
Matrix size: 140X140
Matrix size: 710X710
Matrix size: 1X1
Matrix size: 1X1
Matrix size: 1430X1430
Matrix size: 5908X5908
Matrix size: 545X545
Matrix size: 1639X1639
Matrix size: 195X195
Matrix size: 986X986
Matrix size: 407X407
Matrix size: 1834X1834
Matrix size: 329X329
Matrix size: 1673X1673
Matrix size: 464X464
Matrix size: 2065X2065
Matrix size: 1887X1887
Matrix size: 6718X6718
Matrix size: 1X1
Matrix size: 1X1
Matrix size: 103X103
Matrix size: 387X387
Matrix size: 42X42
Matrix size: 234X234
Matrix size: 1X1
Matrix size: 1X1
Matrix size: 318X318
Matrix size: 1350X1350
Matrix size: 377X377
Matrix size: 1598X1598
Matrix size: 702X702
Matrix size: 2566X2566
Matrix size: 1X1
Matrix size: 1X1
Matrix size: 536X536
Matrix size: 2096X2096
Matrix size: 421X421
Matrix size: 1410X1410
Matrix size: 305X305
Matrix size: 1583X1583
Matrix size: 785X785
Matrix size: 3462X3462
Matrix size: 451X451
Matrix size: 1702X1702
Matrix size: 318X318
Matrix size: 1490X1490
Matrix size: 541X541
Matrix size: 2427X2427
Matrix size: 410X410
Matrix size: 1510X1510
==================================================
Runtime: 244779
Precision: 0.9950051
Recall: 0.94024
F1: 0.9668477
Protocol finished successfully
==================================================
Time taken: 293289ms


BUILD SUCCESSFUL in 4m 53s
2 actionable tasks: 2 executed
