> Task :compileJava
> Task :processResources NO-SOURCE
> Task :classes

> Task :run
Metric Space Protocol running...
Retrieving records from the databases...
Adding records to parties...
Encoding party records...
Metric space protocol...
Matrix size: 11547X11547
Matrix size: 47920X47920
==================================================
Runtime: 1557769
Precision: 0.99668735
Recall: 0.77024
F1: 0.86895305
Protocol finished successfully
==================================================
Time taken: 1570252ms


BUILD SUCCESSFUL in 26m 11s
2 actionable tasks: 2 executed
