> Task :compileJava UP-TO-DATE
> Task :processResources NO-SOURCE
> Task :classes UP-TO-DATE

> Task :run
Soundex Based Protocol running...
Retrieving records from the databases...
Adding records to parties...
Encoding party records with soundex...
Generating noise data...
Truncate data...
Generating hashes...
Soundex based protocol...
==================================================
Runtime: 53
Precision: 0.3720711
Recall: 0.44208
F1: 0.40406552
Protocol finished successfully
==================================================
Time taken: 996ms


BUILD SUCCESSFUL in 1s
2 actionable tasks: 1 executed, 1 up-to-date
