> Task :compileJava
> Task :processResources NO-SOURCE
> Task :classes

> Task :run
Soundex Based Protocol running...
Retrieving records from the databases...
Adding records to parties...
Encoding party records with soundex...
Generating noise data...
Truncate data...
Generating hashes...
Soundex based protocol...
==================================================
Runtime: 67
Precision: 0.81115335
Recall: 0.3584
F1: 0.49714258
Protocol finished successfully
==================================================
Time taken: 1417ms


BUILD SUCCESSFUL in 1s
2 actionable tasks: 2 executed
