Starting a Gradle Daemon, 4 busy Daemons could not be reused, use --status for details
> Task :compileJava
> Task :processResources NO-SOURCE
> Task :classes

> Task :run
Metric Space Protocol running...
Retrieving records from the databases...
Adding records to parties...
Encoding party records...
Metric space protocol...
Matrix size: 13233X13233
Matrix size: 8632X8632
==================================================
Runtime: 12925470
Precision: 0.98858505
Recall: 0.14896
F1: 0.25890777
Protocol finished successfully
==================================================
Time taken: 12963293ms


BUILD SUCCESSFUL in 3h 36m 6s
2 actionable tasks: 2 executed
