> Task :compileJava UP-TO-DATE
> Task :processResources NO-SOURCE
> Task :classes UP-TO-DATE

> Task :run
Metric Space Protocol running...
Retrieving records from the databases...
Adding records to parties...
Encoding party records...
Metric space protocol...
Matrix size: 13233X13233
Matrix size: 8632X8632
==================================================
Runtime: 12953047
Precision: 0.98858505
Recall: 0.14896
F1: 0.25890777
Protocol finished successfully
==================================================
Time taken: 12990834ms


BUILD SUCCESSFUL in 3h 36m 31s
2 actionable tasks: 1 executed, 1 up-to-date
