> Task :compileJava
> Task :processResources NO-SOURCE
> Task :classes

> Task :run
Metric Space Protocol running...
Retrieving records from the databases...
Adding records to parties...
Encoding party records...
Metric space protocol...
Matrix size: 9211X9211
Matrix size: 5455X5455
Matrix size: 3207X3207
Matrix size: 3269X3269
==================================================
Runtime: 13286156
Precision: 0.959854
Recall: 0.04208
F1: 0.08062538
Protocol finished successfully
==================================================
Time taken: 13318728ms


BUILD SUCCESSFUL in 3h 41m 59s
2 actionable tasks: 2 executed
