> Task :compileJava UP-TO-DATE
> Task :processResources NO-SOURCE
> Task :classes UP-TO-DATE

> Task :run
Soundex Based Protocol running...
Retrieving records from the databases...
Adding records to parties...
Encoding party records with soundex...
Generating noise data...
Truncate data...
Generating hashes...
Soundex based protocol...
==================================================
Runtime: 197
Precision: 0.99106795
Recall: 0.10208
F1: 0.18509519
Protocol finished successfully
==================================================
Time taken: 7479ms


BUILD SUCCESSFUL in 7s
2 actionable tasks: 1 executed, 1 up-to-date
