> Task :compileJava
> Task :processResources NO-SOURCE
> Task :classes

> Task :run
Soundex Based Protocol running...
Retrieving records from the databases...
Adding records to parties...
Encoding party records with soundex...
Generating noise data...
Truncate data...
Generating hashes...
Soundex based protocol...
==================================================
Runtime: 139
Precision: 1.0
Recall: 4.0E-5
F1: 7.99968E-5
Protocol finished successfully
==================================================
Time taken: 6721ms


BUILD SUCCESSFUL in 7s
2 actionable tasks: 2 executed
