Starting a Gradle Daemon, 2 busy Daemons could not be reused, use --status for details
> Task :compileJava
> Task :processResources NO-SOURCE
> Task :classes

> Task :run
Metric Space Protocol running...
Retrieving records from the databases...
Adding records to parties...
Encoding party records...
Metric space protocol...
Matrix size: 16551X16551
Matrix size: 15241X15241
Matrix size: 13786X13786
Matrix size: 17039X17039
==================================================
Runtime: 133529513
Precision: 0.9887403
Recall: 0.0281
F1: 0.054646935
Protocol finished successfully
==================================================
Time taken: 133650267ms


BUILD SUCCESSFUL in 37h 7m 33s
2 actionable tasks: 2 executed
