> Task :compileJava UP-TO-DATE
> Task :processResources NO-SOURCE
> Task :classes UP-TO-DATE

> Task :run
Metric Space Protocol running...
Retrieving records from the databases...
Adding records to parties...
Encoding party records...
Metric space protocol...
Matrix size: 9211X9211
Matrix size: 5455X5455
Matrix size: 3207X3207
Matrix size: 3269X3269
==================================================
Runtime: 13132068
Precision: 0.959854
Recall: 0.04208
F1: 0.08062538
Protocol finished successfully
==================================================
Time taken: 13164647ms


BUILD SUCCESSFUL in 3h 39m 25s
2 actionable tasks: 1 executed, 1 up-to-date
