Starting a Gradle Daemon, 2 busy Daemons could not be reused, use --status for details
> Task :compileJava UP-TO-DATE
> Task :processResources NO-SOURCE
> Task :classes UP-TO-DATE

> Task :run
Metric Space Protocol running...
Retrieving records from the databases...
Adding records to parties...
Encoding party records...
Metric space protocol...
Matrix size: 16551X16551
Matrix size: 15240X15240
Matrix size: 13771X13771
Matrix size: 17017X17017
==================================================
Runtime: 142017832
Precision: 0.9922426
Recall: 0.02814
F1: 0.054727916
Protocol finished successfully
==================================================
Time taken: 142144531ms


BUILD SUCCESSFUL in 39h 29m 7s
2 actionable tasks: 1 executed, 1 up-to-date
