> Task :compileJava UP-TO-DATE
> Task :processResources NO-SOURCE
> Task :classes UP-TO-DATE

> Task :run
Soundex Based Protocol running...
Retrieving records from the databases...
Adding records to parties...
Encoding party records with soundex...
Generating noise data...
Truncate data...
Generating hashes...
Soundex based protocol...
==================================================
Runtime: 521
Precision: 0.987431
Recall: 0.1037
F1: 0.18768892
Protocol finished successfully
==================================================
Time taken: 14187ms


BUILD SUCCESSFUL in 14s
2 actionable tasks: 1 executed, 1 up-to-date
