> Task :compileJava
> Task :processResources NO-SOURCE
> Task :classes

> Task :run
Soundex Based Protocol running...
Retrieving records from the databases...
Adding records to parties...
Encoding party records with soundex...
Generating noise data...
Truncate data...
Generating hashes...
Soundex based protocol...
==================================================
Runtime: 122
Precision: 0.9910714
Recall: 0.09768
F1: 0.1778328
Protocol finished successfully
==================================================
Time taken: 4224ms


BUILD SUCCESSFUL in 4s
2 actionable tasks: 2 executed
