> Task :compileJava
> Task :processResources NO-SOURCE
> Task :classes

> Task :run
Soundex Based Protocol running...
Retrieving records from the databases...
Adding records to parties...
Encoding party records with soundex...
Generating noise data...
Truncate data...
Generating hashes...
Soundex based protocol...
==================================================
Runtime: 580
Precision: 0.987431
Recall: 0.1037
F1: 0.18768892
Protocol finished successfully
==================================================
Time taken: 14231ms


BUILD SUCCESSFUL in 14s
2 actionable tasks: 2 executed
