> Task :compileJava UP-TO-DATE
> Task :processResources NO-SOURCE
> Task :classes UP-TO-DATE

> Task :run
Soundex Based Protocol running...
Retrieving records from the databases...
Adding records to parties...
Encoding party records with soundex...
Generating noise data...
Truncate data...
Generating hashes...
Soundex based protocol...
==================================================
Runtime: 271
Precision: 0.85
Recall: 3.4E-4
F1: 6.7972817E-4
Protocol finished successfully
==================================================
Time taken: 11129ms


BUILD SUCCESSFUL in 11s
2 actionable tasks: 1 executed, 1 up-to-date
