> Task :compileJava UP-TO-DATE
> Task :processResources NO-SOURCE
> Task :classes UP-TO-DATE

> Task :run
Soundex Based Protocol running...
Retrieving records from the databases...
Adding records to parties...
Encoding party records with soundex...
Generating noise data...
Truncate data...
Generating hashes...
Soundex based protocol...
==================================================
Runtime: 96
Precision: NaN
Recall: 0.0
F1: NaN
Protocol finished successfully
==================================================
Time taken: 3425ms


BUILD SUCCESSFUL in 3s
2 actionable tasks: 1 executed, 1 up-to-date
