> Task :compileJava
> Task :processResources NO-SOURCE
> Task :classes

> Task :run
Soundex Based Protocol running...
Retrieving records from the databases...
Adding records to parties...
Encoding party records with soundex...
Generating noise data...
Truncate data...
Generating hashes...
Soundex based protocol...
==================================================
Runtime: 96
Precision: NaN
Recall: 0.0
F1: NaN
Protocol finished successfully
==================================================
Time taken: 3546ms


BUILD SUCCESSFUL in 4s
2 actionable tasks: 2 executed
