Starting a Gradle Daemon, 2 busy Daemons could not be reused, use --status for details
> Task :compileJava
> Task :processResources NO-SOURCE
> Task :classes

> Task :run
Early Mapping Clustering Protocol running...
Retrieving records from the databases...
Adding records to parties...
Encoding party records...
Grouping party records...
Early mapping clustering protocol...
Number of blocks: 653
Number of blocks: 653
Matrix size: 111X111
Matrix size: 118X118
Matrix size: 124X124
Matrix size: 172X172
Matrix size: 330X330
Matrix size: 388X388
Matrix size: 465X465
Matrix size: 459X459
Matrix size: 310X310
Matrix size: 355X355
Matrix size: 389X389
Matrix size: 430X430
Matrix size: 131X131
Matrix size: 139X139
Matrix size: 168X168
Matrix size: 167X167
Matrix size: 49X49
Matrix size: 56X56
Matrix size: 68X68
Matrix size: 45X45
Matrix size: 104X104
Matrix size: 109X109
Matrix size: 144X144
Matrix size: 127X127
Matrix size: 146X146
Matrix size: 161X161
Matrix size: 183X183
Matrix size: 181X181
Matrix size: 263X263
Matrix size: 337X337
Matrix size: 369X369
Matrix size: 374X374
Matrix size: 14X14
Matrix size: 12X12
Matrix size: 15X15
Matrix size: 20X20
Matrix size: 111X111
Matrix size: 158X158
Matrix size: 171X171
Matrix size: 148X148
Matrix size: 75X75
Matrix size: 94X94
Matrix size: 102X102
Matrix size: 123X123
Matrix size: 154X154
Matrix size: 156X156
Matrix size: 189X189
Matrix size: 187X187
Matrix size: 289X289
Matrix size: 381X381
Matrix size: 410X410
Matrix size: 426X426
Matrix size: 33X33
Matrix size: 31X31
Matrix size: 33X33
Matrix size: 40X40
Matrix size: 24X24
Matrix size: 21X21
Matrix size: 32X32
Matrix size: 32X32
Matrix size: 186X186
Matrix size: 203X203
Matrix size: 239X239
Matrix size: 254X254
Matrix size: 4X4
Matrix size: 1X1
Matrix size: 4X4
Matrix size: 7X7
Matrix size: 177X177
Matrix size: 196X196
Matrix size: 248X248
Matrix size: 243X243
Matrix size: 316X316
Matrix size: 380X380
Matrix size: 486X486
Matrix size: 515X515
Matrix size: 126X126
Matrix size: 160X160
Matrix size: 148X148
Matrix size: 179X179
Matrix size: 3X3
Matrix size: 3X3
Matrix size: 3X3
Matrix size: 3X3
Matrix size: 44X44
Matrix size: 47X47
Matrix size: 63X63
Matrix size: 53X53
Matrix size: 262X262
Matrix size: 352X352
Matrix size: 337X337
Matrix size: 339X339
Matrix size: 13X13
Matrix size: 7X7
Matrix size: 14X14
Matrix size: 10X10
Matrix size: 6X6
Matrix size: 6X6
Matrix size: 11X11
Matrix size: 7X7
Matrix size: 63X63
Matrix size: 84X84
Matrix size: 87X87
Matrix size: 80X80
Matrix size: 292X292
Matrix size: 324X324
Matrix size: 327X327
Matrix size: 328X328
Matrix size: 247X247
Matrix size: 240X240
Matrix size: 282X282
Matrix size: 281X281
Matrix size: 121X121
Matrix size: 117X117
Matrix size: 150X150
Matrix size: 130X130
Matrix size: 53X53
Matrix size: 62X62
Matrix size: 72X72
Matrix size: 55X55
Matrix size: 80X80
Matrix size: 83X83
Matrix size: 97X97
Matrix size: 89X89
Matrix size: 74X74
Matrix size: 107X107
Matrix size: 131X131
Matrix size: 105X105
Matrix size: 196X196
Matrix size: 214X214
Matrix size: 250X250
Matrix size: 221X221
Matrix size: 8X8
Matrix size: 9X9
Matrix size: 9X9
Matrix size: 12X12
Matrix size: 97X97
Matrix size: 108X108
Matrix size: 112X112
Matrix size: 89X89
Matrix size: 53X53
Matrix size: 50X50
Matrix size: 70X70
Matrix size: 63X63
Matrix size: 81X81
Matrix size: 86X86
Matrix size: 118X118
Matrix size: 97X97
Matrix size: 244X244
Matrix size: 271X271
Matrix size: 293X293
Matrix size: 335X335
Matrix size: 36X36
Matrix size: 44X44
Matrix size: 45X45
Matrix size: 36X36
Matrix size: 17X17
Matrix size: 20X20
Matrix size: 18X18
Matrix size: 19X19
Matrix size: 149X149
Matrix size: 145X145
Matrix size: 183X183
Matrix size: 152X152
Matrix size: 5X5
Matrix size: 3X3
Matrix size: 3X3
Matrix size: 5X5
Matrix size: 109X109
Matrix size: 143X143
Matrix size: 142X142
Matrix size: 132X132
Matrix size: 234X234
Matrix size: 301X301
Matrix size: 346X346
Matrix size: 328X328
Matrix size: 111X111
Matrix size: 113X113
Matrix size: 137X137
Matrix size: 113X113
Matrix size: 6X6
Matrix size: 6X6
Matrix size: 7X7
Matrix size: 6X6
Matrix size: 15X15
Matrix size: 22X22
Matrix size: 24X24
Matrix size: 16X16
Matrix size: 180X180
Matrix size: 241X241
Matrix size: 237X237
Matrix size: 217X217
Matrix size: 17X17
Matrix size: 16X16
Matrix size: 17X17
Matrix size: 16X16
Matrix size: 1X1
Matrix size: 2X2
Matrix size: 1X1
Matrix size: 1X1
Matrix size: 135X135
Matrix size: 156X156
Matrix size: 185X185
Matrix size: 197X197
Matrix size: 507X507
Matrix size: 517X517
Matrix size: 671X671
Matrix size: 666X666
Matrix size: 445X445
Matrix size: 511X511
Matrix size: 648X648
Matrix size: 663X663
Matrix size: 219X219
Matrix size: 237X237
Matrix size: 290X290
Matrix size: 326X326
Matrix size: 84X84
Matrix size: 98X98
Matrix size: 101X101
Matrix size: 131X131
Matrix size: 133X133
Matrix size: 140X140
Matrix size: 161X161
Matrix size: 187X187
Matrix size: 175X175
Matrix size: 196X196
Matrix size: 231X231
Matrix size: 264X264
Matrix size: 404X404
Matrix size: 474X474
Matrix size: 599X599
Matrix size: 588X588
Matrix size: 21X21
Matrix size: 19X19
Matrix size: 24X24
Matrix size: 28X28
Matrix size: 157X157
Matrix size: 193X193
Matrix size: 211X211
Matrix size: 237X237
Matrix size: 92X92
Matrix size: 118X118
Matrix size: 126X126
Matrix size: 152X152
Matrix size: 199X199
Matrix size: 201X201
Matrix size: 259X259
Matrix size: 241X241
Matrix size: 418X418
Matrix size: 522X522
Matrix size: 662X662
Matrix size: 645X645
Matrix size: 47X47
Matrix size: 56X56
Matrix size: 79X79
Matrix size: 58X58
Matrix size: 35X35
Matrix size: 43X43
Matrix size: 60X60
Matrix size: 45X45
Matrix size: 258X258
Matrix size: 324X324
Matrix size: 360X360
Matrix size: 351X351
Matrix size: 1X1
Matrix size: 2X2
Matrix size: 1X1
Matrix size: 2X2
Matrix size: 223X223
Matrix size: 249X249
Matrix size: 310X310
Matrix size: 302X302
Matrix size: 434X434
Matrix size: 494X494
Matrix size: 571X571
Matrix size: 598X598
Matrix size: 174X174
Matrix size: 199X199
Matrix size: 226X226
Matrix size: 239X239
Matrix size: 4X4
Matrix size: 6X6
Matrix size: 7X7
Matrix size: 7X7
Matrix size: 28X28
Matrix size: 30X30
Matrix size: 53X53
Matrix size: 35X35
Matrix size: 413X413
Matrix size: 479X479
Matrix size: 511X511
Matrix size: 563X563
Matrix size: 16X16
Matrix size: 16X16
Matrix size: 24X24
Matrix size: 13X13
Matrix size: 4X4
Matrix size: 2X2
Matrix size: 11X11
Matrix size: 7X7
Matrix size: 103X103
Matrix size: 134X134
Matrix size: 128X128
Matrix size: 152X152
Matrix size: 375X375
Matrix size: 425X425
Matrix size: 507X507
Matrix size: 525X525
Matrix size: 325X325
Matrix size: 356X356
Matrix size: 438X438
Matrix size: 415X415
Matrix size: 164X164
Matrix size: 181X181
Matrix size: 212X212
Matrix size: 188X188
Matrix size: 63X63
Matrix size: 65X65
Matrix size: 78X78
Matrix size: 75X75
Matrix size: 115X115
Matrix size: 136X136
Matrix size: 175X175
Matrix size: 141X141
Matrix size: 128X128
Matrix size: 146X146
Matrix size: 179X179
Matrix size: 190X190
Matrix size: 315X315
Matrix size: 322X322
Matrix size: 395X395
Matrix size: 328X328
Matrix size: 19X19
Matrix size: 11X11
Matrix size: 14X14
Matrix size: 16X16
Matrix size: 113X113
Matrix size: 152X152
Matrix size: 167X167
Matrix size: 130X130
Matrix size: 55X55
Matrix size: 56X56
Matrix size: 101X101
Matrix size: 85X85
Matrix size: 164X164
Matrix size: 179X179
Matrix size: 222X222
Matrix size: 188X188
Matrix size: 318X318
Matrix size: 407X407
Matrix size: 506X506
Matrix size: 400X400
Matrix size: 42X42
Matrix size: 44X44
Matrix size: 54X54
Matrix size: 43X43
Matrix size: 29X29
Matrix size: 24X24
Matrix size: 45X45
Matrix size: 25X25
Matrix size: 197X197
Matrix size: 195X195
Matrix size: 254X254
Matrix size: 245X245
Matrix size: 6X6
Matrix size: 6X6
Matrix size: 6X6
Matrix size: 5X5
Matrix size: 177X177
Matrix size: 199X199
Matrix size: 248X248
Matrix size: 204X204
Matrix size: 319X319
Matrix size: 375X375
Matrix size: 469X469
Matrix size: 471X471
Matrix size: 134X134
Matrix size: 135X135
Matrix size: 178X178
Matrix size: 153X153
Matrix size: 1X1
Matrix size: 1X1
Matrix size: 1X1
Matrix size: 5X5
Matrix size: 22X22
Matrix size: 22X22
Matrix size: 51X51
Matrix size: 30X30
Matrix size: 297X297
Matrix size: 346X346
Matrix size: 380X380
Matrix size: 352X352
Matrix size: 13X13
Matrix size: 10X10
Matrix size: 16X16
Matrix size: 16X16
Matrix size: 2X2
Matrix size: 3X3
Matrix size: 6X6
Matrix size: 5X5
Matrix size: 42X42
Matrix size: 51X51
Matrix size: 48X48
Matrix size: 63X63
Matrix size: 155X155
Matrix size: 162X162
Matrix size: 211X211
Matrix size: 234X234
Matrix size: 135X135
Matrix size: 151X151
Matrix size: 182X182
Matrix size: 169X169
Matrix size: 73X73
Matrix size: 73X73
Matrix size: 103X103
Matrix size: 85X85
Matrix size: 29X29
Matrix size: 31X31
Matrix size: 44X44
Matrix size: 34X34
Matrix size: 50X50
Matrix size: 72X72
Matrix size: 79X79
Matrix size: 61X61
Matrix size: 67X67
Matrix size: 83X83
Matrix size: 105X105
Matrix size: 102X102
Matrix size: 133X133
Matrix size: 135X135
Matrix size: 164X164
Matrix size: 163X163
Matrix size: 14X14
Matrix size: 10X10
Matrix size: 12X12
Matrix size: 12X12
Matrix size: 53X53
Matrix size: 59X59
Matrix size: 80X80
Matrix size: 82X82
Matrix size: 37X37
Matrix size: 35X35
Matrix size: 51X51
Matrix size: 52X52
Matrix size: 57X57
Matrix size: 72X72
Matrix size: 87X87
Matrix size: 85X85
Matrix size: 145X145
Matrix size: 162X162
Matrix size: 216X216
Matrix size: 224X224
Matrix size: 19X19
Matrix size: 21X21
Matrix size: 26X26
Matrix size: 18X18
Matrix size: 14X14
Matrix size: 21X21
Matrix size: 15X15
Matrix size: 22X22
Matrix size: 77X77
Matrix size: 95X95
Matrix size: 123X123
Matrix size: 121X121
Matrix size: 3X3
Matrix size: 1X1
Matrix size: 2X2
Matrix size: 2X2
Matrix size: 81X81
Matrix size: 83X83
Matrix size: 99X99
Matrix size: 106X106
Matrix size: 133X133
Matrix size: 169X169
Matrix size: 221X221
Matrix size: 231X231
Matrix size: 50X50
Matrix size: 63X63
Matrix size: 56X56
Matrix size: 64X64
Matrix size: 2X2
Matrix size: 18X18
Matrix size: 14X14
Matrix size: 13X13
Matrix size: 16X16
Matrix size: 111X111
Matrix size: 141X141
Matrix size: 153X153
Matrix size: 156X156
Matrix size: 3X3
Matrix size: 3X3
Matrix size: 5X5
Matrix size: 4X4
Matrix size: 1X1
Matrix size: 1X1
Matrix size: 1X1
Matrix size: 1X1
Matrix size: 15X15
Matrix size: 17X17
Matrix size: 18X18
Matrix size: 22X22
Matrix size: 28X28
Matrix size: 33X33
Matrix size: 43X43
Matrix size: 25X25
Matrix size: 40X40
Matrix size: 42X42
Matrix size: 58X58
Matrix size: 45X45
Matrix size: 13X13
Matrix size: 13X13
Matrix size: 19X19
Matrix size: 17X17
Matrix size: 8X8
Matrix size: 10X10
Matrix size: 16X16
Matrix size: 11X11
Matrix size: 11X11
Matrix size: 18X18
Matrix size: 22X22
Matrix size: 15X15
Matrix size: 12X12
Matrix size: 10X10
Matrix size: 15X15
Matrix size: 39X39
Matrix size: 27X27
Matrix size: 45X45
Matrix size: 60X60
Matrix size: 40X40
Matrix size: 1X1
Matrix size: 4X4
Matrix size: 2X2
Matrix size: 1X1
Matrix size: 6X6
Matrix size: 13X13
Matrix size: 17X17
Matrix size: 13X13
Matrix size: 6X6
Matrix size: 4X4
Matrix size: 9X9
Matrix size: 10X10
Matrix size: 11X11
Matrix size: 12X12
Matrix size: 9X9
Matrix size: 22X22
Matrix size: 39X39
Matrix size: 48X48
Matrix size: 48X48
Matrix size: 37X37
Matrix size: 2X2
Matrix size: 3X3
Matrix size: 3X3
Matrix size: 3X3
Matrix size: 1X1
Matrix size: 16X16
Matrix size: 19X19
Matrix size: 26X26
Matrix size: 13X13
Matrix size: 8X8
Matrix size: 23X23
Matrix size: 27X27
Matrix size: 15X15
Matrix size: 43X43
Matrix size: 45X45
Matrix size: 76X76
Matrix size: 65X65
Matrix size: 21X21
Matrix size: 15X15
Matrix size: 16X16
Matrix size: 18X18
Matrix size: 1X1
Matrix size: 1X1
Matrix size: 2X2
Matrix size: 1X1
Matrix size: 2X2
Matrix size: 5X5
Matrix size: 2X2
Matrix size: 2X2
Matrix size: 27X27
Matrix size: 34X34
Matrix size: 31X31
Matrix size: 30X30
Matrix size: 2X2
Matrix size: 1X1
Matrix size: 1X1
Matrix size: 2X2
Matrix size: 2X2
Matrix size: 2X2
Matrix size: 2X2
Matrix size: 2X2
Matrix size: 26X26
Matrix size: 30X30
Matrix size: 33X33
Matrix size: 24X24
Matrix size: 104X104
Matrix size: 101X101
Matrix size: 181X181
Matrix size: 116X116
Matrix size: 99X99
Matrix size: 105X105
Matrix size: 103X103
Matrix size: 101X101
Matrix size: 37X37
Matrix size: 43X43
Matrix size: 54X54
Matrix size: 59X59
Matrix size: 25X25
Matrix size: 30X30
Matrix size: 31X31
Matrix size: 23X23
Matrix size: 48X48
Matrix size: 38X38
Matrix size: 54X54
Matrix size: 42X42
Matrix size: 47X47
Matrix size: 52X52
Matrix size: 83X83
Matrix size: 66X66
Matrix size: 63X63
Matrix size: 68X68
Matrix size: 94X94
Matrix size: 51X51
Matrix size: 4X4
Matrix size: 6X6
Matrix size: 5X5
Matrix size: 4X4
Matrix size: 25X25
Matrix size: 35X35
Matrix size: 35X35
Matrix size: 25X25
Matrix size: 24X24
Matrix size: 17X17
Matrix size: 31X31
Matrix size: 24X24
Matrix size: 37X37
Matrix size: 53X53
Matrix size: 55X55
Matrix size: 44X44
Matrix size: 96X96
Matrix size: 86X86
Matrix size: 135X135
Matrix size: 108X108
Matrix size: 9X9
Matrix size: 8X8
Matrix size: 10X10
Matrix size: 15X15
Matrix size: 10X10
Matrix size: 11X11
Matrix size: 14X14
Matrix size: 9X9
Matrix size: 50X50
Matrix size: 51X51
Matrix size: 73X73
Matrix size: 67X67
Matrix size: 51X51
Matrix size: 51X51
Matrix size: 57X57
Matrix size: 57X57
Matrix size: 102X102
Matrix size: 121X121
Matrix size: 163X163
Matrix size: 139X139
Matrix size: 45X45
Matrix size: 42X42
Matrix size: 52X52
Matrix size: 68X68
Matrix size: 1X1
Matrix size: 1X1
Matrix size: 1X1
Matrix size: 1X1
Matrix size: 12X12
Matrix size: 11X11
Matrix size: 18X18
Matrix size: 12X12
Matrix size: 81X81
Matrix size: 97X97
Matrix size: 107X107
Matrix size: 66X66
Matrix size: 6X6
Matrix size: 5X5
Matrix size: 5X5
Matrix size: 5X5
Matrix size: 2X2
Matrix size: 2X2
Matrix size: 2X2
Matrix size: 2X2
Matrix size: 14X14
Matrix size: 22X22
Matrix size: 22X22
Matrix size: 18X18
Matrix size: 62X62
Matrix size: 62X62
Matrix size: 96X96
Matrix size: 88X88
Matrix size: 75X75
Matrix size: 93X93
Matrix size: 91X91
Matrix size: 118X118
Matrix size: 31X31
Matrix size: 40X40
Matrix size: 53X53
Matrix size: 38X38
Matrix size: 20X20
Matrix size: 24X24
Matrix size: 23X23
Matrix size: 20X20
Matrix size: 26X26
Matrix size: 21X21
Matrix size: 26X26
Matrix size: 27X27
Matrix size: 30X30
Matrix size: 30X30
Matrix size: 31X31
Matrix size: 33X33
Matrix size: 71X71
Matrix size: 78X78
Matrix size: 91X91
Matrix size: 94X94
Matrix size: 5X5
Matrix size: 6X6
Matrix size: 5X5
Matrix size: 5X5
Matrix size: 15X15
Matrix size: 24X24
Matrix size: 20X20
Matrix size: 15X15
Matrix size: 26X26
Matrix size: 18X18
Matrix size: 30X30
Matrix size: 25X25
Matrix size: 29X29
Matrix size: 31X31
Matrix size: 33X33
Matrix size: 34X34
Matrix size: 77X77
Matrix size: 102X102
Matrix size: 107X107
Matrix size: 105X105
Matrix size: 11X11
Matrix size: 10X10
Matrix size: 11X11
Matrix size: 9X9
Matrix size: 8X8
Matrix size: 7X7
Matrix size: 8X8
Matrix size: 6X6
Matrix size: 43X43
Matrix size: 46X46
Matrix size: 42X42
Matrix size: 79X79
Matrix size: 1X1
Matrix size: 24X24
Matrix size: 46X46
Matrix size: 31X31
Matrix size: 47X47
Matrix size: 73X73
Matrix size: 75X75
Matrix size: 116X116
Matrix size: 64X64
Matrix size: 29X29
Matrix size: 30X30
Matrix size: 30X30
Matrix size: 27X27
Matrix size: 1X1
Matrix size: 1X1
Matrix size: 1X1
Matrix size: 1X1
Matrix size: 3X3
Matrix size: 2X2
Matrix size: 3X3
Matrix size: 2X2
Matrix size: 54X54
Matrix size: 52X52
Matrix size: 52X52
Matrix size: 58X58
Matrix size: 5X5
Matrix size: 2X2
Matrix size: 2X2
Matrix size: 2X2
Matrix size: 1X1
Matrix size: 1X1
Matrix size: 1X1
Matrix size: 1X1
Matrix size: 4X4
Matrix size: 5X5
Matrix size: 4X4
Matrix size: 7X7
Matrix size: 8X8
Matrix size: 11X11
Matrix size: 11X11
Matrix size: 11X11
Matrix size: 12X12
Matrix size: 16X16
Matrix size: 13X13
Matrix size: 8X8
Matrix size: 4X4
Matrix size: 4X4
Matrix size: 5X5
Matrix size: 4X4
Matrix size: 1X1
Matrix size: 1X1
Matrix size: 1X1
Matrix size: 1X1
Matrix size: 8X8
Matrix size: 5X5
Matrix size: 8X8
Matrix size: 4X4
Matrix size: 7X7
Matrix size: 10X10
Matrix size: 10X10
Matrix size: 10X10
Matrix size: 9X9
Matrix size: 6X6
Matrix size: 6X6
Matrix size: 10X10
Matrix size: 1X1
Matrix size: 2X2
Matrix size: 2X2
Matrix size: 3X3
Matrix size: 3X3
Matrix size: 3X3
Matrix size: 3X3
Matrix size: 3X3
Matrix size: 3X3
Matrix size: 1X1
Matrix size: 1X1
Matrix size: 1X1
Matrix size: 2X2
Matrix size: 16X16
Matrix size: 18X18
Matrix size: 14X14
Matrix size: 11X11
Matrix size: 2X2
Matrix size: 2X2
Matrix size: 3X3
Matrix size: 2X2
Matrix size: 1X1
Matrix size: 1X1
Matrix size: 1X1
Matrix size: 1X1
Matrix size: 5X5
Matrix size: 3X3
Matrix size: 3X3
Matrix size: 4X4
Matrix size: 2X2
Matrix size: 7X7
Matrix size: 4X4
Matrix size: 2X2
Matrix size: 6X6
Matrix size: 8X8
Matrix size: 8X8
Matrix size: 7X7
Matrix size: 5X5
Matrix size: 5X5
Matrix size: 5X5
Matrix size: 6X6
Matrix size: 1X1
Matrix size: 4X4
Matrix size: 5X5
Matrix size: 2X2
Matrix size: 3X3
Matrix size: 1X1
Matrix size: 1X1
Matrix size: 1X1
Matrix size: 1X1
Matrix size: 212X212
Matrix size: 225X225
Matrix size: 265X265
Matrix size: 296X296
Matrix size: 731X731
Matrix size: 909X909
Matrix size: 996X996
Matrix size: 977X977
Matrix size: 621X621
Matrix size: 728X728
Matrix size: 925X925
Matrix size: 930X930
Matrix size: 292X292
Matrix size: 327X327
Matrix size: 372X372
Matrix size: 371X371
Matrix size: 121X121
Matrix size: 125X125
Matrix size: 135X135
Matrix size: 160X160
Matrix size: 254X254
Matrix size: 277X277
Matrix size: 338X338
Matrix size: 303X303
Matrix size: 283X283
Matrix size: 347X347
Matrix size: 406X406
Matrix size: 411X411
Matrix size: 633X633
Matrix size: 718X718
Matrix size: 914X914
Matrix size: 887X887
Matrix size: 29X29
Matrix size: 24X24
Matrix size: 32X32
Matrix size: 30X30
Matrix size: 237X237
Matrix size: 244X244
Matrix size: 235X235
Matrix size: 258X258
Matrix size: 154X154
Matrix size: 170X170
Matrix size: 245X245
Matrix size: 252X252
Matrix size: 273X273
Matrix size: 349X349
Matrix size: 426X426
Matrix size: 404X404
Matrix size: 633X633
Matrix size: 774X774
Matrix size: 920X920
Matrix size: 903X903
Matrix size: 92X92
Matrix size: 101X101
Matrix size: 116X116
Matrix size: 111X111
Matrix size: 36X36
Matrix size: 50X50
Matrix size: 62X62
Matrix size: 63X63
Matrix size: 357X357
Matrix size: 410X410
Matrix size: 444X444
Matrix size: 425X425
Matrix size: 10X10
Matrix size: 11X11
Matrix size: 11X11
Matrix size: 16X16
Matrix size: 349X349
Matrix size: 425X425
Matrix size: 473X473
Matrix size: 510X510
Matrix size: 669X669
Matrix size: 766X766
Matrix size: 902X902
Matrix size: 912X912
Matrix size: 276X276
Matrix size: 359X359
Matrix size: 332X332
Matrix size: 364X364
Matrix size: 13X13
Matrix size: 11X11
Matrix size: 10X10
Matrix size: 10X10
Matrix size: 54X54
Matrix size: 70X70
Matrix size: 91X91
Matrix size: 54X54
Matrix size: 537X537
Matrix size: 614X614
Matrix size: 682X682
Matrix size: 639X639
Matrix size: 18X18
Matrix size: 24X24
Matrix size: 33X33
Matrix size: 23X23
Matrix size: 6X6
Matrix size: 8X8
Matrix size: 14X14
Matrix size: 6X6
Matrix size: 67X67
Matrix size: 79X79
Matrix size: 103X103
Matrix size: 121X121
Matrix size: 337X337
Matrix size: 335X335
Matrix size: 431X431
Matrix size: 424X424
Matrix size: 235X235
Matrix size: 267X267
Matrix size: 358X358
Matrix size: 346X346
Matrix size: 103X103
Matrix size: 112X112
Matrix size: 139X139
Matrix size: 161X161
Matrix size: 39X39
Matrix size: 48X48
Matrix size: 58X58
Matrix size: 56X56
Matrix size: 90X90
Matrix size: 100X100
Matrix size: 119X119
Matrix size: 135X135
Matrix size: 104X104
Matrix size: 144X144
Matrix size: 188X188
Matrix size: 163X163
Matrix size: 260X260
Matrix size: 318X318
Matrix size: 375X375
Matrix size: 369X369
Matrix size: 16X16
Matrix size: 19X19
Matrix size: 22X22
Matrix size: 21X21
Matrix size: 110X110
Matrix size: 146X146
Matrix size: 125X125
Matrix size: 120X120
Matrix size: 75X75
Matrix size: 82X82
Matrix size: 108X108
Matrix size: 100X100
Matrix size: 113X113
Matrix size: 119X119
Matrix size: 158X158
Matrix size: 169X169
Matrix size: 274X274
Matrix size: 315X315
Matrix size: 349X349
Matrix size: 459X459
Matrix size: 29X29
Matrix size: 30X30
Matrix size: 39X39
Matrix size: 44X44
Matrix size: 30X30
Matrix size: 33X33
Matrix size: 38X38
Matrix size: 35X35
Matrix size: 151X151
Matrix size: 164X164
Matrix size: 196X196
Matrix size: 181X181
Matrix size: 2X2
Matrix size: 2X2
Matrix size: 2X2
Matrix size: 3X3
Matrix size: 127X127
Matrix size: 157X157
Matrix size: 208X208
Matrix size: 164X164
Matrix size: 237X237
Matrix size: 266X266
Matrix size: 395X395
Matrix size: 367X367
Matrix size: 109X109
Matrix size: 141X141
Matrix size: 143X143
Matrix size: 115X115
Matrix size: 3X3
Matrix size: 5X5
Matrix size: 3X3
Matrix size: 9X9
Matrix size: 19X19
Matrix size: 16X16
Matrix size: 29X29
Matrix size: 24X24
Matrix size: 203X203
Matrix size: 268X268
Matrix size: 274X274
Matrix size: 253X253
Matrix size: 12X12
Matrix size: 10X10
Matrix size: 17X17
Matrix size: 13X13
Matrix size: 4X4
Matrix size: 6X6
Matrix size: 4X4
Matrix size: 6X6
Matrix size: 69X69
Matrix size: 84X84
Matrix size: 96X96
Matrix size: 73X73
Matrix size: 259X259
Matrix size: 277X277
Matrix size: 324X324
Matrix size: 346X346
Matrix size: 198X198
Matrix size: 220X220
Matrix size: 269X269
Matrix size: 239X239
Matrix size: 102X102
Matrix size: 110X110
Matrix size: 112X112
Matrix size: 121X121
Matrix size: 51X51
Matrix size: 43X43
Matrix size: 42X42
Matrix size: 48X48
Matrix size: 87X87
Matrix size: 83X83
Matrix size: 109X109
Matrix size: 84X84
Matrix size: 107X107
Matrix size: 119X119
Matrix size: 159X159
Matrix size: 202X202
Matrix size: 186X186
Matrix size: 220X220
Matrix size: 258X258
Matrix size: 274X274
Matrix size: 12X12
Matrix size: 13X13
Matrix size: 13X13
Matrix size: 18X18
Matrix size: 82X82
Matrix size: 88X88
Matrix size: 109X109
Matrix size: 81X81
Matrix size: 44X44
Matrix size: 50X50
Matrix size: 75X75
Matrix size: 59X59
Matrix size: 98X98
Matrix size: 113X113
Matrix size: 118X118
Matrix size: 125X125
Matrix size: 245X245
Matrix size: 301X301
Matrix size: 337X337
Matrix size: 328X328
Matrix size: 19X19
Matrix size: 20X20
Matrix size: 25X25
Matrix size: 21X21
Matrix size: 17X17
Matrix size: 24X24
Matrix size: 21X21
Matrix size: 19X19
Matrix size: 116X116
Matrix size: 128X128
Matrix size: 144X144
Matrix size: 151X151
Matrix size: 5X5
Matrix size: 126X126
Matrix size: 133X133
Matrix size: 150X150
Matrix size: 153X153
Matrix size: 222X222
Matrix size: 261X261
Matrix size: 328X328
Matrix size: 317X317
Matrix size: 99X99
Matrix size: 127X127
Matrix size: 123X123
Matrix size: 129X129
Matrix size: 3X3
Matrix size: 3X3
Matrix size: 4X4
Matrix size: 3X3
Matrix size: 32X32
Matrix size: 25X25
Matrix size: 35X35
Matrix size: 28X28
Matrix size: 233X233
Matrix size: 262X262
Matrix size: 299X299
Matrix size: 295X295
Matrix size: 6X6
Matrix size: 6X6
Matrix size: 10X10
Matrix size: 8X8
Matrix size: 1X1
Matrix size: 1X1
Matrix size: 130X130
Matrix size: 155X155
Matrix size: 159X159
Matrix size: 179X179
Matrix size: 434X434
Matrix size: 483X483
Matrix size: 620X620
Matrix size: 662X662
Matrix size: 376X376
Matrix size: 441X441
Matrix size: 517X517
Matrix size: 489X489
Matrix size: 164X164
Matrix size: 172X172
Matrix size: 279X279
Matrix size: 247X247
Matrix size: 82X82
Matrix size: 110X110
Matrix size: 118X118
Matrix size: 110X110
Matrix size: 156X156
Matrix size: 181X181
Matrix size: 219X219
Matrix size: 215X215
Matrix size: 182X182
Matrix size: 225X225
Matrix size: 288X288
Matrix size: 278X278
Matrix size: 361X361
Matrix size: 424X424
Matrix size: 499X499
Matrix size: 493X493
Matrix size: 18X18
Matrix size: 14X14
Matrix size: 18X18
Matrix size: 18X18
Matrix size: 138X138
Matrix size: 194X194
Matrix size: 188X188
Matrix size: 187X187
Matrix size: 88X88
Matrix size: 92X92
Matrix size: 122X122
Matrix size: 153X153
Matrix size: 164X164
Matrix size: 195X195
Matrix size: 229X229
Matrix size: 241X241
Matrix size: 465X465
Matrix size: 577X577
Matrix size: 709X709
Matrix size: 752X752
Matrix size: 54X54
Matrix size: 65X65
Matrix size: 69X69
Matrix size: 93X93
Matrix size: 42X42
Matrix size: 44X44
Matrix size: 58X58
Matrix size: 51X51
Matrix size: 248X248
Matrix size: 254X254
Matrix size: 307X307
Matrix size: 359X359
Matrix size: 5X5
Matrix size: 7X7
Matrix size: 8X8
Matrix size: 9X9
Matrix size: 250X250
Matrix size: 299X299
Matrix size: 350X350
Matrix size: 416X416
Matrix size: 398X398
Matrix size: 498X498
Matrix size: 652X652
Matrix size: 572X572
Matrix size: 155X155
Matrix size: 178X178
Matrix size: 205X205
Matrix size: 185X185
Matrix size: 3X3
Matrix size: 3X3
Matrix size: 31X31
Matrix size: 37X37
Matrix size: 52X52
Matrix size: 46X46
Matrix size: 342X342
Matrix size: 407X407
Matrix size: 488X488
Matrix size: 451X451
Matrix size: 12X12
Matrix size: 16X16
Matrix size: 11X11
Matrix size: 12X12
Matrix size: 11X11
Matrix size: 9X9
Matrix size: 13X13
Matrix size: 9X9
Matrix size: 19X19
Matrix size: 18X18
Matrix size: 19X19
Matrix size: 19X19
Matrix size: 75X75
Matrix size: 81X81
Matrix size: 105X105
Matrix size: 103X103
Matrix size: 71X71
Matrix size: 88X88
Matrix size: 115X115
Matrix size: 85X85
Matrix size: 44X44
Matrix size: 43X43
Matrix size: 36X36
Matrix size: 39X39
Matrix size: 19X19
Matrix size: 13X13
Matrix size: 14X14
Matrix size: 17X17
Matrix size: 32X32
Matrix size: 35X35
Matrix size: 30X30
Matrix size: 42X42
Matrix size: 33X33
Matrix size: 34X34
Matrix size: 47X47
Matrix size: 67X67
Matrix size: 61X61
Matrix size: 59X59
Matrix size: 64X64
Matrix size: 85X85
Matrix size: 6X6
Matrix size: 6X6
Matrix size: 5X5
Matrix size: 6X6
Matrix size: 34X34
Matrix size: 46X46
Matrix size: 33X33
Matrix size: 61X61
Matrix size: 15X15
Matrix size: 17X17
Matrix size: 17X17
Matrix size: 15X15
Matrix size: 31X31
Matrix size: 29X29
Matrix size: 42X42
Matrix size: 40X40
Matrix size: 64X64
Matrix size: 75X75
Matrix size: 73X73
Matrix size: 67X67
Matrix size: 15X15
Matrix size: 13X13
Matrix size: 13X13
Matrix size: 13X13
Matrix size: 6X6
Matrix size: 4X4
Matrix size: 12X12
Matrix size: 8X8
Matrix size: 46X46
Matrix size: 42X42
Matrix size: 47X47
Matrix size: 47X47
Matrix size: 1X1
Matrix size: 1X1
Matrix size: 1X1
Matrix size: 1X1
Matrix size: 38X38
Matrix size: 37X37
Matrix size: 52X52
Matrix size: 43X43
Matrix size: 61X61
Matrix size: 58X58
Matrix size: 79X79
Matrix size: 96X96
Matrix size: 21X21
Matrix size: 27X27
Matrix size: 21X21
Matrix size: 23X23
Matrix size: 2X2
Matrix size: 2X2
Matrix size: 2X2
Matrix size: 2X2
Matrix size: 7X7
Matrix size: 7X7
Matrix size: 6X6
Matrix size: 7X7
Matrix size: 61X61
Matrix size: 80X80
Matrix size: 63X63
Matrix size: 79X79
Matrix size: 3X3
Matrix size: 3X3
Matrix size: 4X4
Matrix size: 5X5
Matrix size: 1X1
Matrix size: 1X1
Matrix size: 1X1
Matrix size: 1X1
Matrix size: 2X2
Matrix size: 2X2
Matrix size: 3X3
Matrix size: 2X2
Matrix size: 7X7
Matrix size: 7X7
Matrix size: 9X9
Matrix size: 5X5
Matrix size: 13X13
Matrix size: 16X16
Matrix size: 17X17
Matrix size: 11X11
Matrix size: 1X1
Matrix size: 1X1
Matrix size: 1X1
Matrix size: 1X1
Matrix size: 3X3
Matrix size: 3X3
Matrix size: 3X3
Matrix size: 3X3
Matrix size: 2X2
Matrix size: 2X2
Matrix size: 4X4
Matrix size: 2X2
Matrix size: 6X6
Matrix size: 6X6
Matrix size: 7X7
Matrix size: 7X7
Matrix size: 11X11
Matrix size: 10X10
Matrix size: 8X8
Matrix size: 11X11
Matrix size: 3X3
Matrix size: 7X7
Matrix size: 5X5
Matrix size: 3X3
Matrix size: 2X2
Matrix size: 1X1
Matrix size: 2X2
Matrix size: 1X1
Matrix size: 2X2
Matrix size: 4X4
Matrix size: 2X2
Matrix size: 2X2
Matrix size: 8X8
Matrix size: 9X9
Matrix size: 12X12
Matrix size: 10X10
Matrix size: 6X6
Matrix size: 6X6
Matrix size: 7X7
Matrix size: 5X5
Matrix size: 5X5
Matrix size: 5X5
Matrix size: 7X7
Matrix size: 5X5
Matrix size: 10X10
Matrix size: 8X8
Matrix size: 12X12
Matrix size: 9X9
Matrix size: 3X3
Matrix size: 5X5
Matrix size: 3X3
Matrix size: 3X3
Matrix size: 1X1
Matrix size: 1X1
Matrix size: 1X1
Matrix size: 1X1
Matrix size: 7X7
Matrix size: 6X6
Matrix size: 6X6
Matrix size: 6X6
Matrix size: 38X38
Matrix size: 45X45
Matrix size: 54X54
Matrix size: 44X44
Matrix size: 125X125
Matrix size: 148X148
Matrix size: 193X193
Matrix size: 188X188
Matrix size: 143X143
Matrix size: 166X166
Matrix size: 197X197
Matrix size: 203X203
Matrix size: 63X63
Matrix size: 64X64
Matrix size: 72X72
Matrix size: 75X75
Matrix size: 16X16
Matrix size: 19X19
Matrix size: 16X16
Matrix size: 19X19
Matrix size: 58X58
Matrix size: 65X65
Matrix size: 78X78
Matrix size: 80X80
Matrix size: 54X54
Matrix size: 65X65
Matrix size: 94X94
Matrix size: 83X83
Matrix size: 106X106
Matrix size: 109X109
Matrix size: 164X164
Matrix size: 161X161
Matrix size: 9X9
Matrix size: 5X5
Matrix size: 7X7
Matrix size: 8X8
Matrix size: 51X51
Matrix size: 47X47
Matrix size: 62X62
Matrix size: 56X56
Matrix size: 15X15
Matrix size: 16X16
Matrix size: 30X30
Matrix size: 20X20
Matrix size: 50X50
Matrix size: 61X61
Matrix size: 92X92
Matrix size: 62X62
Matrix size: 135X135
Matrix size: 163X163
Matrix size: 218X218
Matrix size: 175X175
Matrix size: 14X14
Matrix size: 17X17
Matrix size: 19X19
Matrix size: 18X18
Matrix size: 13X13
Matrix size: 11X11
Matrix size: 22X22
Matrix size: 23X23
Matrix size: 72X72
Matrix size: 77X77
Matrix size: 98X98
Matrix size: 98X98
Matrix size: 1X1
Matrix size: 1X1
Matrix size: 2X2
Matrix size: 2X2
Matrix size: 55X55
Matrix size: 67X67
Matrix size: 88X88
Matrix size: 84X84
Matrix size: 126X126
Matrix size: 153X153
Matrix size: 204X204
Matrix size: 267X267
Matrix size: 52X52
Matrix size: 60X60
Matrix size: 78X78
Matrix size: 78X78
Matrix size: 11X11
Matrix size: 13X13
Matrix size: 20X20
Matrix size: 12X12
Matrix size: 92X92
Matrix size: 105X105
Matrix size: 116X116
Matrix size: 105X105
Matrix size: 4X4
Matrix size: 3X3
Matrix size: 4X4
Matrix size: 2X2
Matrix size: 1X1
Matrix size: 1X1
Matrix size: 2X2
Matrix size: 1X1
Matrix size: 1X1
Matrix size: 2X2
Matrix size: 1X1
Matrix size: 2X2
Matrix size: 4X4
Matrix size: 5X5
Matrix size: 4X4
Matrix size: 5X5
Matrix size: 2X2
Matrix size: 2X2
Matrix size: 2X2
Matrix size: 2X2
Matrix size: 2X2
Matrix size: 2X2
Matrix size: 2X2
Matrix size: 2X2
Matrix size: 1X1
Matrix size: 1X1
Matrix size: 1X1
Matrix size: 1X1
Matrix size: 2X2
Matrix size: 2X2
Matrix size: 2X2
Matrix size: 2X2
Matrix size: 1X1
Matrix size: 3X3
Matrix size: 1X1
Matrix size: 1X1
Matrix size: 1X1
Matrix size: 3X3
Matrix size: 4X4
Matrix size: 3X3
Matrix size: 1X1
Matrix size: 2X2
Matrix size: 3X3
Matrix size: 2X2
Matrix size: 1X1
Matrix size: 3X3
Matrix size: 2X2
Matrix size: 2X2
Matrix size: 3X3
Matrix size: 2X2
Matrix size: 2X2
Matrix size: 2X2
Matrix size: 2X2
Matrix size: 1X1
Matrix size: 2X2
Matrix size: 2X2
Matrix size: 1X1
Matrix size: 4X4
Matrix size: 3X3
Matrix size: 3X3
Matrix size: 2X2
Matrix size: 2X2
Matrix size: 1X1
Matrix size: 1X1
Matrix size: 1X1
Matrix size: 1X1
Matrix size: 84X84
Matrix size: 98X98
Matrix size: 101X101
Matrix size: 128X128
Matrix size: 296X296
Matrix size: 352X352
Matrix size: 360X360
Matrix size: 362X362
Matrix size: 277X277
Matrix size: 318X318
Matrix size: 375X375
Matrix size: 349X349
Matrix size: 137X137
Matrix size: 135X135
Matrix size: 181X181
Matrix size: 193X193
Matrix size: 67X67
Matrix size: 64X64
Matrix size: 82X82
Matrix size: 83X83
Matrix size: 130X130
Matrix size: 132X132
Matrix size: 160X160
Matrix size: 170X170
Matrix size: 126X126
Matrix size: 145X145
Matrix size: 204X204
Matrix size: 181X181
Matrix size: 237X237
Matrix size: 296X296
Matrix size: 360X360
Matrix size: 319X319
Matrix size: 12X12
Matrix size: 9X9
Matrix size: 9X9
Matrix size: 10X10
Matrix size: 114X114
Matrix size: 127X127
Matrix size: 135X135
Matrix size: 141X141
Matrix size: 55X55
Matrix size: 66X66
Matrix size: 106X106
Matrix size: 94X94
Matrix size: 121X121
Matrix size: 143X143
Matrix size: 187X187
Matrix size: 148X148
Matrix size: 296X296
Matrix size: 264X264
Matrix size: 413X413
Matrix size: 392X392
Matrix size: 24X24
Matrix size: 33X33
Matrix size: 36X36
Matrix size: 38X38
Matrix size: 29X29
Matrix size: 26X26
Matrix size: 45X45
Matrix size: 26X26
Matrix size: 187X187
Matrix size: 186X186
Matrix size: 247X247
Matrix size: 221X221
Matrix size: 4X4
Matrix size: 3X3
Matrix size: 4X4
Matrix size: 6X6
Matrix size: 126X126
Matrix size: 128X128
Matrix size: 187X187
Matrix size: 180X180
Matrix size: 286X286
Matrix size: 342X342
Matrix size: 415X415
Matrix size: 388X388
Matrix size: 133X133
Matrix size: 144X144
Matrix size: 219X219
Matrix size: 186X186
Matrix size: 1X1
Matrix size: 1X1
Matrix size: 3X3
Matrix size: 1X1
Matrix size: 14X14
Matrix size: 14X14
Matrix size: 28X28
Matrix size: 14X14
Matrix size: 267X267
Matrix size: 312X312
Matrix size: 356X356
Matrix size: 349X349
Matrix size: 19X19
Matrix size: 11X11
Matrix size: 15X15
Matrix size: 20X20
Matrix size: 6X6
Matrix size: 8X8
Matrix size: 7X7
Matrix size: 6X6
Matrix size: 95X95
Matrix size: 107X107
Matrix size: 119X119
Matrix size: 154X154
Matrix size: 336X336
Matrix size: 384X384
Matrix size: 529X529
Matrix size: 552X552
Matrix size: 326X326
Matrix size: 374X374
Matrix size: 405X405
Matrix size: 412X412
Matrix size: 174X174
Matrix size: 191X191
Matrix size: 234X234
Matrix size: 259X259
Matrix size: 59X59
Matrix size: 73X73
Matrix size: 97X97
Matrix size: 76X76
Matrix size: 147X147
Matrix size: 148X148
Matrix size: 156X156
Matrix size: 161X161
Matrix size: 153X153
Matrix size: 202X202
Matrix size: 223X223
Matrix size: 204X204
Matrix size: 316X316
Matrix size: 353X353
Matrix size: 416X416
Matrix size: 451X451
Matrix size: 18X18
Matrix size: 18X18
Matrix size: 18X18
Matrix size: 18X18
Matrix size: 131X131
Matrix size: 149X149
Matrix size: 165X165
Matrix size: 176X176
Matrix size: 76X76
Matrix size: 96X96
Matrix size: 117X117
Matrix size: 111X111
Matrix size: 118X118
Matrix size: 160X160
Matrix size: 183X183
Matrix size: 166X166
Matrix size: 356X356
Matrix size: 417X417
Matrix size: 469X469
Matrix size: 472X472
Matrix size: 39X39
Matrix size: 44X44
Matrix size: 51X51
Matrix size: 62X62
Matrix size: 32X32
Matrix size: 32X32
Matrix size: 47X47
Matrix size: 45X45
Matrix size: 212X212
Matrix size: 224X224
Matrix size: 292X292
Matrix size: 265X265
Matrix size: 1X1
Matrix size: 1X1
Matrix size: 1X1
Matrix size: 2X2
Matrix size: 176X176
Matrix size: 217X217
Matrix size: 269X269
Matrix size: 233X233
Matrix size: 408X408
Matrix size: 452X452
Matrix size: 564X564
Matrix size: 627X627
Matrix size: 137X137
Matrix size: 165X165
Matrix size: 174X174
Matrix size: 156X156
Matrix size: 1X1
Matrix size: 2X2
Matrix size: 4X4
Matrix size: 1X1
Matrix size: 24X24
Matrix size: 30X30
Matrix size: 36X36
Matrix size: 39X39
Matrix size: 287X287
Matrix size: 352X352
Matrix size: 358X358
Matrix size: 415X415
Matrix size: 26X26
Matrix size: 22X22
Matrix size: 28X28
Matrix size: 26X26
Matrix size: 3X3
Matrix size: 4X4
Matrix size: 7X7
Matrix size: 5X5
Matrix size: 83X83
Matrix size: 98X98
Matrix size: 111X111
Matrix size: 113X113
Matrix size: 258X258
Matrix size: 309X309
Matrix size: 370X370
Matrix size: 350X350
Matrix size: 213X213
Matrix size: 260X260
Matrix size: 296X296
Matrix size: 298X298
Matrix size: 108X108
Matrix size: 117X117
Matrix size: 153X153
Matrix size: 108X108
Matrix size: 55X55
Matrix size: 53X53
Matrix size: 66X66
Matrix size: 55X55
Matrix size: 93X93
Matrix size: 96X96
Matrix size: 109X109
Matrix size: 106X106
Matrix size: 108X108
Matrix size: 130X130
Matrix size: 138X138
Matrix size: 132X132
Matrix size: 195X195
Matrix size: 221X221
Matrix size: 279X279
Matrix size: 257X257
Matrix size: 9X9
Matrix size: 10X10
Matrix size: 7X7
Matrix size: 8X8
Matrix size: 105X105
Matrix size: 124X124
Matrix size: 125X125
Matrix size: 139X139
Matrix size: 47X47
Matrix size: 51X51
Matrix size: 57X57
Matrix size: 42X42
Matrix size: 109X109
Matrix size: 112X112
Matrix size: 121X121
Matrix size: 107X107
Matrix size: 257X257
Matrix size: 316X316
Matrix size: 363X363
Matrix size: 313X313
Matrix size: 31X31
Matrix size: 34X34
Matrix size: 28X28
Matrix size: 32X32
Matrix size: 18X18
Matrix size: 22X22
Matrix size: 35X35
Matrix size: 19X19
Matrix size: 143X143
Matrix size: 147X147
Matrix size: 201X201
Matrix size: 168X168
Matrix size: 2X2
Matrix size: 2X2
Matrix size: 2X2
Matrix size: 3X3
Matrix size: 116X116
Matrix size: 140X140
Matrix size: 167X167
Matrix size: 195X195
Matrix size: 281X281
Matrix size: 305X305
Matrix size: 376X376
Matrix size: 280X280
Matrix size: 122X122
Matrix size: 133X133
Matrix size: 151X151
Matrix size: 171X171
Matrix size: 3X3
Matrix size: 3X3
Matrix size: 3X3
Matrix size: 3X3
Matrix size: 19X19
Matrix size: 23X23
Matrix size: 29X29
Matrix size: 39X39
Matrix size: 223X223
Matrix size: 250X250
Matrix size: 281X281
Matrix size: 266X266
Matrix size: 8X8
Matrix size: 9X9
Matrix size: 12X12
Matrix size: 7X7
Matrix size: 9X9
Matrix size: 9X9
Matrix size: 10X10
Matrix size: 9X9
Matrix size: 2X2
Matrix size: 2X2
Matrix size: 2X2
Matrix size: 2X2
Matrix size: 2X2
Matrix size: 2X2
Matrix size: 2X2
Matrix size: 2X2
Matrix size: 1X1
Matrix size: 1X1
Matrix size: 1X1
Matrix size: 1X1
Matrix size: 1X1
Matrix size: 1X1
Matrix size: 1X1
Matrix size: 1X1
Matrix size: 1X1
Matrix size: 1X1
Matrix size: 1X1
Matrix size: 1X1
Matrix size: 1X1
Matrix size: 1X1
Matrix size: 1X1
Matrix size: 1X1
Matrix size: 7X7
Matrix size: 10X10
Matrix size: 6X6
Matrix size: 10X10
Matrix size: 39X39
Matrix size: 48X48
Matrix size: 57X57
Matrix size: 79X79
Matrix size: 41X41
Matrix size: 55X55
Matrix size: 65X65
Matrix size: 42X42
Matrix size: 20X20
Matrix size: 21X21
Matrix size: 23X23
Matrix size: 22X22
Matrix size: 7X7
Matrix size: 7X7
Matrix size: 11X11
Matrix size: 7X7
Matrix size: 14X14
Matrix size: 13X13
Matrix size: 17X17
Matrix size: 25X25
Matrix size: 18X18
Matrix size: 21X21
Matrix size: 22X22
Matrix size: 19X19
Matrix size: 28X28
Matrix size: 40X40
Matrix size: 45X45
Matrix size: 49X49
Matrix size: 3X3
Matrix size: 3X3
Matrix size: 3X3
Matrix size: 2X2
Matrix size: 10X10
Matrix size: 12X12
Matrix size: 17X17
Matrix size: 10X10
Matrix size: 8X8
Matrix size: 11X11
Matrix size: 10X10
Matrix size: 15X15
Matrix size: 21X21
Matrix size: 17X17
Matrix size: 23X23
Matrix size: 27X27
Matrix size: 48X48
Matrix size: 61X61
Matrix size: 73X73
Matrix size: 44X44
Matrix size: 4X4
Matrix size: 4X4
Matrix size: 5X5
Matrix size: 4X4
Matrix size: 1X1
Matrix size: 1X1
Matrix size: 1X1
Matrix size: 3X3
Matrix size: 28X28
Matrix size: 31X31
Matrix size: 42X42
Matrix size: 33X33
Matrix size: 1X1
Matrix size: 1X1
Matrix size: 1X1
Matrix size: 1X1
Matrix size: 16X16
Matrix size: 16X16
Matrix size: 27X27
Matrix size: 19X19
Matrix size: 39X39
Matrix size: 48X48
Matrix size: 50X50
Matrix size: 44X44
Matrix size: 18X18
Matrix size: 19X19
Matrix size: 21X21
Matrix size: 23X23
Matrix size: 2X2
Matrix size: 2X2
Matrix size: 2X2
Matrix size: 2X2
Matrix size: 7X7
Matrix size: 6X6
Matrix size: 8X8
Matrix size: 8X8
Matrix size: 29X29
Matrix size: 40X40
Matrix size: 40X40
Matrix size: 41X41
Matrix size: 1X1
Matrix size: 1X1
Matrix size: 1X1
Matrix size: 1X1
Matrix size: 2X2
Matrix size: 2X2
Matrix size: 2X2
Matrix size: 2X2
Matrix size: 36X36
Matrix size: 45X45
Matrix size: 47X47
Matrix size: 37X37
Matrix size: 139X139
Matrix size: 156X156
Matrix size: 199X199
Matrix size: 159X159
Matrix size: 122X122
Matrix size: 128X128
Matrix size: 162X162
Matrix size: 139X139
Matrix size: 48X48
Matrix size: 62X62
Matrix size: 73X73
Matrix size: 70X70
Matrix size: 34X34
Matrix size: 35X35
Matrix size: 41X41
Matrix size: 38X38
Matrix size: 41X41
Matrix size: 43X43
Matrix size: 61X61
Matrix size: 60X60
Matrix size: 50X50
Matrix size: 79X79
Matrix size: 91X91
Matrix size: 62X62
Matrix size: 132X132
Matrix size: 146X146
Matrix size: 191X191
Matrix size: 151X151
Matrix size: 2X2
Matrix size: 2X2
Matrix size: 51X51
Matrix size: 52X52
Matrix size: 89X89
Matrix size: 51X51
Matrix size: 26X26
Matrix size: 25X25
Matrix size: 46X46
Matrix size: 39X39
Matrix size: 49X49
Matrix size: 68X68
Matrix size: 81X81
Matrix size: 68X68
Matrix size: 121X121
Matrix size: 149X149
Matrix size: 179X179
Matrix size: 149X149
Matrix size: 8X8
Matrix size: 9X9
Matrix size: 17X17
Matrix size: 17X17
Matrix size: 3X3
Matrix size: 5X5
Matrix size: 7X7
Matrix size: 7X7
Matrix size: 69X69
Matrix size: 62X62
Matrix size: 68X68
Matrix size: 81X81
Matrix size: 56X56
Matrix size: 59X59
Matrix size: 87X87
Matrix size: 73X73
Matrix size: 148X148
Matrix size: 168X168
Matrix size: 226X226
Matrix size: 181X181
Matrix size: 46X46
Matrix size: 61X61
Matrix size: 56X56
Matrix size: 60X60
Matrix size: 1X1
Matrix size: 8X8
Matrix size: 7X7
Matrix size: 16X16
Matrix size: 9X9
Matrix size: 129X129
Matrix size: 138X138
Matrix size: 155X155
Matrix size: 115X115
Matrix size: 6X6
Matrix size: 7X7
Matrix size: 7X7
Matrix size: 8X8
Matrix size: 1X1
Matrix size: 1X1
Matrix size: 1X1
Matrix size: 1X1
Matrix size: 1X1
Matrix size: 1X1
Matrix size: 2X2
Matrix size: 3X3
Matrix size: 3X3
Matrix size: 3X3
Matrix size: 3X3
Matrix size: 2X2
Matrix size: 2X2
Matrix size: 2X2
Matrix size: 2X2
Matrix size: 1X1
Matrix size: 1X1
Matrix size: 1X1
Matrix size: 1X1
Matrix size: 4X4
Matrix size: 7X7
Matrix size: 7X7
Matrix size: 6X6
Matrix size: 1X1
Matrix size: 1X1
Matrix size: 3X3
Matrix size: 3X3
Matrix size: 3X3
Matrix size: 3X3
Matrix size: 3X3
Matrix size: 3X3
Matrix size: 4X4
Matrix size: 4X4
Matrix size: 3X3
Matrix size: 5X5
Matrix size: 3X3
Matrix size: 7X7
Matrix size: 3X3
Matrix size: 5X5
Matrix size: 2X2
Matrix size: 2X2
Matrix size: 2X2
Matrix size: 2X2
Matrix size: 4X4
Matrix size: 3X3
Matrix size: 3X3
Matrix size: 3X3
Matrix size: 3X3
Matrix size: 3X3
Matrix size: 2X2
Matrix size: 2X2
Matrix size: 4X4
Matrix size: 2X2
Matrix size: 12X12
Matrix size: 12X12
Matrix size: 11X11
Matrix size: 11X11
Matrix size: 2X2
Matrix size: 2X2
Matrix size: 2X2
Matrix size: 2X2
Matrix size: 1X1
Matrix size: 1X1
Matrix size: 1X1
Matrix size: 1X1
Matrix size: 4X4
Matrix size: 4X4
Matrix size: 3X3
Matrix size: 3X3
Matrix size: 4X4
Matrix size: 2X2
Matrix size: 3X3
Matrix size: 2X2
Matrix size: 2X2
Matrix size: 2X2
Matrix size: 3X3
Matrix size: 3X3
Matrix size: 2X2
Matrix size: 2X2
Matrix size: 2X2
Matrix size: 2X2
Matrix size: 2X2
Matrix size: 3X3
Matrix size: 2X2
Matrix size: 5X5
Matrix size: 2X2
Matrix size: 6X6
Matrix size: 4X4
Matrix size: 2X2
Matrix size: 10X10
Matrix size: 7X7
Matrix size: 8X8
Matrix size: 16X16
Matrix size: 4X4
Matrix size: 10X10
Matrix size: 8X8
Matrix size: 9X9
Matrix size: 1X1
Matrix size: 3X3
Matrix size: 2X2
Matrix size: 2X2
Matrix size: 1X1
Matrix size: 1X1
Matrix size: 1X1
Matrix size: 8X8
Matrix size: 2X2
Matrix size: 1X1
Matrix size: 3X3
Matrix size: 5X5
Matrix size: 4X4
Matrix size: 9X9
Matrix size: 15X15
Matrix size: 5X5
Matrix size: 3X3
Matrix size: 3X3
Matrix size: 1X1
Matrix size: 2X2
Matrix size: 1X1
Matrix size: 1X1
Matrix size: 2X2
Matrix size: 1X1
Matrix size: 3X3
Matrix size: 3X3
Matrix size: 2X2
Matrix size: 3X3
Matrix size: 8X8
Matrix size: 10X10
Matrix size: 9X9
Matrix size: 9X9
Matrix size: 5X5
Matrix size: 5X5
Matrix size: 4X4
Matrix size: 2X2
Matrix size: 2X2
Matrix size: 1X1
Matrix size: 6X6
Matrix size: 1X1
Matrix size: 6X6
Matrix size: 5X5
Matrix size: 15X15
Matrix size: 12X12
Matrix size: 4X4
Matrix size: 4X4
Matrix size: 2X2
Matrix size: 6X6
Matrix size: 1X1
Matrix size: 1X1
Matrix size: 1X1
Matrix size: 1X1
Matrix size: 1X1
Matrix size: 6X6
Matrix size: 9X9
Matrix size: 11X11
Matrix size: 9X9
Matrix size: 1X1
Matrix size: 1X1
Matrix size: 1X1
Matrix size: 1X1
==================================================
Runtime: 1952398
Precision: 0.8971012
Recall: 0.87148
F1: 0.884105
Protocol finished successfully
==================================================
Time taken: 2287264ms


BUILD SUCCESSFUL in 38m 10s
2 actionable tasks: 2 executed
