> Task :compileJava UP-TO-DATE
> Task :processResources NO-SOURCE
> Task :classes UP-TO-DATE

> Task :run
Metric Space Protocol running...
Retrieving records from the databases...
Adding records to parties...
Encoding party records...
Metric space protocol...
Matrix size: 13713X13713
Matrix size: 11214X11214
Matrix size: 10925X10925
Matrix size: 12015X12015
==================================================
Runtime: 15470187
Precision: 0.9953596
Recall: 0.13728
F1: 0.24128233
Protocol finished successfully
==================================================
Time taken: 15516503ms


BUILD SUCCESSFUL in 4h 18m 37s
2 actionable tasks: 1 executed, 1 up-to-date
