Starting a Gradle Daemon, 2 busy Daemons could not be reused, use --status for details
> Task :compileJava
> Task :processResources NO-SOURCE
> Task :classes

> Task :run
Metric Space Protocol running...
Retrieving records from the databases...
Adding records to parties...
Encoding party records...
Metric space protocol...
Matrix size: 13713X13713
Matrix size: 11214X11214
Matrix size: 10925X10925
Matrix size: 12015X12015
==================================================
Runtime: 15924402
Precision: 0.9953596
Recall: 0.13728
F1: 0.24128233
Protocol finished successfully
==================================================
Time taken: 15970053ms


BUILD SUCCESSFUL in 4h 26m 13s
2 actionable tasks: 2 executed
