Starting a Gradle Daemon, 2 busy Daemons could not be reused, use --status for details
> Task :compileJava UP-TO-DATE
> Task :processResources NO-SOURCE
> Task :classes UP-TO-DATE

> Task :run
Metric Space Protocol running...
Retrieving records from the databases...
Adding records to parties...
Encoding party records...
Metric space protocol...
Matrix size: 26115X26115
Matrix size: 21910X21910
Matrix size: 21410X21410
Matrix size: 22340X22340
==================================================
Runtime: 47087798
Precision: 0.9936849
Recall: 0.12588
F1: 0.22345299
Protocol finished successfully
==================================================
Time taken: 47164432ms


BUILD SUCCESSFUL in 13h 6m 7s
2 actionable tasks: 1 executed, 1 up-to-date
