> Task :compileJava
> Task :processResources NO-SOURCE
> Task :classes

> Task :run
Metric Space Protocol running...
Retrieving records from the databases...
Adding records to parties...
Encoding party records...
Metric space protocol...
Matrix size: 26115X26115
Matrix size: 21910X21910
Matrix size: 21410X21410
Matrix size: 22340X22340
==================================================
Runtime: 47888696
Precision: 0.9936849
Recall: 0.12588
F1: 0.22345299
Protocol finished successfully
==================================================
Time taken: 47965136ms


BUILD SUCCESSFUL in 13h 19m 25s
2 actionable tasks: 2 executed
