> Task :compileJava UP-TO-DATE
> Task :processResources NO-SOURCE
> Task :classes UP-TO-DATE

> Task :run
Soundex Based Protocol running...
Retrieving records from the databases...
Adding records to parties...
Encoding party records with soundex...
Generating noise data...
Truncate data...
Generating hashes...
Soundex based protocol...
==================================================
Runtime: 269
Precision: 0.616622
Recall: 0.046
F1: 0.08561325
Protocol finished successfully
==================================================
Time taken: 5021ms


BUILD SUCCESSFUL in 5s
2 actionable tasks: 1 executed, 1 up-to-date
