> Task :compileJava UP-TO-DATE
> Task :processResources NO-SOURCE
> Task :classes UP-TO-DATE

> Task :run
Soundex Based Protocol running...
Retrieving records from the databases...
Adding records to parties...
Encoding party records with soundex...
Generating noise data...
Truncate data...
Generating hashes...
Soundex based protocol...
==================================================
Runtime: 443
Precision: 0.4859097
Recall: 0.03552
F1: 0.066200726
Protocol finished successfully
==================================================
Time taken: 7828ms


BUILD SUCCESSFUL in 8s
2 actionable tasks: 1 executed, 1 up-to-date
