> Task :compileJava UP-TO-DATE
> Task :processResources NO-SOURCE
> Task :classes UP-TO-DATE

> Task :run
Soundex Based Protocol running...
Retrieving records from the databases...
Adding records to parties...
Encoding party records with soundex...
Generating noise data...
Truncate data...
Generating hashes...
Soundex based protocol...
==================================================
Runtime: 369
Precision: 0.48492324
Recall: 0.03538
F1: 0.065948404
Protocol finished successfully
==================================================
Time taken: 7715ms


BUILD SUCCESSFUL in 8s
2 actionable tasks: 1 executed, 1 up-to-date
