> Task :compileJava
> Task :processResources NO-SOURCE
> Task :classes

> Task :run
Soundex Based Protocol running...
Retrieving records from the databases...
Adding records to parties...
Encoding party records with soundex...
Generating noise data...
Truncate data...
Generating hashes...
Soundex based protocol...
==================================================
Runtime: 260
Precision: 0.61579794
Recall: 0.04584
F1: 0.08532817
Protocol finished successfully
==================================================
Time taken: 5057ms


BUILD SUCCESSFUL in 5s
2 actionable tasks: 2 executed
