> Task :compileJava
> Task :processResources NO-SOURCE
> Task :classes

> Task :run
Soundex Based Protocol running...
Retrieving records from the databases...
Adding records to parties...
Encoding party records with soundex...
Generating noise data...
Truncate data...
Generating hashes...
Soundex based protocol...
==================================================
Runtime: 155
Precision: 0.19213584
Recall: 0.1548
F1: 0.17145896
Protocol finished successfully
==================================================
Time taken: 3559ms


BUILD SUCCESSFUL in 4s
2 actionable tasks: 2 executed
