> Task :compileJava UP-TO-DATE
> Task :processResources NO-SOURCE
> Task :classes UP-TO-DATE

> Task :run
Soundex Based Protocol running...
Retrieving records from the databases...
Adding records to parties...
Encoding party records with soundex...
Generating noise data...
Truncate data...
Generating hashes...
Soundex based protocol...
==================================================
Runtime: 217
Precision: 0.1808936
Recall: 0.14478
F1: 0.1608345
Protocol finished successfully
==================================================
Time taken: 4990ms


BUILD SUCCESSFUL in 5s
2 actionable tasks: 1 executed, 1 up-to-date
