
> Task :compileJava FAILED
1 actionable task: 1 executed
> Task :compileJava
> Task :processResources NO-SOURCE
> Task :classes

> Task :run
Early Mapping Clustering Protocol running...
Retrieving records from the databases...
Adding records to parties...
Encoding party records...
Grouping party records...
Early mapping clustering protocol...
Number of blocks: 267
Number of blocks: 267
Matrix size: 119X119
Matrix size: 105X105
Matrix size: 116X116
Matrix size: 107X107
Matrix size: 4X4
Matrix size: 1X1
Matrix size: 6922X6922
Matrix size: 6827X6827
Matrix size: 6810X6810
Matrix size: 6860X6860
Matrix size: 2X2
Matrix size: 2X2
Matrix size: 2822X2822
Matrix size: 2774X2774
Matrix size: 2783X2783
Matrix size: 2777X2777
Matrix size: 23X23
Matrix size: 70X70
Matrix size: 65X65
Matrix size: 12X12
Matrix size: 1642X1642
Matrix size: 1626X1626
Matrix size: 1610X1610
Matrix size: 1613X1613
Matrix size: 33X33
Matrix size: 1X1
Matrix size: 1X1
Matrix size: 1X1
Matrix size: 1X1
Matrix size: 4895X4895
Matrix size: 4848X4848
Matrix size: 4833X4833
Matrix size: 4852X4852
Matrix size: 57X57
Matrix size: 82X82
Matrix size: 36X36
Matrix size: 8X8
Matrix size: 2014X2014
Matrix size: 1997X1997
Matrix size: 1998X1998
Matrix size: 1995X1995
Matrix size: 37X37
Matrix size: 1X1
Matrix size: 1X1
Matrix size: 1X1
Matrix size: 1X1
Matrix size: 1986X1986
Matrix size: 1951X1951
Matrix size: 1927X1927
Matrix size: 1951X1951
Matrix size: 21X21
Matrix size: 1X1
Matrix size: 1X1
Matrix size: 1X1
Matrix size: 1X1
Matrix size: 38X38
Matrix size: 11X11
Matrix size: 1X1
Matrix size: 2227X2227
Matrix size: 2191X2191
Matrix size: 2183X2183
Matrix size: 2199X2199
Matrix size: 14X14
Matrix size: 108X108
Matrix size: 233X233
Matrix size: 231X231
Matrix size: 224X224
Matrix size: 228X228
Matrix size: 2X2
Matrix size: 4X4
Matrix size: 1495X1495
Matrix size: 1475X1475
Matrix size: 1479X1479
Matrix size: 1491X1491
Matrix size: 16X16
Matrix size: 34X34
Matrix size: 997X997
Matrix size: 974X974
Matrix size: 978X978
Matrix size: 985X985
Matrix size: 13X13
Matrix size: 20X20
Matrix size: 15X15
Matrix size: 8X8
Matrix size: 1352X1352
Matrix size: 1338X1338
Matrix size: 1352X1352
Matrix size: 1355X1355
Matrix size: 19X19
Matrix size: 29X29
Matrix size: 16X16
Matrix size: 797X797
Matrix size: 780X780
Matrix size: 785X785
Matrix size: 787X787
Matrix size: 15X15
Matrix size: 16X16
Matrix size: 11X11
Matrix size: 2X2
Matrix size: 1X1
Matrix size: 1X1
Matrix size: 1X1
Matrix size: 1X1
Matrix size: 1578X1578
Matrix size: 1569X1569
Matrix size: 1551X1551
Matrix size: 1581X1581
Matrix size: 28X28
Matrix size: 41X41
Matrix size: 27X27
Matrix size: 276X276
Matrix size: 258X258
Matrix size: 249X249
Matrix size: 263X263
Matrix size: 22X22
Matrix size: 21X21
Matrix size: 7X7
Matrix size: 2193X2193
Matrix size: 2181X2181
Matrix size: 2170X2170
Matrix size: 2181X2181
Matrix size: 26X26
Matrix size: 40X40
Matrix size: 12X12
Matrix size: 1255X1255
Matrix size: 1221X1221
Matrix size: 1227X1227
Matrix size: 1214X1214
Matrix size: 13X13
Matrix size: 30X30
Matrix size: 8X8
Matrix size: 864X864
Matrix size: 855X855
Matrix size: 857X857
Matrix size: 857X857
Matrix size: 1X1
Matrix size: 12X12
Matrix size: 1X1
Matrix size: 5X5
Matrix size: 500X500
Matrix size: 483X483
Matrix size: 491X491
Matrix size: 484X484
Matrix size: 2X2
Matrix size: 8X8
Matrix size: 5X5
Matrix size: 3415X3415
Matrix size: 3369X3369
Matrix size: 3344X3344
Matrix size: 3399X3399
Matrix size: 56X56
Matrix size: 112X112
Matrix size: 190X190
Matrix size: 13X13
Matrix size: 2310X2310
Matrix size: 2265X2265
Matrix size: 2260X2260
Matrix size: 2283X2283
Matrix size: 13X13
Matrix size: 39X39
Matrix size: 12X12
Matrix size: 10X10
Matrix size: 1346X1346
Matrix size: 1332X1332
Matrix size: 1315X1315
Matrix size: 1325X1325
Matrix size: 14X14
Matrix size: 33X33
Matrix size: 45X45
Matrix size: 5X5
Matrix size: 6539X6539
Matrix size: 6463X6463
Matrix size: 6451X6451
Matrix size: 6475X6475
Matrix size: 63X63
Matrix size: 88X88
Matrix size: 121X121
Matrix size: 36X36
Matrix size: 1638X1638
Matrix size: 1623X1623
Matrix size: 1622X1622
Matrix size: 1620X1620
Matrix size: 15X15
Matrix size: 34X34
Matrix size: 6X6
Matrix size: 8X8
Matrix size: 1X1
Matrix size: 1X1
Matrix size: 1X1
Matrix size: 621X621
Matrix size: 614X614
Matrix size: 617X617
Matrix size: 614X614
Matrix size: 4X4
Matrix size: 3X3
Matrix size: 9X9
Matrix size: 2X2
Matrix size: 1X1
Matrix size: 1X1
Matrix size: 1X1
Matrix size: 1X1
Matrix size: 2001X2001
Matrix size: 1970X1970
Matrix size: 1960X1960
Matrix size: 1945X1945
Matrix size: 23X23
Matrix size: 28X28
Matrix size: 36X36
Matrix size: 10X10
==================================================
Runtime: 34709527
Precision: 0.99705154
Recall: 0.91304
F1: 0.95319825
Protocol finished successfully
==================================================
Time taken: 36153251ms


BUILD SUCCESSFUL in 10h 2m 33s
2 actionable tasks: 2 executed
